#
# There is insufficient memory for the Java Runtime Environment to continue.
# Native memory allocation (malloc) failed to allocate 299728 bytes for Chunk::new
# Possible reasons:
#   The system is out of physical RAM or swap space
#   The process is running with CompressedOops enabled, and the Java Heap may be blocking the growth of the native heap
# Possible solutions:
#   Reduce memory load on the system
#   Increase physical memory or swap space
#   Check if swap backing store is full
#   Decrease Java heap size (-Xmx/-Xms)
#   Decrease number of Java threads
#   Decrease Java thread stack sizes (-Xss)
#   Set larger code cache with -XX:ReservedCodeCacheSize=
#   JVM is running with Unscaled Compressed Oops mode in which the Java heap is
#     placed in the first 4GB address space. The Java Heap base address is the
#     maximum limit for the native heap growth. Please use -XX:HeapBaseMinAddress
#     to set the Java Heap base and to place the Java Heap above 4GB virtual address.
# This output file may be truncated or incomplete.
#
#  Out of Memory Error (arena.cpp:184), pid=33352, tid=34764
#
# JRE version: Java(TM) SE Runtime Environment (20.0.2+9) (build 20.0.2+9-78)
# Java VM: Java HotSpot(TM) 64-Bit Server VM (20.0.2+9-78, mixed mode, sharing, tiered, compressed oops, compressed class ptrs, g1 gc, windows-amd64)
# No core dump will be written. Minidumps are not enabled by default on client versions of Windows
#

---------------  S U M M A R Y ------------

Command Line: --add-opens=java.base/java.lang=ALL-UNNAMED --add-opens=java.base/java.lang.invoke=ALL-UNNAMED --add-opens=java.base/java.util=ALL-UNNAMED --add-opens=java.prefs/java.util.prefs=ALL-UNNAMED --add-exports=jdk.compiler/com.sun.tools.javac.api=ALL-UNNAMED --add-exports=jdk.compiler/com.sun.tools.javac.util=ALL-UNNAMED --add-opens=java.base/java.util=ALL-UNNAMED --add-opens=java.prefs/java.util.prefs=ALL-UNNAMED --add-opens=java.base/java.nio.charset=ALL-UNNAMED --add-opens=java.base/java.net=ALL-UNNAMED --add-opens=java.base/java.util.concurrent.atomic=ALL-UNNAMED --add-opens=java.xml/javax.xml.namespace=ALL-UNNAMED -XX:MaxMetaspaceSize=384m -XX:+HeapDumpOnOutOfMemoryError -Xms256m -Xmx512m -Dfile.encoding=UTF-8 -Duser.country=ID -Duser.language=en -Duser.variant -javaagent:C:\Users\Ahmad Dzulfikar\.gradle\wrapper\dists\gradle-8.13-bin\5xuhj0ry160q40clulazy9h7d\gradle-8.13\lib\agents\gradle-instrumentation-agent-8.13.jar org.gradle.launcher.daemon.bootstrap.GradleDaemon 8.13

Host: 11th Gen Intel(R) Core(TM) i5-1135G7 @ 2.40GHz, 8 cores, 15G,  Windows 11 , 64 bit Build 22621 (10.0.22621.5262)
Time: Sun May 25 07:33:20 2025 SE Asia Standard Time elapsed time: 67.853077 seconds (0d 0h 1m 7s)

---------------  T H R E A D  ---------------

Current thread (0x000001ce50aa7050):  JavaThread "C2 CompilerThread1" daemon [_thread_in_native, id=34764, stack(0x0000001863f00000,0x0000001864000000)]


Current CompileTask:
C2:  67853 4222       4       java.util.regex.Pattern::compile (537 bytes)

Stack: [0x0000001863f00000,0x0000001864000000]
Native frames: (J=compiled Java code, j=interpreted, Vv=VM code, C=native code)
V  [jvm.dll+0x6bc25a]
V  [jvm.dll+0x84971a]
V  [jvm.dll+0x84b315]
V  [jvm.dll+0x84ba13]
V  [jvm.dll+0x280e4f]
V  [jvm.dll+0xc2ab1]
V  [jvm.dll+0xc2dd5]
V  [jvm.dll+0x141edf]
V  [jvm.dll+0x64d5a3]
V  [jvm.dll+0x64bb40]
V  [jvm.dll+0x24b3ae]
V  [jvm.dll+0x24a921]
V  [jvm.dll+0x1ce761]
V  [jvm.dll+0x25a0eb]
V  [jvm.dll+0x2587c0]
V  [jvm.dll+0x3f2dd5]
V  [jvm.dll+0x7f5c76]
V  [jvm.dll+0x6baecb]
C  [ucrtbase.dll+0x29333]
C  [KERNEL32.DLL+0x1259d]
C  [ntdll.dll+0x5af58]


---------------  P R O C E S S  ---------------

Threads class SMR info:
_java_thread_list=0x000001ce510e2230, length=32, elements={
0x000001ce180ba030, 0x000001ce34960980, 0x000001ce34961a10, 0x000001ce34962900,
0x000001ce349646e0, 0x000001ce34967120, 0x000001ce34967b50, 0x000001ce349688b0,
0x000001ce3496a670, 0x000001ce4d111360, 0x000001ce4d2aa9e0, 0x000001ce4df1e300,
0x000001ce4df1ddb0, 0x000001ce4df212d0, 0x000001ce4df202e0, 0x000001ce4df1e850,
0x000001ce4df20830, 0x000001ce4df1eda0, 0x000001ce4df20d80, 0x000001ce4df1f2f0,
0x000001ce4df1f840, 0x000001ce4eb7fd90, 0x000001ce4eb87270, 0x000001ce4eb857e0,
0x000001ce4eb867d0, 0x000001ce4eb84d40, 0x000001ce4eb85290, 0x000001ce4eb812d0,
0x000001ce4eb877c0, 0x000001ce4eb81820, 0x000001ce4eb83800, 0x000001ce50aa7050
}

Java Threads: ( => current thread )
  0x000001ce180ba030 JavaThread "main" [_thread_blocked, id=28832, stack(0x0000001860e00000,0x0000001860f00000)]
  0x000001ce34960980 JavaThread "Reference Handler" daemon [_thread_blocked, id=17232, stack(0x0000001861600000,0x0000001861700000)]
  0x000001ce34961a10 JavaThread "Finalizer" daemon [_thread_blocked, id=18724, stack(0x0000001861700000,0x0000001861800000)]
  0x000001ce34962900 JavaThread "Signal Dispatcher" daemon [_thread_blocked, id=29808, stack(0x0000001861800000,0x0000001861900000)]
  0x000001ce349646e0 JavaThread "Attach Listener" daemon [_thread_blocked, id=31300, stack(0x0000001861900000,0x0000001861a00000)]
  0x000001ce34967120 JavaThread "Service Thread" daemon [_thread_blocked, id=30656, stack(0x0000001861a00000,0x0000001861b00000)]
  0x000001ce34967b50 JavaThread "Monitor Deflation Thread" daemon [_thread_blocked, id=12268, stack(0x0000001861b00000,0x0000001861c00000)]
  0x000001ce349688b0 JavaThread "C2 CompilerThread0" daemon [_thread_in_native, id=31276, stack(0x0000001861c00000,0x0000001861d00000)]
  0x000001ce3496a670 JavaThread "C1 CompilerThread0" daemon [_thread_in_native, id=31272, stack(0x0000001861d00000,0x0000001861e00000)]
  0x000001ce4d111360 JavaThread "Common-Cleaner" daemon [_thread_blocked, id=27416, stack(0x0000001861e00000,0x0000001861f00000)]
  0x000001ce4d2aa9e0 JavaThread "Notification Thread" daemon [_thread_blocked, id=26344, stack(0x0000001861f00000,0x0000001862000000)]
  0x000001ce4df1e300 JavaThread "Daemon health stats" [_thread_blocked, id=32564, stack(0x0000001862600000,0x0000001862700000)]
  0x000001ce4df1ddb0 JavaThread "Incoming local TCP Connector on port 57392" [_thread_in_native, id=9480, stack(0x0000001862900000,0x0000001862a00000)]
  0x000001ce4df212d0 JavaThread "Daemon periodic checks" [_thread_blocked, id=33540, stack(0x0000001862a00000,0x0000001862b00000)]
  0x000001ce4df202e0 JavaThread "Daemon" [_thread_blocked, id=25988, stack(0x0000001862b00000,0x0000001862c00000)]
  0x000001ce4df1e850 JavaThread "Handler for socket connection from /127.0.0.1:57392 to /127.0.0.1:57393" [_thread_in_native, id=33748, stack(0x0000001862c00000,0x0000001862d00000)]
  0x000001ce4df20830 JavaThread "Cancel handler" [_thread_blocked, id=5052, stack(0x0000001862d00000,0x0000001862e00000)]
  0x000001ce4df1eda0 JavaThread "Daemon worker" [_thread_in_Java, id=33264, stack(0x0000001862e00000,0x0000001862f00000)]
  0x000001ce4df20d80 JavaThread "Asynchronous log dispatcher for DefaultDaemonConnection: socket connection from /127.0.0.1:57392 to /127.0.0.1:57393" [_thread_blocked, id=33632, stack(0x0000001862f00000,0x0000001863000000)]
  0x000001ce4df1f2f0 JavaThread "Stdin handler" [_thread_blocked, id=31444, stack(0x0000001863000000,0x0000001863100000)]
  0x000001ce4df1f840 JavaThread "Daemon client event forwarder" [_thread_blocked, id=24704, stack(0x0000001863100000,0x0000001863200000)]
  0x000001ce4eb7fd90 JavaThread "Cache worker for journal cache (C:\Users\Ahmad Dzulfikar\.gradle\caches\journal-1)" [_thread_blocked, id=7044, stack(0x0000001863200000,0x0000001863300000)]
  0x000001ce4eb87270 JavaThread "File lock request listener" [_thread_in_native, id=31008, stack(0x0000001863300000,0x0000001863400000)]
  0x000001ce4eb857e0 JavaThread "File lock release action executor" [_thread_blocked, id=9724, stack(0x0000001863400000,0x0000001863500000)]
  0x000001ce4eb867d0 JavaThread "Cache worker for file hash cache (C:\Users\Ahmad Dzulfikar\.gradle\caches\8.13\fileHashes)" [_thread_blocked, id=26920, stack(0x0000001863500000,0x0000001863600000)]
  0x000001ce4eb84d40 JavaThread "Cache worker for file hash cache (C:\Users\Ahmad Dzulfikar\IdeaProjects\pelanggan-service\.gradle\8.13\fileHashes)" [_thread_blocked, id=14300, stack(0x0000001863700000,0x0000001863800000)]
  0x000001ce4eb85290 JavaThread "Cache worker for Build Output Cleanup Cache (C:\Users\Ahmad Dzulfikar\IdeaProjects\pelanggan-service\.gradle\buildOutputCleanup)" [_thread_blocked, id=24128, stack(0x0000001863800000,0x0000001863900000)]
  0x000001ce4eb812d0 JavaThread "File watcher server" daemon [_thread_in_native, id=29524, stack(0x0000001863900000,0x0000001863a00000)]
  0x000001ce4eb877c0 JavaThread "File watcher consumer" daemon [_thread_blocked, id=24588, stack(0x0000001863a00000,0x0000001863b00000)]
  0x000001ce4eb81820 JavaThread "jar transforms" [_thread_blocked, id=34004, stack(0x0000001863b00000,0x0000001863c00000)]
  0x000001ce4eb83800 JavaThread "jar transforms Thread 2" [_thread_blocked, id=34400, stack(0x0000001863c00000,0x0000001863d00000)]
=>0x000001ce50aa7050 JavaThread "C2 CompilerThread1" daemon [_thread_in_native, id=34764, stack(0x0000001863f00000,0x0000001864000000)]

Other Threads:
  0x000001ce3493e5e0 VMThread "VM Thread" [stack: 0x0000001861500000,0x0000001861600000] [id=32232]
  0x000001ce180bb200 WatcherThread "VM Periodic Task Thread" [stack: 0x0000001862000000,0x0000001862100000] [id=20416]
  0x000001ce180ebf50 WorkerThread "GC Thread#0" [stack: 0x0000001861000000,0x0000001861100000] [id=23884]
  0x000001ce4d103fb0 WorkerThread "GC Thread#1" [stack: 0x0000001862100000,0x0000001862200000] [id=31332]
  0x000001ce4d104280 WorkerThread "GC Thread#2" [stack: 0x0000001862200000,0x0000001862300000] [id=19744]
  0x000001ce4d1daf60 WorkerThread "GC Thread#3" [stack: 0x0000001862300000,0x0000001862400000] [id=32360]
  0x000001ce4d352680 WorkerThread "GC Thread#4" [stack: 0x0000001862400000,0x0000001862500000] [id=24812]
  0x000001ce4d3515a0 WorkerThread "GC Thread#5" [stack: 0x0000001862500000,0x0000001862600000] [id=30692]
  0x000001ce4d352950 WorkerThread "GC Thread#6" [stack: 0x0000001862700000,0x0000001862800000] [id=27092]
  0x000001ce4e63c840 WorkerThread "GC Thread#7" [stack: 0x0000001862800000,0x0000001862900000] [id=21632]
  0x000001ce17e8e000 ConcurrentGCThread "G1 Main Marker" [stack: 0x0000001861100000,0x0000001861200000] [id=29072]
  0x000001ce17e8ebd0 WorkerThread "G1 Conc#0" [stack: 0x0000001861200000,0x0000001861300000] [id=4020]
  0x000001ce4e63cb10 WorkerThread "G1 Conc#1" [stack: 0x0000001863600000,0x0000001863700000] [id=26084]
  0x000001ce1816ec50 ConcurrentGCThread "G1 Refine#0" [stack: 0x0000001861300000,0x0000001861400000] [id=33724]
  0x000001ce347ffca0 ConcurrentGCThread "G1 Service" [stack: 0x0000001861400000,0x0000001861500000] [id=27296]

Threads with active compile tasks:
C2 CompilerThread0    67875 4230       4       jdk.internal.jimage.ImageLocation::getFullName (109 bytes)
C2 CompilerThread1    67875 4222       4       java.util.regex.Pattern::compile (537 bytes)

VM state: not at safepoint (normal execution)

VM Mutex/Monitor currently owned by a thread: None

Heap address: 0x00000000e0000000, size: 512 MB, Compressed Oops mode: 32-bit

CDS archive(s) mapped at: [0x000001ce34c00000-0x000001ce35860000-0x000001ce35860000), size 12976128, SharedBaseAddress: 0x000001ce34c00000, ArchiveRelocationMode: 1.
Compressed class space mapped at: 0x000001ce35c00000-0x000001ce49000000, reserved size: 322961408
Narrow klass base: 0x000001ce34c00000, Narrow klass shift: 0, Narrow klass range: 0x100000000

GC Precious Log:
 CardTable entry size: 512
 Card Set container configuration: InlinePtr #cards 5 size 8 Array Of Cards #cards 12 size 40 Howl #buckets 4 coarsen threshold 1843 Howl Bitmap #cards 512 size 80 coarsen threshold 460 Card regions per heap region 1 cards per card region 2048
 CPUs: 8 total, 8 available
 Memory: 16179M
 Large Page Support: Disabled
 NUMA Support: Disabled
 Compressed Oops: Enabled (32-bit)
 Heap Region Size: 1M
 Heap Min Capacity: 256M
 Heap Initial Capacity: 256M
 Heap Max Capacity: 512M
 Pre-touch: Disabled
 Parallel Workers: 8
 Concurrent Workers: 2
 Concurrent Refinement Workers: 8
 Periodic GC: Disabled

Heap:
 garbage-first heap   total 262144K, used 110173K [0x00000000e0000000, 0x0000000100000000)
  region size 1024K, 99 young (101376K), 13 survivors (13312K)
 Metaspace       used 32693K, committed 33728K, reserved 380928K
  class space    used 4611K, committed 5120K, reserved 315392K

Heap Regions: E=young(eden), S=young(survivor), O=old, HS=humongous(starts), HC=humongous(continues), CS=collection set, F=free, OA=open archive, CA=closed archive, TAMS=top-at-mark-start, PB=parsable bottom
|   0|0x00000000e0000000, 0x00000000e0100000, 0x00000000e0100000|100%|HS|  |TAMS 0x00000000e0000000| PB 0x00000000e0000000| Complete 
|   1|0x00000000e0100000, 0x00000000e0200000, 0x00000000e0200000|100%|HC|  |TAMS 0x00000000e0100000| PB 0x00000000e0100000| Complete 
|   2|0x00000000e0200000, 0x00000000e0300000, 0x00000000e0300000|100%|HC|  |TAMS 0x00000000e0200000| PB 0x00000000e0200000| Complete 
|   3|0x00000000e0300000, 0x00000000e0400000, 0x00000000e0400000|100%| O|  |TAMS 0x00000000e0300000| PB 0x00000000e0300000| Untracked 
|   4|0x00000000e0400000, 0x00000000e0500000, 0x00000000e0500000|100%| O|  |TAMS 0x00000000e0400000| PB 0x00000000e0400000| Untracked 
|   5|0x00000000e0500000, 0x00000000e0600000, 0x00000000e0600000|100%| O|  |TAMS 0x00000000e0500000| PB 0x00000000e0500000| Untracked 
|   6|0x00000000e0600000, 0x00000000e0700000, 0x00000000e0700000|100%|HS|  |TAMS 0x00000000e0600000| PB 0x00000000e0600000| Complete 
|   7|0x00000000e0700000, 0x00000000e0700000, 0x00000000e0800000|  0%| F|  |TAMS 0x00000000e0700000| PB 0x00000000e0700000| Untracked 
|   8|0x00000000e0800000, 0x00000000e0900000, 0x00000000e0900000|100%| O|  |TAMS 0x00000000e0800000| PB 0x00000000e0800000| Untracked 
|   9|0x00000000e0900000, 0x00000000e0a00000, 0x00000000e0a00000|100%| O|  |TAMS 0x00000000e0900000| PB 0x00000000e0900000| Untracked 
|  10|0x00000000e0a00000, 0x00000000e0b00000, 0x00000000e0b00000|100%| O|  |TAMS 0x00000000e0a00000| PB 0x00000000e0a00000| Untracked 
|  11|0x00000000e0b00000, 0x00000000e0c00000, 0x00000000e0c00000|100%| O|  |TAMS 0x00000000e0b00000| PB 0x00000000e0b00000| Untracked 
|  12|0x00000000e0c00000, 0x00000000e0c68000, 0x00000000e0d00000| 40%| O|  |TAMS 0x00000000e0c00000| PB 0x00000000e0c00000| Untracked 
|  13|0x00000000e0d00000, 0x00000000e0d00000, 0x00000000e0e00000|  0%| F|  |TAMS 0x00000000e0d00000| PB 0x00000000e0d00000| Untracked 
|  14|0x00000000e0e00000, 0x00000000e0e00000, 0x00000000e0f00000|  0%| F|  |TAMS 0x00000000e0e00000| PB 0x00000000e0e00000| Untracked 
|  15|0x00000000e0f00000, 0x00000000e0f00000, 0x00000000e1000000|  0%| F|  |TAMS 0x00000000e0f00000| PB 0x00000000e0f00000| Untracked 
|  16|0x00000000e1000000, 0x00000000e1000000, 0x00000000e1100000|  0%| F|  |TAMS 0x00000000e1000000| PB 0x00000000e1000000| Untracked 
|  17|0x00000000e1100000, 0x00000000e1100000, 0x00000000e1200000|  0%| F|  |TAMS 0x00000000e1100000| PB 0x00000000e1100000| Untracked 
|  18|0x00000000e1200000, 0x00000000e1200000, 0x00000000e1300000|  0%| F|  |TAMS 0x00000000e1200000| PB 0x00000000e1200000| Untracked 
|  19|0x00000000e1300000, 0x00000000e1300000, 0x00000000e1400000|  0%| F|  |TAMS 0x00000000e1300000| PB 0x00000000e1300000| Untracked 
|  20|0x00000000e1400000, 0x00000000e1400000, 0x00000000e1500000|  0%| F|  |TAMS 0x00000000e1400000| PB 0x00000000e1400000| Untracked 
|  21|0x00000000e1500000, 0x00000000e1500000, 0x00000000e1600000|  0%| F|  |TAMS 0x00000000e1500000| PB 0x00000000e1500000| Untracked 
|  22|0x00000000e1600000, 0x00000000e1600000, 0x00000000e1700000|  0%| F|  |TAMS 0x00000000e1600000| PB 0x00000000e1600000| Untracked 
|  23|0x00000000e1700000, 0x00000000e1700000, 0x00000000e1800000|  0%| F|  |TAMS 0x00000000e1700000| PB 0x00000000e1700000| Untracked 
|  24|0x00000000e1800000, 0x00000000e1800000, 0x00000000e1900000|  0%| F|  |TAMS 0x00000000e1800000| PB 0x00000000e1800000| Untracked 
|  25|0x00000000e1900000, 0x00000000e1900000, 0x00000000e1a00000|  0%| F|  |TAMS 0x00000000e1900000| PB 0x00000000e1900000| Untracked 
|  26|0x00000000e1a00000, 0x00000000e1a00000, 0x00000000e1b00000|  0%| F|  |TAMS 0x00000000e1a00000| PB 0x00000000e1a00000| Untracked 
|  27|0x00000000e1b00000, 0x00000000e1b00000, 0x00000000e1c00000|  0%| F|  |TAMS 0x00000000e1b00000| PB 0x00000000e1b00000| Untracked 
|  28|0x00000000e1c00000, 0x00000000e1c00000, 0x00000000e1d00000|  0%| F|  |TAMS 0x00000000e1c00000| PB 0x00000000e1c00000| Untracked 
|  29|0x00000000e1d00000, 0x00000000e1d00000, 0x00000000e1e00000|  0%| F|  |TAMS 0x00000000e1d00000| PB 0x00000000e1d00000| Untracked 
|  30|0x00000000e1e00000, 0x00000000e1e00000, 0x00000000e1f00000|  0%| F|  |TAMS 0x00000000e1e00000| PB 0x00000000e1e00000| Untracked 
|  31|0x00000000e1f00000, 0x00000000e1f00000, 0x00000000e2000000|  0%| F|  |TAMS 0x00000000e1f00000| PB 0x00000000e1f00000| Untracked 
|  32|0x00000000e2000000, 0x00000000e2000000, 0x00000000e2100000|  0%| F|  |TAMS 0x00000000e2000000| PB 0x00000000e2000000| Untracked 
|  33|0x00000000e2100000, 0x00000000e2100000, 0x00000000e2200000|  0%| F|  |TAMS 0x00000000e2100000| PB 0x00000000e2100000| Untracked 
|  34|0x00000000e2200000, 0x00000000e2200000, 0x00000000e2300000|  0%| F|  |TAMS 0x00000000e2200000| PB 0x00000000e2200000| Untracked 
|  35|0x00000000e2300000, 0x00000000e2300000, 0x00000000e2400000|  0%| F|  |TAMS 0x00000000e2300000| PB 0x00000000e2300000| Untracked 
|  36|0x00000000e2400000, 0x00000000e2400000, 0x00000000e2500000|  0%| F|  |TAMS 0x00000000e2400000| PB 0x00000000e2400000| Untracked 
|  37|0x00000000e2500000, 0x00000000e2500000, 0x00000000e2600000|  0%| F|  |TAMS 0x00000000e2500000| PB 0x00000000e2500000| Untracked 
|  38|0x00000000e2600000, 0x00000000e2600000, 0x00000000e2700000|  0%| F|  |TAMS 0x00000000e2600000| PB 0x00000000e2600000| Untracked 
|  39|0x00000000e2700000, 0x00000000e2700000, 0x00000000e2800000|  0%| F|  |TAMS 0x00000000e2700000| PB 0x00000000e2700000| Untracked 
|  40|0x00000000e2800000, 0x00000000e2800000, 0x00000000e2900000|  0%| F|  |TAMS 0x00000000e2800000| PB 0x00000000e2800000| Untracked 
|  41|0x00000000e2900000, 0x00000000e2900000, 0x00000000e2a00000|  0%| F|  |TAMS 0x00000000e2900000| PB 0x00000000e2900000| Untracked 
|  42|0x00000000e2a00000, 0x00000000e2a00000, 0x00000000e2b00000|  0%| F|  |TAMS 0x00000000e2a00000| PB 0x00000000e2a00000| Untracked 
|  43|0x00000000e2b00000, 0x00000000e2b00000, 0x00000000e2c00000|  0%| F|  |TAMS 0x00000000e2b00000| PB 0x00000000e2b00000| Untracked 
|  44|0x00000000e2c00000, 0x00000000e2c00000, 0x00000000e2d00000|  0%| F|  |TAMS 0x00000000e2c00000| PB 0x00000000e2c00000| Untracked 
|  45|0x00000000e2d00000, 0x00000000e2d00000, 0x00000000e2e00000|  0%| F|  |TAMS 0x00000000e2d00000| PB 0x00000000e2d00000| Untracked 
|  46|0x00000000e2e00000, 0x00000000e2e00000, 0x00000000e2f00000|  0%| F|  |TAMS 0x00000000e2e00000| PB 0x00000000e2e00000| Untracked 
|  47|0x00000000e2f00000, 0x00000000e2f00000, 0x00000000e3000000|  0%| F|  |TAMS 0x00000000e2f00000| PB 0x00000000e2f00000| Untracked 
|  48|0x00000000e3000000, 0x00000000e3000000, 0x00000000e3100000|  0%| F|  |TAMS 0x00000000e3000000| PB 0x00000000e3000000| Untracked 
|  49|0x00000000e3100000, 0x00000000e3100000, 0x00000000e3200000|  0%| F|  |TAMS 0x00000000e3100000| PB 0x00000000e3100000| Untracked 
|  50|0x00000000e3200000, 0x00000000e3200000, 0x00000000e3300000|  0%| F|  |TAMS 0x00000000e3200000| PB 0x00000000e3200000| Untracked 
|  51|0x00000000e3300000, 0x00000000e3300000, 0x00000000e3400000|  0%| F|  |TAMS 0x00000000e3300000| PB 0x00000000e3300000| Untracked 
|  52|0x00000000e3400000, 0x00000000e3400000, 0x00000000e3500000|  0%| F|  |TAMS 0x00000000e3400000| PB 0x00000000e3400000| Untracked 
|  53|0x00000000e3500000, 0x00000000e3500000, 0x00000000e3600000|  0%| F|  |TAMS 0x00000000e3500000| PB 0x00000000e3500000| Untracked 
|  54|0x00000000e3600000, 0x00000000e3600000, 0x00000000e3700000|  0%| F|  |TAMS 0x00000000e3600000| PB 0x00000000e3600000| Untracked 
|  55|0x00000000e3700000, 0x00000000e3700000, 0x00000000e3800000|  0%| F|  |TAMS 0x00000000e3700000| PB 0x00000000e3700000| Untracked 
|  56|0x00000000e3800000, 0x00000000e3800000, 0x00000000e3900000|  0%| F|  |TAMS 0x00000000e3800000| PB 0x00000000e3800000| Untracked 
|  57|0x00000000e3900000, 0x00000000e3900000, 0x00000000e3a00000|  0%| F|  |TAMS 0x00000000e3900000| PB 0x00000000e3900000| Untracked 
|  58|0x00000000e3a00000, 0x00000000e3a00000, 0x00000000e3b00000|  0%| F|  |TAMS 0x00000000e3a00000| PB 0x00000000e3a00000| Untracked 
|  59|0x00000000e3b00000, 0x00000000e3b00000, 0x00000000e3c00000|  0%| F|  |TAMS 0x00000000e3b00000| PB 0x00000000e3b00000| Untracked 
|  60|0x00000000e3c00000, 0x00000000e3c00000, 0x00000000e3d00000|  0%| F|  |TAMS 0x00000000e3c00000| PB 0x00000000e3c00000| Untracked 
|  61|0x00000000e3d00000, 0x00000000e3d00000, 0x00000000e3e00000|  0%| F|  |TAMS 0x00000000e3d00000| PB 0x00000000e3d00000| Untracked 
|  62|0x00000000e3e00000, 0x00000000e3e00000, 0x00000000e3f00000|  0%| F|  |TAMS 0x00000000e3e00000| PB 0x00000000e3e00000| Untracked 
|  63|0x00000000e3f00000, 0x00000000e3f00000, 0x00000000e4000000|  0%| F|  |TAMS 0x00000000e3f00000| PB 0x00000000e3f00000| Untracked 
|  64|0x00000000e4000000, 0x00000000e4000000, 0x00000000e4100000|  0%| F|  |TAMS 0x00000000e4000000| PB 0x00000000e4000000| Untracked 
|  65|0x00000000e4100000, 0x00000000e4100000, 0x00000000e4200000|  0%| F|  |TAMS 0x00000000e4100000| PB 0x00000000e4100000| Untracked 
|  66|0x00000000e4200000, 0x00000000e4200000, 0x00000000e4300000|  0%| F|  |TAMS 0x00000000e4200000| PB 0x00000000e4200000| Untracked 
|  67|0x00000000e4300000, 0x00000000e4300000, 0x00000000e4400000|  0%| F|  |TAMS 0x00000000e4300000| PB 0x00000000e4300000| Untracked 
|  68|0x00000000e4400000, 0x00000000e4400000, 0x00000000e4500000|  0%| F|  |TAMS 0x00000000e4400000| PB 0x00000000e4400000| Untracked 
|  69|0x00000000e4500000, 0x00000000e4500000, 0x00000000e4600000|  0%| F|  |TAMS 0x00000000e4500000| PB 0x00000000e4500000| Untracked 
|  70|0x00000000e4600000, 0x00000000e4600000, 0x00000000e4700000|  0%| F|  |TAMS 0x00000000e4600000| PB 0x00000000e4600000| Untracked 
|  71|0x00000000e4700000, 0x00000000e4700000, 0x00000000e4800000|  0%| F|  |TAMS 0x00000000e4700000| PB 0x00000000e4700000| Untracked 
|  72|0x00000000e4800000, 0x00000000e4800000, 0x00000000e4900000|  0%| F|  |TAMS 0x00000000e4800000| PB 0x00000000e4800000| Untracked 
|  73|0x00000000e4900000, 0x00000000e4900000, 0x00000000e4a00000|  0%| F|  |TAMS 0x00000000e4900000| PB 0x00000000e4900000| Untracked 
|  74|0x00000000e4a00000, 0x00000000e4a00000, 0x00000000e4b00000|  0%| F|  |TAMS 0x00000000e4a00000| PB 0x00000000e4a00000| Untracked 
|  75|0x00000000e4b00000, 0x00000000e4b00000, 0x00000000e4c00000|  0%| F|  |TAMS 0x00000000e4b00000| PB 0x00000000e4b00000| Untracked 
|  76|0x00000000e4c00000, 0x00000000e4c00000, 0x00000000e4d00000|  0%| F|  |TAMS 0x00000000e4c00000| PB 0x00000000e4c00000| Untracked 
|  77|0x00000000e4d00000, 0x00000000e4d00000, 0x00000000e4e00000|  0%| F|  |TAMS 0x00000000e4d00000| PB 0x00000000e4d00000| Untracked 
|  78|0x00000000e4e00000, 0x00000000e4e00000, 0x00000000e4f00000|  0%| F|  |TAMS 0x00000000e4e00000| PB 0x00000000e4e00000| Untracked 
|  79|0x00000000e4f00000, 0x00000000e4f00000, 0x00000000e5000000|  0%| F|  |TAMS 0x00000000e4f00000| PB 0x00000000e4f00000| Untracked 
|  80|0x00000000e5000000, 0x00000000e5000000, 0x00000000e5100000|  0%| F|  |TAMS 0x00000000e5000000| PB 0x00000000e5000000| Untracked 
|  81|0x00000000e5100000, 0x00000000e5100000, 0x00000000e5200000|  0%| F|  |TAMS 0x00000000e5100000| PB 0x00000000e5100000| Untracked 
|  82|0x00000000e5200000, 0x00000000e5200000, 0x00000000e5300000|  0%| F|  |TAMS 0x00000000e5200000| PB 0x00000000e5200000| Untracked 
|  83|0x00000000e5300000, 0x00000000e5300000, 0x00000000e5400000|  0%| F|  |TAMS 0x00000000e5300000| PB 0x00000000e5300000| Untracked 
|  84|0x00000000e5400000, 0x00000000e5400000, 0x00000000e5500000|  0%| F|  |TAMS 0x00000000e5400000| PB 0x00000000e5400000| Untracked 
|  85|0x00000000e5500000, 0x00000000e5500000, 0x00000000e5600000|  0%| F|  |TAMS 0x00000000e5500000| PB 0x00000000e5500000| Untracked 
|  86|0x00000000e5600000, 0x00000000e5600000, 0x00000000e5700000|  0%| F|  |TAMS 0x00000000e5600000| PB 0x00000000e5600000| Untracked 
|  87|0x00000000e5700000, 0x00000000e5700000, 0x00000000e5800000|  0%| F|  |TAMS 0x00000000e5700000| PB 0x00000000e5700000| Untracked 
|  88|0x00000000e5800000, 0x00000000e5800000, 0x00000000e5900000|  0%| F|  |TAMS 0x00000000e5800000| PB 0x00000000e5800000| Untracked 
|  89|0x00000000e5900000, 0x00000000e5900000, 0x00000000e5a00000|  0%| F|  |TAMS 0x00000000e5900000| PB 0x00000000e5900000| Untracked 
|  90|0x00000000e5a00000, 0x00000000e5a00000, 0x00000000e5b00000|  0%| F|  |TAMS 0x00000000e5a00000| PB 0x00000000e5a00000| Untracked 
|  91|0x00000000e5b00000, 0x00000000e5b00000, 0x00000000e5c00000|  0%| F|  |TAMS 0x00000000e5b00000| PB 0x00000000e5b00000| Untracked 
|  92|0x00000000e5c00000, 0x00000000e5c00000, 0x00000000e5d00000|  0%| F|  |TAMS 0x00000000e5c00000| PB 0x00000000e5c00000| Untracked 
|  93|0x00000000e5d00000, 0x00000000e5d00000, 0x00000000e5e00000|  0%| F|  |TAMS 0x00000000e5d00000| PB 0x00000000e5d00000| Untracked 
|  94|0x00000000e5e00000, 0x00000000e5e00000, 0x00000000e5f00000|  0%| F|  |TAMS 0x00000000e5e00000| PB 0x00000000e5e00000| Untracked 
|  95|0x00000000e5f00000, 0x00000000e5f00000, 0x00000000e6000000|  0%| F|  |TAMS 0x00000000e5f00000| PB 0x00000000e5f00000| Untracked 
|  96|0x00000000e6000000, 0x00000000e6000000, 0x00000000e6100000|  0%| F|  |TAMS 0x00000000e6000000| PB 0x00000000e6000000| Untracked 
|  97|0x00000000e6100000, 0x00000000e6100000, 0x00000000e6200000|  0%| F|  |TAMS 0x00000000e6100000| PB 0x00000000e6100000| Untracked 
|  98|0x00000000e6200000, 0x00000000e6200000, 0x00000000e6300000|  0%| F|  |TAMS 0x00000000e6200000| PB 0x00000000e6200000| Untracked 
|  99|0x00000000e6300000, 0x00000000e6300000, 0x00000000e6400000|  0%| F|  |TAMS 0x00000000e6300000| PB 0x00000000e6300000| Untracked 
| 100|0x00000000e6400000, 0x00000000e6400000, 0x00000000e6500000|  0%| F|  |TAMS 0x00000000e6400000| PB 0x00000000e6400000| Untracked 
| 101|0x00000000e6500000, 0x00000000e6500000, 0x00000000e6600000|  0%| F|  |TAMS 0x00000000e6500000| PB 0x00000000e6500000| Untracked 
| 102|0x00000000e6600000, 0x00000000e6600000, 0x00000000e6700000|  0%| F|  |TAMS 0x00000000e6600000| PB 0x00000000e6600000| Untracked 
| 103|0x00000000e6700000, 0x00000000e6700000, 0x00000000e6800000|  0%| F|  |TAMS 0x00000000e6700000| PB 0x00000000e6700000| Untracked 
| 104|0x00000000e6800000, 0x00000000e6800000, 0x00000000e6900000|  0%| F|  |TAMS 0x00000000e6800000| PB 0x00000000e6800000| Untracked 
| 105|0x00000000e6900000, 0x00000000e6900000, 0x00000000e6a00000|  0%| F|  |TAMS 0x00000000e6900000| PB 0x00000000e6900000| Untracked 
| 106|0x00000000e6a00000, 0x00000000e6a00000, 0x00000000e6b00000|  0%| F|  |TAMS 0x00000000e6a00000| PB 0x00000000e6a00000| Untracked 
| 107|0x00000000e6b00000, 0x00000000e6b00000, 0x00000000e6c00000|  0%| F|  |TAMS 0x00000000e6b00000| PB 0x00000000e6b00000| Untracked 
| 108|0x00000000e6c00000, 0x00000000e6c00000, 0x00000000e6d00000|  0%| F|  |TAMS 0x00000000e6c00000| PB 0x00000000e6c00000| Untracked 
| 109|0x00000000e6d00000, 0x00000000e6d00000, 0x00000000e6e00000|  0%| F|  |TAMS 0x00000000e6d00000| PB 0x00000000e6d00000| Untracked 
| 110|0x00000000e6e00000, 0x00000000e6e00000, 0x00000000e6f00000|  0%| F|  |TAMS 0x00000000e6e00000| PB 0x00000000e6e00000| Untracked 
| 111|0x00000000e6f00000, 0x00000000e6f00000, 0x00000000e7000000|  0%| F|  |TAMS 0x00000000e6f00000| PB 0x00000000e6f00000| Untracked 
| 112|0x00000000e7000000, 0x00000000e7000000, 0x00000000e7100000|  0%| F|  |TAMS 0x00000000e7000000| PB 0x00000000e7000000| Untracked 
| 113|0x00000000e7100000, 0x00000000e7100000, 0x00000000e7200000|  0%| F|  |TAMS 0x00000000e7100000| PB 0x00000000e7100000| Untracked 
| 114|0x00000000e7200000, 0x00000000e7200000, 0x00000000e7300000|  0%| F|  |TAMS 0x00000000e7200000| PB 0x00000000e7200000| Untracked 
| 115|0x00000000e7300000, 0x00000000e7300000, 0x00000000e7400000|  0%| F|  |TAMS 0x00000000e7300000| PB 0x00000000e7300000| Untracked 
| 116|0x00000000e7400000, 0x00000000e7400000, 0x00000000e7500000|  0%| F|  |TAMS 0x00000000e7400000| PB 0x00000000e7400000| Untracked 
| 117|0x00000000e7500000, 0x00000000e7500000, 0x00000000e7600000|  0%| F|  |TAMS 0x00000000e7500000| PB 0x00000000e7500000| Untracked 
| 118|0x00000000e7600000, 0x00000000e7600000, 0x00000000e7700000|  0%| F|  |TAMS 0x00000000e7600000| PB 0x00000000e7600000| Untracked 
| 119|0x00000000e7700000, 0x00000000e7700000, 0x00000000e7800000|  0%| F|  |TAMS 0x00000000e7700000| PB 0x00000000e7700000| Untracked 
| 120|0x00000000e7800000, 0x00000000e7800000, 0x00000000e7900000|  0%| F|  |TAMS 0x00000000e7800000| PB 0x00000000e7800000| Untracked 
| 121|0x00000000e7900000, 0x00000000e7900000, 0x00000000e7a00000|  0%| F|  |TAMS 0x00000000e7900000| PB 0x00000000e7900000| Untracked 
| 122|0x00000000e7a00000, 0x00000000e7a00000, 0x00000000e7b00000|  0%| F|  |TAMS 0x00000000e7a00000| PB 0x00000000e7a00000| Untracked 
| 123|0x00000000e7b00000, 0x00000000e7b00000, 0x00000000e7c00000|  0%| F|  |TAMS 0x00000000e7b00000| PB 0x00000000e7b00000| Untracked 
| 124|0x00000000e7c00000, 0x00000000e7c00000, 0x00000000e7d00000|  0%| F|  |TAMS 0x00000000e7c00000| PB 0x00000000e7c00000| Untracked 
| 125|0x00000000e7d00000, 0x00000000e7d00000, 0x00000000e7e00000|  0%| F|  |TAMS 0x00000000e7d00000| PB 0x00000000e7d00000| Untracked 
| 126|0x00000000e7e00000, 0x00000000e7e00000, 0x00000000e7f00000|  0%| F|  |TAMS 0x00000000e7e00000| PB 0x00000000e7e00000| Untracked 
| 127|0x00000000e7f00000, 0x00000000e7f00000, 0x00000000e8000000|  0%| F|  |TAMS 0x00000000e7f00000| PB 0x00000000e7f00000| Untracked 
| 128|0x00000000e8000000, 0x00000000e8000000, 0x00000000e8100000|  0%| F|  |TAMS 0x00000000e8000000| PB 0x00000000e8000000| Untracked 
| 129|0x00000000e8100000, 0x00000000e8100000, 0x00000000e8200000|  0%| F|  |TAMS 0x00000000e8100000| PB 0x00000000e8100000| Untracked 
| 130|0x00000000e8200000, 0x00000000e8200000, 0x00000000e8300000|  0%| F|  |TAMS 0x00000000e8200000| PB 0x00000000e8200000| Untracked 
| 131|0x00000000e8300000, 0x00000000e8300000, 0x00000000e8400000|  0%| F|  |TAMS 0x00000000e8300000| PB 0x00000000e8300000| Untracked 
| 132|0x00000000e8400000, 0x00000000e8400000, 0x00000000e8500000|  0%| F|  |TAMS 0x00000000e8400000| PB 0x00000000e8400000| Untracked 
| 133|0x00000000e8500000, 0x00000000e8500000, 0x00000000e8600000|  0%| F|  |TAMS 0x00000000e8500000| PB 0x00000000e8500000| Untracked 
| 134|0x00000000e8600000, 0x00000000e8600000, 0x00000000e8700000|  0%| F|  |TAMS 0x00000000e8600000| PB 0x00000000e8600000| Untracked 
| 135|0x00000000e8700000, 0x00000000e8700000, 0x00000000e8800000|  0%| F|  |TAMS 0x00000000e8700000| PB 0x00000000e8700000| Untracked 
| 136|0x00000000e8800000, 0x00000000e8800000, 0x00000000e8900000|  0%| F|  |TAMS 0x00000000e8800000| PB 0x00000000e8800000| Untracked 
| 137|0x00000000e8900000, 0x00000000e8900000, 0x00000000e8a00000|  0%| F|  |TAMS 0x00000000e8900000| PB 0x00000000e8900000| Untracked 
| 138|0x00000000e8a00000, 0x00000000e8a00000, 0x00000000e8b00000|  0%| F|  |TAMS 0x00000000e8a00000| PB 0x00000000e8a00000| Untracked 
| 139|0x00000000e8b00000, 0x00000000e8b00000, 0x00000000e8c00000|  0%| F|  |TAMS 0x00000000e8b00000| PB 0x00000000e8b00000| Untracked 
| 140|0x00000000e8c00000, 0x00000000e8c00000, 0x00000000e8d00000|  0%| F|  |TAMS 0x00000000e8c00000| PB 0x00000000e8c00000| Untracked 
| 141|0x00000000e8d00000, 0x00000000e8d00000, 0x00000000e8e00000|  0%| F|  |TAMS 0x00000000e8d00000| PB 0x00000000e8d00000| Untracked 
| 142|0x00000000e8e00000, 0x00000000e8e00000, 0x00000000e8f00000|  0%| F|  |TAMS 0x00000000e8e00000| PB 0x00000000e8e00000| Untracked 
| 143|0x00000000e8f00000, 0x00000000e8f00000, 0x00000000e9000000|  0%| F|  |TAMS 0x00000000e8f00000| PB 0x00000000e8f00000| Untracked 
| 144|0x00000000e9000000, 0x00000000e9000000, 0x00000000e9100000|  0%| F|  |TAMS 0x00000000e9000000| PB 0x00000000e9000000| Untracked 
| 145|0x00000000e9100000, 0x00000000e9100000, 0x00000000e9200000|  0%| F|  |TAMS 0x00000000e9100000| PB 0x00000000e9100000| Untracked 
| 146|0x00000000e9200000, 0x00000000e9200000, 0x00000000e9300000|  0%| F|  |TAMS 0x00000000e9200000| PB 0x00000000e9200000| Untracked 
| 147|0x00000000e9300000, 0x00000000e9300000, 0x00000000e9400000|  0%| F|  |TAMS 0x00000000e9300000| PB 0x00000000e9300000| Untracked 
| 148|0x00000000e9400000, 0x00000000e9400000, 0x00000000e9500000|  0%| F|  |TAMS 0x00000000e9400000| PB 0x00000000e9400000| Untracked 
| 149|0x00000000e9500000, 0x00000000e9500000, 0x00000000e9600000|  0%| F|  |TAMS 0x00000000e9500000| PB 0x00000000e9500000| Untracked 
| 150|0x00000000e9600000, 0x00000000e9600000, 0x00000000e9700000|  0%| F|  |TAMS 0x00000000e9600000| PB 0x00000000e9600000| Untracked 
| 151|0x00000000e9700000, 0x00000000e9700000, 0x00000000e9800000|  0%| F|  |TAMS 0x00000000e9700000| PB 0x00000000e9700000| Untracked 
| 152|0x00000000e9800000, 0x00000000e9800000, 0x00000000e9900000|  0%| F|  |TAMS 0x00000000e9800000| PB 0x00000000e9800000| Untracked 
| 153|0x00000000e9900000, 0x00000000e9900000, 0x00000000e9a00000|  0%| F|  |TAMS 0x00000000e9900000| PB 0x00000000e9900000| Untracked 
| 154|0x00000000e9a00000, 0x00000000e9a00000, 0x00000000e9b00000|  0%| F|  |TAMS 0x00000000e9a00000| PB 0x00000000e9a00000| Untracked 
| 155|0x00000000e9b00000, 0x00000000e9b2f770, 0x00000000e9c00000| 18%| S|CS|TAMS 0x00000000e9b00000| PB 0x00000000e9b00000| Complete 
| 156|0x00000000e9c00000, 0x00000000e9d00000, 0x00000000e9d00000|100%| S|CS|TAMS 0x00000000e9c00000| PB 0x00000000e9c00000| Complete 
| 157|0x00000000e9d00000, 0x00000000e9e00000, 0x00000000e9e00000|100%| S|CS|TAMS 0x00000000e9d00000| PB 0x00000000e9d00000| Complete 
| 158|0x00000000e9e00000, 0x00000000e9f00000, 0x00000000e9f00000|100%| S|CS|TAMS 0x00000000e9e00000| PB 0x00000000e9e00000| Complete 
| 159|0x00000000e9f00000, 0x00000000ea000000, 0x00000000ea000000|100%| S|CS|TAMS 0x00000000e9f00000| PB 0x00000000e9f00000| Complete 
| 160|0x00000000ea000000, 0x00000000ea100000, 0x00000000ea100000|100%| S|CS|TAMS 0x00000000ea000000| PB 0x00000000ea000000| Complete 
| 161|0x00000000ea100000, 0x00000000ea200000, 0x00000000ea200000|100%| S|CS|TAMS 0x00000000ea100000| PB 0x00000000ea100000| Complete 
| 162|0x00000000ea200000, 0x00000000ea300000, 0x00000000ea300000|100%| S|CS|TAMS 0x00000000ea200000| PB 0x00000000ea200000| Complete 
| 163|0x00000000ea300000, 0x00000000ea400000, 0x00000000ea400000|100%| S|CS|TAMS 0x00000000ea300000| PB 0x00000000ea300000| Complete 
| 164|0x00000000ea400000, 0x00000000ea500000, 0x00000000ea500000|100%| S|CS|TAMS 0x00000000ea400000| PB 0x00000000ea400000| Complete 
| 165|0x00000000ea500000, 0x00000000ea600000, 0x00000000ea600000|100%| S|CS|TAMS 0x00000000ea500000| PB 0x00000000ea500000| Complete 
| 166|0x00000000ea600000, 0x00000000ea700000, 0x00000000ea700000|100%| S|CS|TAMS 0x00000000ea600000| PB 0x00000000ea600000| Complete 
| 167|0x00000000ea700000, 0x00000000ea800000, 0x00000000ea800000|100%| S|CS|TAMS 0x00000000ea700000| PB 0x00000000ea700000| Complete 
| 168|0x00000000ea800000, 0x00000000ea800000, 0x00000000ea900000|  0%| F|  |TAMS 0x00000000ea800000| PB 0x00000000ea800000| Untracked 
| 169|0x00000000ea900000, 0x00000000ea900000, 0x00000000eaa00000|  0%| F|  |TAMS 0x00000000ea900000| PB 0x00000000ea900000| Untracked 
| 170|0x00000000eaa00000, 0x00000000eaa80658, 0x00000000eab00000| 50%| E|  |TAMS 0x00000000eaa00000| PB 0x00000000eaa00000| Complete 
| 171|0x00000000eab00000, 0x00000000eac00000, 0x00000000eac00000|100%| E|CS|TAMS 0x00000000eab00000| PB 0x00000000eab00000| Complete 
| 172|0x00000000eac00000, 0x00000000ead00000, 0x00000000ead00000|100%| E|CS|TAMS 0x00000000eac00000| PB 0x00000000eac00000| Complete 
| 173|0x00000000ead00000, 0x00000000eae00000, 0x00000000eae00000|100%| E|CS|TAMS 0x00000000ead00000| PB 0x00000000ead00000| Complete 
| 174|0x00000000eae00000, 0x00000000eaf00000, 0x00000000eaf00000|100%| E|CS|TAMS 0x00000000eae00000| PB 0x00000000eae00000| Complete 
| 175|0x00000000eaf00000, 0x00000000eb000000, 0x00000000eb000000|100%| E|CS|TAMS 0x00000000eaf00000| PB 0x00000000eaf00000| Complete 
| 176|0x00000000eb000000, 0x00000000eb100000, 0x00000000eb100000|100%| E|CS|TAMS 0x00000000eb000000| PB 0x00000000eb000000| Complete 
| 177|0x00000000eb100000, 0x00000000eb200000, 0x00000000eb200000|100%| E|CS|TAMS 0x00000000eb100000| PB 0x00000000eb100000| Complete 
| 178|0x00000000eb200000, 0x00000000eb300000, 0x00000000eb300000|100%| E|CS|TAMS 0x00000000eb200000| PB 0x00000000eb200000| Complete 
| 179|0x00000000eb300000, 0x00000000eb400000, 0x00000000eb400000|100%| E|CS|TAMS 0x00000000eb300000| PB 0x00000000eb300000| Complete 
| 180|0x00000000eb400000, 0x00000000eb500000, 0x00000000eb500000|100%| E|CS|TAMS 0x00000000eb400000| PB 0x00000000eb400000| Complete 
| 181|0x00000000eb500000, 0x00000000eb600000, 0x00000000eb600000|100%| E|CS|TAMS 0x00000000eb500000| PB 0x00000000eb500000| Complete 
| 182|0x00000000eb600000, 0x00000000eb700000, 0x00000000eb700000|100%| E|CS|TAMS 0x00000000eb600000| PB 0x00000000eb600000| Complete 
| 183|0x00000000eb700000, 0x00000000eb800000, 0x00000000eb800000|100%| E|CS|TAMS 0x00000000eb700000| PB 0x00000000eb700000| Complete 
| 184|0x00000000eb800000, 0x00000000eb900000, 0x00000000eb900000|100%| E|CS|TAMS 0x00000000eb800000| PB 0x00000000eb800000| Complete 
| 185|0x00000000eb900000, 0x00000000eba00000, 0x00000000eba00000|100%| E|CS|TAMS 0x00000000eb900000| PB 0x00000000eb900000| Complete 
| 186|0x00000000eba00000, 0x00000000ebb00000, 0x00000000ebb00000|100%| E|CS|TAMS 0x00000000eba00000| PB 0x00000000eba00000| Complete 
| 187|0x00000000ebb00000, 0x00000000ebc00000, 0x00000000ebc00000|100%| E|CS|TAMS 0x00000000ebb00000| PB 0x00000000ebb00000| Complete 
| 188|0x00000000ebc00000, 0x00000000ebd00000, 0x00000000ebd00000|100%| E|CS|TAMS 0x00000000ebc00000| PB 0x00000000ebc00000| Complete 
| 189|0x00000000ebd00000, 0x00000000ebe00000, 0x00000000ebe00000|100%| E|  |TAMS 0x00000000ebd00000| PB 0x00000000ebd00000| Complete 
| 190|0x00000000ebe00000, 0x00000000ebf00000, 0x00000000ebf00000|100%| E|CS|TAMS 0x00000000ebe00000| PB 0x00000000ebe00000| Complete 
| 191|0x00000000ebf00000, 0x00000000ec000000, 0x00000000ec000000|100%| E|CS|TAMS 0x00000000ebf00000| PB 0x00000000ebf00000| Complete 
| 192|0x00000000ec000000, 0x00000000ec100000, 0x00000000ec100000|100%| E|CS|TAMS 0x00000000ec000000| PB 0x00000000ec000000| Complete 
| 193|0x00000000ec100000, 0x00000000ec200000, 0x00000000ec200000|100%| E|CS|TAMS 0x00000000ec100000| PB 0x00000000ec100000| Complete 
| 194|0x00000000ec200000, 0x00000000ec300000, 0x00000000ec300000|100%| E|CS|TAMS 0x00000000ec200000| PB 0x00000000ec200000| Complete 
| 195|0x00000000ec300000, 0x00000000ec400000, 0x00000000ec400000|100%| E|CS|TAMS 0x00000000ec300000| PB 0x00000000ec300000| Complete 
| 196|0x00000000ec400000, 0x00000000ec500000, 0x00000000ec500000|100%| E|CS|TAMS 0x00000000ec400000| PB 0x00000000ec400000| Complete 
| 197|0x00000000ec500000, 0x00000000ec600000, 0x00000000ec600000|100%| E|CS|TAMS 0x00000000ec500000| PB 0x00000000ec500000| Complete 
| 198|0x00000000ec600000, 0x00000000ec700000, 0x00000000ec700000|100%| E|CS|TAMS 0x00000000ec600000| PB 0x00000000ec600000| Complete 
| 199|0x00000000ec700000, 0x00000000ec800000, 0x00000000ec800000|100%| E|CS|TAMS 0x00000000ec700000| PB 0x00000000ec700000| Complete 
| 200|0x00000000ec800000, 0x00000000ec900000, 0x00000000ec900000|100%| E|CS|TAMS 0x00000000ec800000| PB 0x00000000ec800000| Complete 
| 201|0x00000000ec900000, 0x00000000eca00000, 0x00000000eca00000|100%| E|CS|TAMS 0x00000000ec900000| PB 0x00000000ec900000| Complete 
| 202|0x00000000eca00000, 0x00000000ecb00000, 0x00000000ecb00000|100%| E|CS|TAMS 0x00000000eca00000| PB 0x00000000eca00000| Complete 
| 203|0x00000000ecb00000, 0x00000000ecc00000, 0x00000000ecc00000|100%| E|CS|TAMS 0x00000000ecb00000| PB 0x00000000ecb00000| Complete 
| 204|0x00000000ecc00000, 0x00000000ecd00000, 0x00000000ecd00000|100%| E|CS|TAMS 0x00000000ecc00000| PB 0x00000000ecc00000| Complete 
| 205|0x00000000ecd00000, 0x00000000ece00000, 0x00000000ece00000|100%| E|CS|TAMS 0x00000000ecd00000| PB 0x00000000ecd00000| Complete 
| 206|0x00000000ece00000, 0x00000000ecf00000, 0x00000000ecf00000|100%| E|CS|TAMS 0x00000000ece00000| PB 0x00000000ece00000| Complete 
| 207|0x00000000ecf00000, 0x00000000ed000000, 0x00000000ed000000|100%| E|CS|TAMS 0x00000000ecf00000| PB 0x00000000ecf00000| Complete 
| 208|0x00000000ed000000, 0x00000000ed100000, 0x00000000ed100000|100%| E|CS|TAMS 0x00000000ed000000| PB 0x00000000ed000000| Complete 
| 209|0x00000000ed100000, 0x00000000ed200000, 0x00000000ed200000|100%| E|CS|TAMS 0x00000000ed100000| PB 0x00000000ed100000| Complete 
| 210|0x00000000ed200000, 0x00000000ed300000, 0x00000000ed300000|100%| E|CS|TAMS 0x00000000ed200000| PB 0x00000000ed200000| Complete 
| 211|0x00000000ed300000, 0x00000000ed400000, 0x00000000ed400000|100%| E|CS|TAMS 0x00000000ed300000| PB 0x00000000ed300000| Complete 
| 212|0x00000000ed400000, 0x00000000ed500000, 0x00000000ed500000|100%| E|CS|TAMS 0x00000000ed400000| PB 0x00000000ed400000| Complete 
| 213|0x00000000ed500000, 0x00000000ed600000, 0x00000000ed600000|100%| E|CS|TAMS 0x00000000ed500000| PB 0x00000000ed500000| Complete 
| 214|0x00000000ed600000, 0x00000000ed700000, 0x00000000ed700000|100%| E|CS|TAMS 0x00000000ed600000| PB 0x00000000ed600000| Complete 
| 215|0x00000000ed700000, 0x00000000ed800000, 0x00000000ed800000|100%| E|CS|TAMS 0x00000000ed700000| PB 0x00000000ed700000| Complete 
| 216|0x00000000ed800000, 0x00000000ed900000, 0x00000000ed900000|100%| E|CS|TAMS 0x00000000ed800000| PB 0x00000000ed800000| Complete 
| 217|0x00000000ed900000, 0x00000000eda00000, 0x00000000eda00000|100%| E|CS|TAMS 0x00000000ed900000| PB 0x00000000ed900000| Complete 
| 218|0x00000000eda00000, 0x00000000edb00000, 0x00000000edb00000|100%| E|CS|TAMS 0x00000000eda00000| PB 0x00000000eda00000| Complete 
| 219|0x00000000edb00000, 0x00000000edc00000, 0x00000000edc00000|100%| E|CS|TAMS 0x00000000edb00000| PB 0x00000000edb00000| Complete 
| 220|0x00000000edc00000, 0x00000000edd00000, 0x00000000edd00000|100%| E|CS|TAMS 0x00000000edc00000| PB 0x00000000edc00000| Complete 
| 221|0x00000000edd00000, 0x00000000ede00000, 0x00000000ede00000|100%| E|CS|TAMS 0x00000000edd00000| PB 0x00000000edd00000| Complete 
| 222|0x00000000ede00000, 0x00000000edf00000, 0x00000000edf00000|100%| E|CS|TAMS 0x00000000ede00000| PB 0x00000000ede00000| Complete 
| 223|0x00000000edf00000, 0x00000000ee000000, 0x00000000ee000000|100%| E|CS|TAMS 0x00000000edf00000| PB 0x00000000edf00000| Complete 
| 224|0x00000000ee000000, 0x00000000ee100000, 0x00000000ee100000|100%| E|CS|TAMS 0x00000000ee000000| PB 0x00000000ee000000| Complete 
| 225|0x00000000ee100000, 0x00000000ee200000, 0x00000000ee200000|100%| E|CS|TAMS 0x00000000ee100000| PB 0x00000000ee100000| Complete 
| 226|0x00000000ee200000, 0x00000000ee300000, 0x00000000ee300000|100%| E|CS|TAMS 0x00000000ee200000| PB 0x00000000ee200000| Complete 
| 227|0x00000000ee300000, 0x00000000ee400000, 0x00000000ee400000|100%| E|CS|TAMS 0x00000000ee300000| PB 0x00000000ee300000| Complete 
| 228|0x00000000ee400000, 0x00000000ee500000, 0x00000000ee500000|100%| E|CS|TAMS 0x00000000ee400000| PB 0x00000000ee400000| Complete 
| 229|0x00000000ee500000, 0x00000000ee600000, 0x00000000ee600000|100%| E|CS|TAMS 0x00000000ee500000| PB 0x00000000ee500000| Complete 
| 230|0x00000000ee600000, 0x00000000ee700000, 0x00000000ee700000|100%| E|CS|TAMS 0x00000000ee600000| PB 0x00000000ee600000| Complete 
| 231|0x00000000ee700000, 0x00000000ee800000, 0x00000000ee800000|100%| E|CS|TAMS 0x00000000ee700000| PB 0x00000000ee700000| Complete 
| 232|0x00000000ee800000, 0x00000000ee900000, 0x00000000ee900000|100%| E|CS|TAMS 0x00000000ee800000| PB 0x00000000ee800000| Complete 
| 233|0x00000000ee900000, 0x00000000eea00000, 0x00000000eea00000|100%| E|CS|TAMS 0x00000000ee900000| PB 0x00000000ee900000| Complete 
| 234|0x00000000eea00000, 0x00000000eeb00000, 0x00000000eeb00000|100%| E|CS|TAMS 0x00000000eea00000| PB 0x00000000eea00000| Complete 
| 235|0x00000000eeb00000, 0x00000000eec00000, 0x00000000eec00000|100%| E|CS|TAMS 0x00000000eeb00000| PB 0x00000000eeb00000| Complete 
| 236|0x00000000eec00000, 0x00000000eed00000, 0x00000000eed00000|100%| E|CS|TAMS 0x00000000eec00000| PB 0x00000000eec00000| Complete 
| 237|0x00000000eed00000, 0x00000000eee00000, 0x00000000eee00000|100%| E|CS|TAMS 0x00000000eed00000| PB 0x00000000eed00000| Complete 
| 238|0x00000000eee00000, 0x00000000eef00000, 0x00000000eef00000|100%| E|CS|TAMS 0x00000000eee00000| PB 0x00000000eee00000| Complete 
| 239|0x00000000eef00000, 0x00000000ef000000, 0x00000000ef000000|100%| E|CS|TAMS 0x00000000eef00000| PB 0x00000000eef00000| Complete 
| 240|0x00000000ef000000, 0x00000000ef100000, 0x00000000ef100000|100%| E|CS|TAMS 0x00000000ef000000| PB 0x00000000ef000000| Complete 
| 241|0x00000000ef100000, 0x00000000ef200000, 0x00000000ef200000|100%| E|CS|TAMS 0x00000000ef100000| PB 0x00000000ef100000| Complete 
| 242|0x00000000ef200000, 0x00000000ef300000, 0x00000000ef300000|100%| E|CS|TAMS 0x00000000ef200000| PB 0x00000000ef200000| Complete 
| 243|0x00000000ef300000, 0x00000000ef400000, 0x00000000ef400000|100%| E|CS|TAMS 0x00000000ef300000| PB 0x00000000ef300000| Complete 
| 244|0x00000000ef400000, 0x00000000ef500000, 0x00000000ef500000|100%| E|CS|TAMS 0x00000000ef400000| PB 0x00000000ef400000| Complete 
| 245|0x00000000ef500000, 0x00000000ef600000, 0x00000000ef600000|100%| E|CS|TAMS 0x00000000ef500000| PB 0x00000000ef500000| Complete 
| 246|0x00000000ef600000, 0x00000000ef700000, 0x00000000ef700000|100%| E|CS|TAMS 0x00000000ef600000| PB 0x00000000ef600000| Complete 
| 247|0x00000000ef700000, 0x00000000ef800000, 0x00000000ef800000|100%| E|CS|TAMS 0x00000000ef700000| PB 0x00000000ef700000| Complete 
| 248|0x00000000ef800000, 0x00000000ef900000, 0x00000000ef900000|100%| E|CS|TAMS 0x00000000ef800000| PB 0x00000000ef800000| Complete 
| 249|0x00000000ef900000, 0x00000000efa00000, 0x00000000efa00000|100%| E|CS|TAMS 0x00000000ef900000| PB 0x00000000ef900000| Complete 
| 250|0x00000000efa00000, 0x00000000efb00000, 0x00000000efb00000|100%| E|CS|TAMS 0x00000000efa00000| PB 0x00000000efa00000| Complete 
| 251|0x00000000efb00000, 0x00000000efc00000, 0x00000000efc00000|100%| E|CS|TAMS 0x00000000efb00000| PB 0x00000000efb00000| Complete 
| 252|0x00000000efc00000, 0x00000000efd00000, 0x00000000efd00000|100%| E|CS|TAMS 0x00000000efc00000| PB 0x00000000efc00000| Complete 
| 253|0x00000000efd00000, 0x00000000efe00000, 0x00000000efe00000|100%| E|CS|TAMS 0x00000000efd00000| PB 0x00000000efd00000| Complete 
| 254|0x00000000efe00000, 0x00000000eff00000, 0x00000000eff00000|100%| E|CS|TAMS 0x00000000efe00000| PB 0x00000000efe00000| Complete 
| 255|0x00000000eff00000, 0x00000000f0000000, 0x00000000f0000000|100%| E|CS|TAMS 0x00000000eff00000| PB 0x00000000eff00000| Complete 

Card table byte_map: [0x000001ce314c0000,0x000001ce315c0000] _byte_map_base: 0x000001ce30dc0000

Marking Bits: (CMBitMap*) 0x000001ce180ec580
 Bits: [0x000001ce316c0000, 0x000001ce31ec0000)

Polling page: 0x000001ce18170000

Metaspace:

Usage:
  Non-class:     27.42 MB used.
      Class:      4.50 MB used.
       Both:     31.93 MB used.

Virtual space:
  Non-class space:       64.00 MB reserved,      27.94 MB ( 44%) committed,  1 nodes.
      Class space:      308.00 MB reserved,       5.00 MB (  2%) committed,  1 nodes.
             Both:      372.00 MB reserved,      32.94 MB (  9%) committed. 

Chunk freelists:
   Non-Class:  3.61 MB
       Class:  3.02 MB
        Both:  6.62 MB

MaxMetaspaceSize: 384.00 MB
CompressedClassSpaceSize: 308.00 MB
Initial GC threshold: 21.00 MB
Current GC threshold: 35.12 MB
CDS: on
MetaspaceReclaimPolicy: balanced
 - commit_granule_bytes: 65536.
 - commit_granule_words: 8192.
 - virtual_space_node_default_size: 8388608.
 - enlarge_chunks_in_place: 1.
 - new_chunks_are_fully_committed: 0.
 - uncommit_free_chunks: 1.
 - use_allocation_guard: 0.


Internal statistics:

num_allocs_failed_limit: 3.
num_arena_births: 1552.
num_arena_deaths: 0.
num_vsnodes_births: 2.
num_vsnodes_deaths: 0.
num_space_committed: 527.
num_space_uncommitted: 0.
num_chunks_returned_to_freelist: 3.
num_chunks_taken_from_freelist: 2860.
num_chunk_merges: 3.
num_chunk_splits: 1856.
num_chunks_enlarged: 1213.
num_inconsistent_stats: 0.

CodeHeap 'non-profiled nmethods': size=120000Kb used=2339Kb max_used=2339Kb free=117660Kb
 bounds [0x000001ce29420000, 0x000001ce29690000, 0x000001ce30950000]
CodeHeap 'profiled nmethods': size=120000Kb used=8401Kb max_used=8401Kb free=111598Kb
 bounds [0x000001ce21950000, 0x000001ce22190000, 0x000001ce28e80000]
CodeHeap 'non-nmethods': size=5760Kb used=2122Kb max_used=2173Kb free=3638Kb
 bounds [0x000001ce28e80000, 0x000001ce290f0000, 0x000001ce29420000]
 total_blobs=4904 nmethods=4228 adapters=585
 compilation: enabled
              stopped_count=0, restarted_count=0
 full_count=0

Compilation events (20 events):
Event: 67.724 Thread 0x000001ce50aa7050 4222       4       java.util.regex.Pattern::compile (537 bytes)
Event: 67.724 Thread 0x000001ce3496a670 4217       3       java.util.stream.StreamSpliterators$WrappingSpliterator$$Lambda$537/0x000001ce360f1330::accept (9 bytes)
Event: 67.724 Thread 0x000001ce3496a670 nmethod 4217 0x000001ce22182010 code [0x000001ce221821a0, 0x000001ce22182370]
Event: 67.724 Thread 0x000001ce3496a670 4218       3       java.util.stream.SpinedBuffer::get (123 bytes)
Event: 67.724 Thread 0x000001ce3496a670 nmethod 4218 0x000001ce22182410 code [0x000001ce22182640, 0x000001ce22182e40]
Event: 67.724 Thread 0x000001ce3496a670 4219       3       jdk.internal.jrtfs.JrtDirectoryStream$1::next (5 bytes)
Event: 67.725 Thread 0x000001ce3496a670 nmethod 4219 0x000001ce22183210 code [0x000001ce221833a0, 0x000001ce221834e0]
Event: 67.725 Thread 0x000001ce349688b0 nmethod 4221% 0x000001ce29667110 code [0x000001ce296672a0, 0x000001ce296674e0]
Event: 67.725 Thread 0x000001ce349688b0 4223       4       java.util.stream.ReferencePipeline$3$1::accept (23 bytes)
Event: 67.726 Thread 0x000001ce349688b0 nmethod 4223 0x000001ce29667790 code [0x000001ce29667900, 0x000001ce296679d8]
Event: 67.726 Thread 0x000001ce349688b0 4224       4       jdk.internal.jimage.ImageLocation::readValue (61 bytes)
Event: 67.729 Thread 0x000001ce3496a670 4226       3       java.util.ArrayDeque::dec (13 bytes)
Event: 67.729 Thread 0x000001ce3496a670 nmethod 4226 0x000001ce22183590 code [0x000001ce22183720, 0x000001ce22183850]
Event: 67.731 Thread 0x000001ce349688b0 nmethod 4224 0x000001ce29667b10 code [0x000001ce29667c80, 0x000001ce29667e70]
Event: 67.731 Thread 0x000001ce349688b0 4225       4       jdk.internal.jrtfs.JrtPath::normalize (97 bytes)
Event: 67.734 Thread 0x000001ce349688b0 nmethod 4225 0x000001ce29667f90 code [0x000001ce29668120, 0x000001ce29668328]
Event: 67.736 Thread 0x000001ce349688b0 4227       4       java.util.Spliterators$1Adapter::accept (11 bytes)
Event: 67.738 Thread 0x000001ce349688b0 nmethod 4227 0x000001ce29668590 code [0x000001ce29668700, 0x000001ce29668848]
Event: 67.745 Thread 0x000001ce3496a670 4228       3       java.net.InetSocketAddress::getAddress (8 bytes)
Event: 67.745 Thread 0x000001ce3496a670 nmethod 4228 0x000001ce22183910 code [0x000001ce22183aa0, 0x000001ce22183bd0]

GC Heap History (8 events):
Event: 10.376 GC heap before
{Heap before GC invocations=0 (full 0):
 garbage-first heap   total 262144K, used 23552K [0x00000000e0000000, 0x0000000100000000)
  region size 1024K, 23 young (23552K), 0 survivors (0K)
 Metaspace       used 988K, committed 1152K, reserved 380928K
  class space    used 73K, committed 128K, reserved 315392K
}
Event: 10.795 GC heap after
{Heap after GC invocations=1 (full 0):
 garbage-first heap   total 262144K, used 1674K [0x00000000e0000000, 0x0000000100000000)
  region size 1024K, 2 young (2048K), 2 survivors (2048K)
 Metaspace       used 988K, committed 1152K, reserved 380928K
  class space    used 73K, committed 128K, reserved 315392K
}
Event: 26.394 GC heap before
{Heap before GC invocations=1 (full 0):
 garbage-first heap   total 262144K, used 40586K [0x00000000e0000000, 0x0000000100000000)
  region size 1024K, 38 young (38912K), 2 survivors (2048K)
 Metaspace       used 4392K, committed 4608K, reserved 380928K
  class space    used 536K, committed 640K, reserved 315392K
}
Event: 26.398 GC heap after
{Heap after GC invocations=2 (full 0):
 garbage-first heap   total 262144K, used 10582K [0x00000000e0000000, 0x0000000100000000)
  region size 1024K, 5 young (5120K), 5 survivors (5120K)
 Metaspace       used 4392K, committed 4608K, reserved 380928K
  class space    used 536K, committed 640K, reserved 315392K
}
Event: 36.171 GC heap before
{Heap before GC invocations=2 (full 0):
 garbage-first heap   total 262144K, used 70998K [0x00000000e0000000, 0x0000000100000000)
  region size 1024K, 62 young (63488K), 5 survivors (5120K)
 Metaspace       used 7772K, committed 8064K, reserved 380928K
  class space    used 1020K, committed 1152K, reserved 315392K
}
Event: 36.179 GC heap after
{Heap after GC invocations=3 (full 0):
 garbage-first heap   total 262144K, used 17901K [0x00000000e0000000, 0x0000000100000000)
  region size 1024K, 7 young (7168K), 7 survivors (7168K)
 Metaspace       used 7772K, committed 8064K, reserved 380928K
  class space    used 1020K, committed 1152K, reserved 315392K
}
Event: 46.367 GC heap before
{Heap before GC invocations=3 (full 0):
 garbage-first heap   total 262144K, used 99821K [0x00000000e0000000, 0x0000000100000000)
  region size 1024K, 88 young (90112K), 7 survivors (7168K)
 Metaspace       used 20869K, committed 21504K, reserved 380928K
  class space    used 3012K, committed 3328K, reserved 315392K
}
Event: 46.383 GC heap after
{Heap after GC invocations=4 (full 0):
 garbage-first heap   total 262144K, used 24157K [0x00000000e0000000, 0x0000000100000000)
  region size 1024K, 13 young (13312K), 13 survivors (13312K)
 Metaspace       used 20869K, committed 21504K, reserved 380928K
  class space    used 3012K, committed 3328K, reserved 315392K
}

Dll operation events (15 events):
Event: 0.011 Loaded shared library C:\Program Files\Java\jdk-20\bin\java.dll
Event: 0.106 Loaded shared library C:\Program Files\Java\jdk-20\bin\jsvml.dll
Event: 0.300 Loaded shared library C:\Program Files\Java\jdk-20\bin\zip.dll
Event: 0.303 Loaded shared library C:\Program Files\Java\jdk-20\bin\instrument.dll
Event: 0.318 Loaded shared library C:\Program Files\Java\jdk-20\bin\net.dll
Event: 0.320 Loaded shared library C:\Program Files\Java\jdk-20\bin\nio.dll
Event: 0.324 Loaded shared library C:\Program Files\Java\jdk-20\bin\zip.dll
Event: 9.952 Loaded shared library C:\Program Files\Java\jdk-20\bin\jimage.dll
Event: 13.654 Loaded shared library C:\Program Files\Java\jdk-20\bin\verify.dll
Event: 14.472 Loaded shared library C:\Users\Ahmad Dzulfikar\.gradle\native\1def1411415f61bf3af743bc5b6707747c0891f09f0c88961ee8f79bc544acac\windows-amd64\native-platform.dll
Event: 14.515 Loaded shared library C:\Users\Ahmad Dzulfikar\.gradle\native\0.2.7\x86_64-windows-gnu\gradle-fileevents.dll
Event: 34.806 Loaded shared library C:\Program Files\Java\jdk-20\bin\management.dll
Event: 34.824 Loaded shared library C:\Program Files\Java\jdk-20\bin\management_ext.dll
Event: 36.121 Loaded shared library C:\Program Files\Java\jdk-20\bin\extnet.dll
Event: 41.201 Loaded shared library C:\Program Files\Java\jdk-20\bin\sunmscapi.dll

Deoptimization events (20 events):
Event: 67.447 Thread 0x000001ce4df1eda0 Uncommon trap: trap_request=0xffffffc6 fr.pc=0x000001ce2963eec0 relative=0x0000000000000100
Event: 67.447 Thread 0x000001ce4df1eda0 Uncommon trap: reason=bimorphic_or_optimized_type_check action=maybe_recompile pc=0x000001ce2963eec0 method=java.util.stream.MatchOps$1MatchSink.accept(Ljava/lang/Object;)V @ 12 c2
Event: 67.447 Thread 0x000001ce4df1eda0 DEOPT PACKING pc=0x000001ce2963eec0 sp=0x0000001862ef7e80
Event: 67.447 Thread 0x000001ce4df1eda0 DEOPT UNPACKING pc=0x000001ce28e9d2a2 sp=0x0000001862ef7e18 mode 2
Event: 67.447 Thread 0x000001ce4df1eda0 Uncommon trap: trap_request=0xffffffc6 fr.pc=0x000001ce2963eec0 relative=0x0000000000000100
Event: 67.447 Thread 0x000001ce4df1eda0 Uncommon trap: reason=bimorphic_or_optimized_type_check action=maybe_recompile pc=0x000001ce2963eec0 method=java.util.stream.MatchOps$1MatchSink.accept(Ljava/lang/Object;)V @ 12 c2
Event: 67.447 Thread 0x000001ce4df1eda0 DEOPT PACKING pc=0x000001ce2963eec0 sp=0x0000001862ef7e80
Event: 67.447 Thread 0x000001ce4df1eda0 DEOPT UNPACKING pc=0x000001ce28e9d2a2 sp=0x0000001862ef7e18 mode 2
Event: 67.447 Thread 0x000001ce4df1eda0 Uncommon trap: trap_request=0xffffffc6 fr.pc=0x000001ce2963eec0 relative=0x0000000000000100
Event: 67.447 Thread 0x000001ce4df1eda0 Uncommon trap: reason=bimorphic_or_optimized_type_check action=maybe_recompile pc=0x000001ce2963eec0 method=java.util.stream.MatchOps$1MatchSink.accept(Ljava/lang/Object;)V @ 12 c2
Event: 67.447 Thread 0x000001ce4df1eda0 DEOPT PACKING pc=0x000001ce2963eec0 sp=0x0000001862ef7e80
Event: 67.447 Thread 0x000001ce4df1eda0 DEOPT UNPACKING pc=0x000001ce28e9d2a2 sp=0x0000001862ef7e18 mode 2
Event: 67.447 Thread 0x000001ce4df1eda0 Uncommon trap: trap_request=0xffffffc6 fr.pc=0x000001ce2963eec0 relative=0x0000000000000100
Event: 67.447 Thread 0x000001ce4df1eda0 Uncommon trap: reason=bimorphic_or_optimized_type_check action=maybe_recompile pc=0x000001ce2963eec0 method=java.util.stream.MatchOps$1MatchSink.accept(Ljava/lang/Object;)V @ 12 c2
Event: 67.448 Thread 0x000001ce4df1eda0 DEOPT PACKING pc=0x000001ce2963eec0 sp=0x0000001862ef7e80
Event: 67.448 Thread 0x000001ce4df1eda0 DEOPT UNPACKING pc=0x000001ce28e9d2a2 sp=0x0000001862ef7e18 mode 2
Event: 67.727 Thread 0x000001ce4df1eda0 DEOPT PACKING pc=0x000001ce2215c180 sp=0x0000001862ef7f70
Event: 67.727 Thread 0x000001ce4df1eda0 DEOPT UNPACKING pc=0x000001ce28eee462 sp=0x0000001862ef7460 mode 0
Event: 67.730 Thread 0x000001ce4df1eda0 DEOPT PACKING pc=0x000001ce2215c180 sp=0x0000001862ef7f70
Event: 67.730 Thread 0x000001ce4df1eda0 DEOPT UNPACKING pc=0x000001ce28eee462 sp=0x0000001862ef7460 mode 0

Classes loaded (20 events):
Event: 67.636 Loading class jdk/internal/jimage/ImageReader$Directory
Event: 67.636 Loading class jdk/internal/jimage/ImageReader$Node
Event: 67.636 Loading class jdk/internal/jimage/ImageReader$Node done
Event: 67.636 Loading class jdk/internal/jimage/ImageReader$Directory done
Event: 67.636 Loading class jdk/internal/jrtfs/SystemImage$1
Event: 67.637 Loading class jdk/internal/jrtfs/SystemImage$1 done
Event: 67.637 Loading class jdk/internal/jimage/ImageReader$SharedImageReader$LocationVisitor
Event: 67.637 Loading class jdk/internal/jimage/ImageReader$SharedImageReader$LocationVisitor done
Event: 67.637 Loading class java/nio/ByteBufferAsIntBufferL
Event: 67.638 Loading class java/nio/ByteBufferAsIntBufferL done
Event: 67.640 Loading class jdk/internal/jrtfs/JrtFileAttributes
Event: 67.641 Loading class jdk/internal/jrtfs/JrtFileAttributes done
Event: 67.641 Loading class jdk/internal/jrtfs/JrtDirectoryStream
Event: 67.641 Loading class jdk/internal/jrtfs/JrtDirectoryStream done
Event: 67.641 Loading class jdk/internal/jrtfs/JrtDirectoryStream$1
Event: 67.641 Loading class jdk/internal/jrtfs/JrtDirectoryStream$1 done
Event: 67.642 Loading class java/util/function/BooleanSupplier
Event: 67.642 Loading class java/util/function/BooleanSupplier done
Event: 67.642 Loading class jdk/internal/jimage/ImageReader$Resource
Event: 67.642 Loading class jdk/internal/jimage/ImageReader$Resource done

Classes unloaded (0 events):
No events

Classes redefined (0 events):
No events

Internal exceptions (20 events):
Event: 65.508 Thread 0x000001ce4df1eda0 Exception <a 'java/lang/NoSuchMethodError'{0x00000000ed307dc0}: 'void java.lang.invoke.DirectMethodHandle$Holder.invokeInterface(java.lang.Object, java.lang.Object, java.lang.Object, java.lang.Object, java.lang.Object, java.lang.Object, java.lang.Object)'> (0x00000000ed307dc0) 
thrown [s\open\src\hotspot\share\interpreter\linkResolver.cpp, line 773]
Event: 65.509 Thread 0x000001ce4df1eda0 Exception <a 'java/lang/NoSuchMethodError'{0x00000000ed30c718}: 'void java.lang.invoke.DelegatingMethodHandle$Holder.reinvoke_L(java.lang.Object, java.lang.Object, java.lang.Object, java.lang.Object, java.lang.Object, java.lang.Object, java.lang.Object)'> (0x00000000ed30c718) 
thrown [s\open\src\hotspot\share\interpreter\linkResolver.cpp, line 773]
Event: 65.743 Thread 0x000001ce4df1eda0 Exception <a 'java/lang/NoSuchMethodError'{0x00000000ed2d15c8}: 'java.lang.Object java.lang.invoke.DirectMethodHandle$Holder.invokeStaticInit(java.lang.Object, java.lang.Object, java.lang.Object, java.lang.Object, java.lang.Object, java.lang.Object, java.lang.Object)'> (0x00000000ed2d15c8) 
thrown [s\open\src\hotspot\share\interpreter\linkResolver.cpp, line 773]
Event: 65.748 Thread 0x000001ce4df1eda0 Exception <a 'java/lang/NoSuchMethodError'{0x00000000ed2f7638}: 'java.lang.Object java.lang.invoke.DirectMethodHandle$Holder.invokeSpecial(java.lang.Object, java.lang.Object, java.lang.Object, int, java.lang.Object, java.lang.Object)'> (0x00000000ed2f7638) 
thrown [s\open\src\hotspot\share\interpreter\linkResolver.cpp, line 773]
Event: 66.129 Thread 0x000001ce4df1eda0 Implicit null exception at 0x000001ce29555975 to 0x000001ce29555de8
Event: 66.129 Thread 0x000001ce4df1eda0 Implicit null exception at 0x000001ce295eedd4 to 0x000001ce295ef0c4
Event: 66.129 Thread 0x000001ce4df1eda0 Implicit null exception at 0x000001ce295ef8cd to 0x000001ce295f0288
Event: 66.129 Thread 0x000001ce4df1eda0 Exception <a 'java/lang/NoSuchMethodError'{0x00000000ecc37bd0}: 'java.lang.reflect.Method[] java.lang.Class.getDeclaredMethods(java.lang.Class)'> (0x00000000ecc37bd0) 
thrown [s\open\src\hotspot\share\interpreter\linkResolver.cpp, line 773]
Event: 66.144 Thread 0x000001ce4df1eda0 Exception <a 'java/lang/NoSuchMethodError'{0x00000000eccb7f60}: 'java.lang.Object java.lang.invoke.DirectMethodHandle$Holder.invokeStaticInit(java.lang.Object, java.lang.Object, java.lang.Object)'> (0x00000000eccb7f60) 
thrown [s\open\src\hotspot\share\interpreter\linkResolver.cpp, line 773]
Event: 66.224 Thread 0x000001ce4df1eda0 Exception <a 'java/lang/NoSuchMethodError'{0x00000000ecbd09e8}: 'void java.lang.invoke.DirectMethodHandle$Holder.invokeStaticInit(java.lang.Object, java.lang.Object, java.lang.Object)'> (0x00000000ecbd09e8) 
thrown [s\open\src\hotspot\share\interpreter\linkResolver.cpp, line 773]
Event: 66.225 Thread 0x000001ce4df1eda0 Exception <a 'java/lang/NoSuchMethodError'{0x00000000ecbd7b40}: 'void java.lang.invoke.DirectMethodHandle$Holder.invokeStaticInit(java.lang.Object, java.lang.Object, java.lang.Object, java.lang.Object)'> (0x00000000ecbd7b40) 
thrown [s\open\src\hotspot\share\interpreter\linkResolver.cpp, line 773]
Event: 66.230 Thread 0x000001ce4df1eda0 Exception <a 'java/lang/NoSuchMethodError'{0x00000000ecbf9e18}: 'void java.lang.invoke.DirectMethodHandle$Holder.invokeStaticInit(java.lang.Object, java.lang.Object, java.lang.Object, java.lang.Object, java.lang.Object)'> (0x00000000ecbf9e18) 
thrown [s\open\src\hotspot\share\interpreter\linkResolver.cpp, line 773]
Event: 66.252 Thread 0x000001ce4df1eda0 Exception <a 'java/lang/NoSuchMethodError'{0x00000000eca55af8}: 'int java.lang.invoke.DirectMethodHandle$Holder.invokeStaticInit(java.lang.Object, java.lang.Object, java.lang.Object, java.lang.Object)'> (0x00000000eca55af8) 
thrown [s\open\src\hotspot\share\interpreter\linkResolver.cpp, line 773]
Event: 66.927 Thread 0x000001ce4df1eda0 Exception <a 'java/lang/ClassNotFoundException'{0x00000000ec0becf0}: groovy/lang/ExpandoMetaClassBeanInfo> (0x00000000ec0becf0) 
thrown [s\open\src\hotspot\share\classfile\systemDictionary.cpp, line 305]
Event: 66.928 Thread 0x000001ce4df1eda0 Exception <a 'java/lang/ClassNotFoundException'{0x00000000ec0c72f8}: groovy/lang/MetaClassImplBeanInfo> (0x00000000ec0c72f8) 
thrown [s\open\src\hotspot\share\classfile\systemDictionary.cpp, line 305]
Event: 66.928 Thread 0x000001ce4df1eda0 Exception <a 'java/lang/ClassNotFoundException'{0x00000000ec0cbdf0}: java/lang/ObjectBeanInfo> (0x00000000ec0cbdf0) 
thrown [s\open\src\hotspot\share\classfile\systemDictionary.cpp, line 305]
Event: 66.929 Thread 0x000001ce4df1eda0 Exception <a 'java/lang/ClassNotFoundException'{0x00000000ec0d1ae0}: java/lang/ObjectCustomizer> (0x00000000ec0d1ae0) 
thrown [s\open\src\hotspot\share\classfile\systemDictionary.cpp, line 305]
Event: 66.932 Thread 0x000001ce4df1eda0 Exception <a 'java/lang/IncompatibleClassChangeError'{0x00000000ec0e1510}: Found class java.lang.Object, but interface was expected> (0x00000000ec0e1510) 
thrown [s\open\src\hotspot\share\interpreter\linkResolver.cpp, line 840]
Event: 66.935 Thread 0x000001ce4df1eda0 Exception <a 'java/lang/ClassNotFoundException'{0x00000000ec0fe1f8}: groovy/lang/MetaClassImplCustomizer> (0x00000000ec0fe1f8) 
thrown [s\open\src\hotspot\share\classfile\systemDictionary.cpp, line 305]
Event: 66.938 Thread 0x000001ce4df1eda0 Exception <a 'java/lang/ClassNotFoundException'{0x00000000ebf25528}: groovy/lang/ExpandoMetaClassCustomizer> (0x00000000ebf25528) 
thrown [s\open\src\hotspot\share\classfile\systemDictionary.cpp, line 305]

VM Operations (20 events):
Event: 65.565 Executing VM operation: HandshakeAllThreads
Event: 65.565 Executing VM operation: HandshakeAllThreads done
Event: 65.566 Executing VM operation: HandshakeAllThreads
Event: 65.567 Executing VM operation: HandshakeAllThreads done
Event: 66.117 Executing VM operation: HandshakeAllThreads
Event: 66.118 Executing VM operation: HandshakeAllThreads done
Event: 66.450 Executing VM operation: HandshakeAllThreads
Event: 66.450 Executing VM operation: HandshakeAllThreads done
Event: 66.450 Executing VM operation: Cleanup
Event: 66.451 Executing VM operation: Cleanup done
Event: 66.701 Executing VM operation: HandshakeAllThreads
Event: 66.701 Executing VM operation: HandshakeAllThreads done
Event: 66.812 Executing VM operation: HandshakeAllThreads
Event: 66.812 Executing VM operation: HandshakeAllThreads done
Event: 67.159 Executing VM operation: HandshakeAllThreads
Event: 67.159 Executing VM operation: HandshakeAllThreads done
Event: 67.639 Executing VM operation: HandshakeAllThreads
Event: 67.639 Executing VM operation: HandshakeAllThreads done
Event: 67.639 Executing VM operation: Cleanup
Event: 67.639 Executing VM operation: Cleanup done

Events (20 events):
Event: 41.671 Thread 0x000001ce4df20d80 Thread added: 0x000001ce4df20d80
Event: 41.682 Thread 0x000001ce4df1f2f0 Thread added: 0x000001ce4df1f2f0
Event: 41.684 Thread 0x000001ce4df1f840 Thread added: 0x000001ce4df1f840
Event: 42.547 Thread 0x000001ce4eb7fd90 Thread added: 0x000001ce4eb7fd90
Event: 42.569 Thread 0x000001ce4eb87270 Thread added: 0x000001ce4eb87270
Event: 43.867 Thread 0x000001ce4eb857e0 Thread added: 0x000001ce4eb857e0
Event: 43.933 Thread 0x000001ce4eb867d0 Thread added: 0x000001ce4eb867d0
Event: 45.467 Thread 0x000001ce4f793510 Thread added: 0x000001ce4f793510
Event: 46.215 Thread 0x000001ce4f793510 Thread exited: 0x000001ce4f793510
Event: 46.808 Thread 0x000001ce4eb84d40 Thread added: 0x000001ce4eb84d40
Event: 46.935 Thread 0x000001ce4eb85290 Thread added: 0x000001ce4eb85290
Event: 48.280 Thread 0x000001ce4eb812d0 Thread added: 0x000001ce4eb812d0
Event: 48.291 Thread 0x000001ce4eb877c0 Thread added: 0x000001ce4eb877c0
Event: 61.521 Thread 0x000001ce4eb81820 Thread added: 0x000001ce4eb81820
Event: 64.888 Thread 0x000001ce4eb83800 Thread added: 0x000001ce4eb83800
Event: 66.237 Thread 0x000001ce4f18f2f0 Thread added: 0x000001ce4f18f2f0
Event: 66.547 Thread 0x000001ce4f18f2f0 Thread exited: 0x000001ce4f18f2f0
Event: 67.340 Thread 0x000001ce4f191450 Thread added: 0x000001ce4f191450
Event: 67.642 Thread 0x000001ce4f191450 Thread exited: 0x000001ce4f191450
Event: 67.678 Thread 0x000001ce50aa7050 Thread added: 0x000001ce50aa7050


Dynamic libraries:
0x00007ff685020000 - 0x00007ff685030000 	C:\Program Files\Java\jdk-20\bin\java.exe
0x00007fff9b330000 - 0x00007fff9b547000 	C:\WINDOWS\SYSTEM32\ntdll.dll
0x00007fff99af0000 - 0x00007fff99bb4000 	C:\WINDOWS\System32\KERNEL32.DLL
0x00007fff98420000 - 0x00007fff987f3000 	C:\WINDOWS\System32\KERNELBASE.dll
0x00007fff98ea0000 - 0x00007fff98fb1000 	C:\WINDOWS\System32\ucrtbase.dll
0x00007fff8dbf0000 - 0x00007fff8dc09000 	C:\Program Files\Java\jdk-20\bin\jli.dll
0x00007fff9a1b0000 - 0x00007fff9a261000 	C:\WINDOWS\System32\ADVAPI32.dll
0x00007fff9a640000 - 0x00007fff9a6e7000 	C:\WINDOWS\System32\msvcrt.dll
0x00007fff9a490000 - 0x00007fff9a537000 	C:\WINDOWS\System32\sechost.dll
0x00007fff989f0000 - 0x00007fff98a18000 	C:\WINDOWS\System32\bcrypt.dll
0x00007fff9b120000 - 0x00007fff9b234000 	C:\WINDOWS\System32\RPCRT4.dll
0x00007fff99040000 - 0x00007fff991f1000 	C:\WINDOWS\System32\USER32.dll
0x00007fff98940000 - 0x00007fff98966000 	C:\WINDOWS\System32\win32u.dll
0x00007fff98fc0000 - 0x00007fff98fe9000 	C:\WINDOWS\System32\GDI32.dll
0x00007fff98a20000 - 0x00007fff98b42000 	C:\WINDOWS\System32\gdi32full.dll
0x00007fff98e00000 - 0x00007fff98e9a000 	C:\WINDOWS\System32\msvcp_win.dll
0x00007fff8db90000 - 0x00007fff8dbab000 	C:\Program Files\Java\jdk-20\bin\VCRUNTIME140.dll
0x00007fff82c70000 - 0x00007fff82f0b000 	C:\WINDOWS\WinSxS\amd64_microsoft.windows.common-controls_6595b64144ccf1df_6.0.22621.5262_none_2712bde373830908\COMCTL32.dll
0x00007fff8cee0000 - 0x00007fff8ceea000 	C:\WINDOWS\SYSTEM32\VERSION.dll
0x00007fff99840000 - 0x00007fff99871000 	C:\WINDOWS\System32\IMM32.DLL
0x00007fff8dbe0000 - 0x00007fff8dbec000 	C:\Program Files\Java\jdk-20\bin\vcruntime140_1.dll
0x00007fff49be0000 - 0x00007fff49c6e000 	C:\Program Files\Java\jdk-20\bin\msvcp140.dll
0x00007ffeb6200000 - 0x00007ffeb6e98000 	C:\Program Files\Java\jdk-20\bin\server\jvm.dll
0x00007fff79640000 - 0x00007fff79649000 	C:\WINDOWS\SYSTEM32\WSOCK32.dll
0x00007fff99750000 - 0x00007fff997c1000 	C:\WINDOWS\System32\WS2_32.dll
0x00007fff93920000 - 0x00007fff93954000 	C:\WINDOWS\SYSTEM32\WINMM.dll
0x00007fff97520000 - 0x00007fff97538000 	C:\WINDOWS\SYSTEM32\kernel.appcore.dll
0x00007fff8db80000 - 0x00007fff8db8a000 	C:\Program Files\Java\jdk-20\bin\jimage.dll
0x00007fff95b00000 - 0x00007fff95d32000 	C:\WINDOWS\SYSTEM32\DBGHELP.DLL
0x00007fff99da0000 - 0x00007fff9a133000 	C:\WINDOWS\System32\combase.dll
0x00007fff9a560000 - 0x00007fff9a637000 	C:\WINDOWS\System32\OLEAUT32.dll
0x00007fff68540000 - 0x00007fff68572000 	C:\WINDOWS\SYSTEM32\dbgcore.DLL
0x00007fff98970000 - 0x00007fff989eb000 	C:\WINDOWS\System32\bcryptPrimitives.dll
0x00007fff8cf10000 - 0x00007fff8cf1e000 	C:\Program Files\Java\jdk-20\bin\instrument.dll
0x00007fff81590000 - 0x00007fff815b6000 	C:\Program Files\Java\jdk-20\bin\java.dll
0x00007ffeee800000 - 0x00007ffeee8d7000 	C:\Program Files\Java\jdk-20\bin\jsvml.dll
0x00007fff9a800000 - 0x00007fff9b09d000 	C:\WINDOWS\System32\SHELL32.dll
0x00007fff98800000 - 0x00007fff9893f000 	C:\WINDOWS\System32\wintypes.dll
0x00007fff96310000 - 0x00007fff96c2d000 	C:\WINDOWS\SYSTEM32\windows.storage.dll
0x00007fff9a6f0000 - 0x00007fff9a7fb000 	C:\WINDOWS\System32\SHCORE.dll
0x00007fff9a270000 - 0x00007fff9a2d6000 	C:\WINDOWS\System32\shlwapi.dll
0x00007fff98350000 - 0x00007fff9837b000 	C:\WINDOWS\SYSTEM32\profapi.dll
0x00007fff8cef0000 - 0x00007fff8cf08000 	C:\Program Files\Java\jdk-20\bin\zip.dll
0x00007fff82150000 - 0x00007fff82163000 	C:\Program Files\Java\jdk-20\bin\net.dll
0x00007fff94e00000 - 0x00007fff94f2c000 	C:\WINDOWS\SYSTEM32\WINHTTP.dll
0x00007fff979b0000 - 0x00007fff97a1a000 	C:\WINDOWS\system32\mswsock.dll
0x00007fff77d60000 - 0x00007fff77d76000 	C:\Program Files\Java\jdk-20\bin\nio.dll
0x00007fff81580000 - 0x00007fff81590000 	C:\Program Files\Java\jdk-20\bin\verify.dll
0x00007fff941f0000 - 0x00007fff94217000 	C:\Users\Ahmad Dzulfikar\.gradle\native\1def1411415f61bf3af743bc5b6707747c0891f09f0c88961ee8f79bc544acac\windows-amd64\native-platform.dll
0x00007fff00a30000 - 0x00007fff00aa8000 	C:\Users\Ahmad Dzulfikar\.gradle\native\0.2.7\x86_64-windows-gnu\gradle-fileevents.dll
0x00007fff80da0000 - 0x00007fff80daa000 	C:\Program Files\Java\jdk-20\bin\management.dll
0x00007fff776d0000 - 0x00007fff776db000 	C:\Program Files\Java\jdk-20\bin\management_ext.dll
0x00007fff99200000 - 0x00007fff99208000 	C:\WINDOWS\System32\PSAPI.DLL
0x00007fff96f50000 - 0x00007fff96f7d000 	C:\WINDOWS\SYSTEM32\IPHLPAPI.DLL
0x00007fff99720000 - 0x00007fff99729000 	C:\WINDOWS\System32\NSI.dll
0x00007fff93b70000 - 0x00007fff93b89000 	C:\WINDOWS\SYSTEM32\dhcpcsvc6.DLL
0x00007fff93b50000 - 0x00007fff93b6f000 	C:\WINDOWS\SYSTEM32\dhcpcsvc.DLL
0x00007fff96fd0000 - 0x00007fff970c8000 	C:\WINDOWS\SYSTEM32\DNSAPI.dll
0x00007fff683e0000 - 0x00007fff683e7000 	C:\Program Files\Java\jdk-20\bin\extnet.dll
0x00007fff97c20000 - 0x00007fff97c3b000 	C:\WINDOWS\SYSTEM32\CRYPTSP.dll
0x00007fff97480000 - 0x00007fff974b7000 	C:\WINDOWS\system32\rsaenh.dll
0x00007fff97ac0000 - 0x00007fff97ae8000 	C:\WINDOWS\SYSTEM32\USERENV.dll
0x00007fff97c40000 - 0x00007fff97c4c000 	C:\WINDOWS\SYSTEM32\CRYPTBASE.dll
0x00007fff59380000 - 0x00007fff5938e000 	C:\Program Files\Java\jdk-20\bin\sunmscapi.dll
0x00007fff98c10000 - 0x00007fff98d77000 	C:\WINDOWS\System32\CRYPT32.dll
0x00007fff97dc0000 - 0x00007fff97ded000 	C:\WINDOWS\SYSTEM32\ncrypt.dll
0x00007fff97d80000 - 0x00007fff97db7000 	C:\WINDOWS\SYSTEM32\NTASN1.dll
0x00007ffeff410000 - 0x00007ffeff418000 	C:\WINDOWS\system32\wshunix.dll

dbghelp: loaded successfully - version: 4.0.5 - missing functions: none
symbol engine: initialized successfully - sym options: 0x614 - pdb path: .;C:\Program Files\Java\jdk-20\bin;C:\WINDOWS\SYSTEM32;C:\WINDOWS\WinSxS\amd64_microsoft.windows.common-controls_6595b64144ccf1df_6.0.22621.5262_none_2712bde373830908;C:\Program Files\Java\jdk-20\bin\server;C:\Users\Ahmad Dzulfikar\.gradle\native\1def1411415f61bf3af743bc5b6707747c0891f09f0c88961ee8f79bc544acac\windows-amd64;C:\Users\Ahmad Dzulfikar\.gradle\native\0.2.7\x86_64-windows-gnu

VM Arguments:
jvm_args: --add-opens=java.base/java.lang=ALL-UNNAMED --add-opens=java.base/java.lang.invoke=ALL-UNNAMED --add-opens=java.base/java.util=ALL-UNNAMED --add-opens=java.prefs/java.util.prefs=ALL-UNNAMED --add-exports=jdk.compiler/com.sun.tools.javac.api=ALL-UNNAMED --add-exports=jdk.compiler/com.sun.tools.javac.util=ALL-UNNAMED --add-opens=java.base/java.util=ALL-UNNAMED --add-opens=java.prefs/java.util.prefs=ALL-UNNAMED --add-opens=java.base/java.nio.charset=ALL-UNNAMED --add-opens=java.base/java.net=ALL-UNNAMED --add-opens=java.base/java.util.concurrent.atomic=ALL-UNNAMED --add-opens=java.xml/javax.xml.namespace=ALL-UNNAMED -XX:MaxMetaspaceSize=384m -XX:+HeapDumpOnOutOfMemoryError -Xms256m -Xmx512m -Dfile.encoding=UTF-8 -Duser.country=ID -Duser.language=en -Duser.variant -javaagent:C:\Users\Ahmad Dzulfikar\.gradle\wrapper\dists\gradle-8.13-bin\5xuhj0ry160q40clulazy9h7d\gradle-8.13\lib\agents\gradle-instrumentation-agent-8.13.jar 
java_command: org.gradle.launcher.daemon.bootstrap.GradleDaemon 8.13
java_class_path (initial): C:\Users\Ahmad Dzulfikar\.gradle\wrapper\dists\gradle-8.13-bin\5xuhj0ry160q40clulazy9h7d\gradle-8.13\lib\gradle-daemon-main-8.13.jar
Launcher Type: SUN_STANDARD

[Global flags]
     intx CICompilerCount                          = 4                                         {product} {ergonomic}
   size_t CompressedClassSpaceSize                 = 322961408                                 {product} {ergonomic}
     uint ConcGCThreads                            = 2                                         {product} {ergonomic}
     uint G1ConcRefinementThreads                  = 8                                         {product} {ergonomic}
   size_t G1HeapRegionSize                         = 1048576                                   {product} {ergonomic}
    uintx GCDrainStackTargetSize                   = 64                                        {product} {ergonomic}
     bool HeapDumpOnOutOfMemoryError               = true                                   {manageable} {command line}
   size_t InitialHeapSize                          = 268435456                                 {product} {command line}
   size_t MarkStackSize                            = 4194304                                   {product} {ergonomic}
   size_t MaxHeapSize                              = 536870912                                 {product} {command line}
   size_t MaxMetaspaceSize                         = 402653184                                 {product} {command line}
   size_t MaxNewSize                               = 321912832                                 {product} {ergonomic}
   size_t MinHeapDeltaBytes                        = 1048576                                   {product} {ergonomic}
   size_t MinHeapSize                              = 268435456                                 {product} {command line}
    uintx NonNMethodCodeHeapSize                   = 5839372                                {pd product} {ergonomic}
    uintx NonProfiledCodeHeapSize                  = 122909434                              {pd product} {ergonomic}
    uintx ProfiledCodeHeapSize                     = 122909434                              {pd product} {ergonomic}
    uintx ReservedCodeCacheSize                    = 251658240                              {pd product} {ergonomic}
     bool SegmentedCodeCache                       = true                                      {product} {ergonomic}
   size_t SoftMaxHeapSize                          = 536870912                              {manageable} {ergonomic}
     bool UseCompressedClassPointers               = true                           {product lp64_product} {ergonomic}
     bool UseCompressedOops                        = true                           {product lp64_product} {ergonomic}
     bool UseG1GC                                  = true                                      {product} {ergonomic}
     bool UseLargePagesIndividualAllocation        = false                                  {pd product} {ergonomic}

Logging:
Log output configuration:
 #0: stdout all=warning uptime,level,tags foldmultilines=false
 #1: stderr all=off uptime,level,tags foldmultilines=false

Environment Variables:
JAVA_HOME=C:\Program Files\Java\jdk-20
PATH=C:\Program Files\Common Files\Oracle\Java\javapath;C:\Program Files (x86)\Common Files\Oracle\Java\javapath;C:\WINDOWS\system32;C:\WINDOWS;C:\WINDOWS\System32\Wbem;C:\WINDOWS\System32\WindowsPowerShell\v1.0\;C:\WINDOWS\System32\OpenSSH\;C:\Program Files\Git\cmd;C:\Program Files\Git\mingw64\bin;C:\Program Files\Git\usr\bin;C:\xampp\php;C:\ProgramData\ComposerSetup\bin;C:\Program Files\Microsoft SQL Server\150\Tools\Binn\;C:\Program Files\Microsoft SQL Server\Client SDK\ODBC\170\Tools\Binn\;C:\Program Files\dotnet\;C:\Program Files\Java\jdk-20\bin;C:\Program Files\PuTTY\;C:\Program Files\Docker\Docker\resources\bin;C:\Program Files\nodejs\;C:\Program Files\nodejs\node_modules\npm\bin;C:\Users\Ahmad Dzulfikar\.cargo\bin;C:\Users\Ahmad Dzulfikar\AppData\Local\Programs\Python\Python311\Scripts\;C:\Users\Ahmad Dzulfikar\AppData\Local\Programs\Python\Python311\;C:\Users\Ahmad Dzulfikar\AppData\Local\Microsoft\WindowsApps;C:\Users\Ahmad Dzulfikar\AppData\Local\Programs\Microsoft VS Code\bin;C:\Users\Ahmad Dzulfikar\AppData\Roaming\Composer\vendor\bin;C:\Users\Ahmad Dzulfikar\dev\flutter\bin;C:\Users\user\AppData\Local\Programs\Microsoft VS Code\bin;C:\Users\Ahmad Dzulfikar\.dotnet\tools;C:\Program Files\JetBrains\IntelliJ IDEA 2024.3.2.2\bin;;C:\Users\Ahmad Dzulfikar\Downloads\apache-maven-3.9.9-bin\apache-maven-3.9.9\bin;C:\Program Files\PostgreSQL\17\bin;C:\Users\Ahmad Dzulfikar\AppData\Roaming\npm
USERNAME=Ahmad Dzulfikar
OS=Windows_NT
PROCESSOR_IDENTIFIER=Intel64 Family 6 Model 140 Stepping 1, GenuineIntel
TMP=C:\Users\AHMADD~1\AppData\Local\Temp
TEMP=C:\Users\AHMADD~1\AppData\Local\Temp




---------------  S Y S T E M  ---------------

OS:
 Windows 11 , 64 bit Build 22621 (10.0.22621.5262)
OS uptime: 0 days 15:32 hours
Hyper-V role detected

CPU: total 8 (initial active 8) (4 cores per cpu, 2 threads per core) family 6 model 140 stepping 1 microcode 0x86, cx8, cmov, fxsr, ht, mmx, 3dnowpref, sse, sse2, sse3, ssse3, sse4.1, sse4.2, popcnt, lzcnt, tsc, tscinvbit, avx, avx2, aes, erms, clmul, bmi1, bmi2, adx, avx512f, avx512dq, avx512cd, avx512bw, avx512vl, sha, fma, vzeroupper, avx512_vpopcntdq, avx512_vpclmulqdq, avx512_vaes, avx512_vnni, clflush, clflushopt, clwb, avx512_vbmi2, avx512_vbmi, hv, rdtscp, rdpid, fsrm, gfni, avx512_bitalg, f16c, cet_ibt, cet_ss, avx512_ifma

Memory: 4k page, system-wide physical 16179M (271M free)
TotalPageFile size 46222M (AvailPageFile size 0M)
current process WorkingSet (physical memory assigned to process): 247M, peak: 250M
current process commit charge ("private bytes"): 434M, peak: 439M

vm_info: Java HotSpot(TM) 64-Bit Server VM (20.0.2+9-78) for windows-amd64 JRE (20.0.2+9-78), built on 2023-06-14T10:08:48Z by "mach5one" with MS VC++ 17.1 (VS2022)

END.
