#
# There is insufficient memory for the Java Runtime Environment to continue.
# Native memory allocation (malloc) failed to allocate 64432 bytes for Chunk::new
# Possible reasons:
#   The system is out of physical RAM or swap space
#   The process is running with CompressedOops enabled, and the Java Heap may be blocking the growth of the native heap
# Possible solutions:
#   Reduce memory load on the system
#   Increase physical memory or swap space
#   Check if swap backing store is full
#   Decrease Java heap size (-Xmx/-Xms)
#   Decrease number of Java threads
#   Decrease Java thread stack sizes (-Xss)
#   Set larger code cache with -XX:ReservedCodeCacheSize=
#   JVM is running with Unscaled Compressed Oops mode in which the Java heap is
#     placed in the first 4GB address space. The Java Heap base address is the
#     maximum limit for the native heap growth. Please use -XX:HeapBaseMinAddress
#     to set the Java Heap base and to place the Java Heap above 4GB virtual address.
# This output file may be truncated or incomplete.
#
#  Out of Memory Error (arena.cpp:184), pid=23744, tid=28512
#
# JRE version: Java(TM) SE Runtime Environment (20.0.2+9) (build 20.0.2+9-78)
# Java VM: Java HotSpot(TM) 64-Bit Server VM (20.0.2+9-78, mixed mode, sharing, tiered, compressed oops, compressed class ptrs, g1 gc, windows-amd64)
# No core dump will be written. Minidumps are not enabled by default on client versions of Windows
#

---------------  S U M M A R Y ------------

Command Line: --add-opens=java.base/java.lang=ALL-UNNAMED --add-opens=java.base/java.lang.invoke=ALL-UNNAMED --add-opens=java.base/java.util=ALL-UNNAMED --add-opens=java.prefs/java.util.prefs=ALL-UNNAMED --add-exports=jdk.compiler/com.sun.tools.javac.api=ALL-UNNAMED --add-exports=jdk.compiler/com.sun.tools.javac.util=ALL-UNNAMED --add-opens=java.base/java.util=ALL-UNNAMED --add-opens=java.prefs/java.util.prefs=ALL-UNNAMED --add-opens=java.base/java.nio.charset=ALL-UNNAMED --add-opens=java.base/java.net=ALL-UNNAMED --add-opens=java.base/java.util.concurrent.atomic=ALL-UNNAMED --add-opens=java.xml/javax.xml.namespace=ALL-UNNAMED -XX:MaxMetaspaceSize=384m -XX:+HeapDumpOnOutOfMemoryError -Xms256m -Xmx512m -Dfile.encoding=UTF-8 -Duser.country=ID -Duser.language=en -Duser.variant -javaagent:C:\Users\Ahmad Dzulfikar\.gradle\wrapper\dists\gradle-8.13-bin\5xuhj0ry160q40clulazy9h7d\gradle-8.13\lib\agents\gradle-instrumentation-agent-8.13.jar org.gradle.launcher.daemon.bootstrap.GradleDaemon 8.13

Host: 11th Gen Intel(R) Core(TM) i5-1135G7 @ 2.40GHz, 8 cores, 15G,  Windows 11 , 64 bit Build 22621 (10.0.22621.5262)
Time: Sun May 25 07:33:20 2025 SE Asia Standard Time elapsed time: 66.225456 seconds (0d 0h 1m 6s)

---------------  T H R E A D  ---------------

Current thread (0x00000261791880d0):  JavaThread "C2 CompilerThread0" daemon [_thread_in_native, id=28512, stack(0x000000698ad00000,0x000000698ae00000)]


Current CompileTask:
C2:  66225 4468       4       java.util.Collection::stream (11 bytes)

Stack: [0x000000698ad00000,0x000000698ae00000]
Native frames: (J=compiled Java code, j=interpreted, Vv=VM code, C=native code)
V  [jvm.dll+0x6bc25a]
V  [jvm.dll+0x84971a]
V  [jvm.dll+0x84b315]
V  [jvm.dll+0x84ba13]
V  [jvm.dll+0x280e4f]
V  [jvm.dll+0xc2ab1]
V  [jvm.dll+0xc2dd5]
V  [jvm.dll+0x3bb64c]
V  [jvm.dll+0x385b75]
V  [jvm.dll+0x384fea]
V  [jvm.dll+0x24b529]
V  [jvm.dll+0x24a921]
V  [jvm.dll+0x1ce761]
V  [jvm.dll+0x25a0eb]
V  [jvm.dll+0x2587c0]
V  [jvm.dll+0x3f2dd5]
V  [jvm.dll+0x7f5c76]
V  [jvm.dll+0x6baecb]
C  [ucrtbase.dll+0x29333]
C  [KERNEL32.DLL+0x1259d]
C  [ntdll.dll+0x5af58]


---------------  P R O C E S S  ---------------

Threads class SMR info:
_java_thread_list=0x00000261236bc2c0, length=34, elements={
0x000002616d809720, 0x0000026179180240, 0x00000261791812d0, 0x00000261791821c0,
0x0000026179183e00, 0x0000026179186940, 0x0000026179187370, 0x00000261791880d0,
0x000002617d410060, 0x00000261791480c0, 0x000002617d5f22d0, 0x000002617d502890,
0x000002617ebfd9f0, 0x000002617ebfa730, 0x000002617d68df00, 0x000002617d68f990,
0x000002617d68f440, 0x000002617d68e450, 0x000002617d68fee0, 0x000002617d68e9a0,
0x000002617d68d9b0, 0x000002617d690430, 0x000002617d68cf10, 0x000002617d68d460,
0x000002617d6290b0, 0x000002617d629600, 0x000002617d62bb30, 0x000002617d62c080,
0x000002617d62a0a0, 0x000002617d630590, 0x000002617d62c5d0, 0x000002617d62f050,
0x000002617d62e060, 0x000002617d62b5e0
}

Java Threads: ( => current thread )
  0x000002616d809720 JavaThread "main" [_thread_blocked, id=21836, stack(0x000000698a000000,0x000000698a100000)]
  0x0000026179180240 JavaThread "Reference Handler" daemon [_thread_blocked, id=1436, stack(0x000000698a700000,0x000000698a800000)]
  0x00000261791812d0 JavaThread "Finalizer" daemon [_thread_blocked, id=15948, stack(0x000000698a800000,0x000000698a900000)]
  0x00000261791821c0 JavaThread "Signal Dispatcher" daemon [_thread_blocked, id=32448, stack(0x000000698a900000,0x000000698aa00000)]
  0x0000026179183e00 JavaThread "Attach Listener" daemon [_thread_blocked, id=27536, stack(0x000000698aa00000,0x000000698ab00000)]
  0x0000026179186940 JavaThread "Service Thread" daemon [_thread_blocked, id=28848, stack(0x000000698ab00000,0x000000698ac00000)]
  0x0000026179187370 JavaThread "Monitor Deflation Thread" daemon [_thread_blocked, id=6364, stack(0x000000698ac00000,0x000000698ad00000)]
=>0x00000261791880d0 JavaThread "C2 CompilerThread0" daemon [_thread_in_native, id=28512, stack(0x000000698ad00000,0x000000698ae00000)]
  0x000002617d410060 JavaThread "C1 CompilerThread0" daemon [_thread_blocked, id=26540, stack(0x000000698ae00000,0x000000698af00000)]
  0x00000261791480c0 JavaThread "Common-Cleaner" daemon [_thread_blocked, id=18236, stack(0x000000698af00000,0x000000698b000000)]
  0x000002617d5f22d0 JavaThread "Notification Thread" daemon [_thread_blocked, id=29508, stack(0x000000698b000000,0x000000698b100000)]
  0x000002617d502890 JavaThread "Daemon health stats" [_thread_blocked, id=20244, stack(0x000000698b900000,0x000000698ba00000)]
  0x000002617ebfd9f0 JavaThread "Incoming local TCP Connector on port 57377" [_thread_in_native, id=31964, stack(0x000000698ba00000,0x000000698bb00000)]
  0x000002617ebfa730 JavaThread "Daemon periodic checks" [_thread_blocked, id=21100, stack(0x000000698bc00000,0x000000698bd00000)]
  0x000002617d68df00 JavaThread "Daemon" [_thread_blocked, id=30732, stack(0x000000698bb00000,0x000000698bc00000)]
  0x000002617d68f990 JavaThread "Handler for socket connection from /127.0.0.1:57377 to /127.0.0.1:57379" [_thread_in_native, id=30712, stack(0x000000698bd00000,0x000000698be00000)]
  0x000002617d68f440 JavaThread "Cancel handler" [_thread_blocked, id=13056, stack(0x000000698be00000,0x000000698bf00000)]
  0x000002617d68e450 JavaThread "Daemon worker" [_thread_blocked, id=28780, stack(0x000000698bf00000,0x000000698c000000)]
  0x000002617d68fee0 JavaThread "Asynchronous log dispatcher for DefaultDaemonConnection: socket connection from /127.0.0.1:57377 to /127.0.0.1:57379" [_thread_blocked, id=8704, stack(0x000000698c000000,0x000000698c100000)]
  0x000002617d68e9a0 JavaThread "Stdin handler" [_thread_blocked, id=9272, stack(0x000000698c100000,0x000000698c200000)]
  0x000002617d68d9b0 JavaThread "Daemon client event forwarder" [_thread_blocked, id=32472, stack(0x000000698c200000,0x000000698c300000)]
  0x000002617d690430 JavaThread "Cache worker for journal cache (C:\Users\Ahmad Dzulfikar\.gradle\caches\journal-1)" [_thread_blocked, id=12620, stack(0x000000698c300000,0x000000698c400000)]
  0x000002617d68cf10 JavaThread "File lock request listener" [_thread_in_native, id=31716, stack(0x000000698c400000,0x000000698c500000)]
  0x000002617d68d460 JavaThread "File lock release action executor" [_thread_blocked, id=32792, stack(0x000000698c500000,0x000000698c600000)]
  0x000002617d6290b0 JavaThread "Cache worker for file hash cache (C:\Users\Ahmad Dzulfikar\.gradle\caches\8.13\fileHashes)" [_thread_blocked, id=33172, stack(0x000000698c600000,0x000000698c700000)]
  0x000002617d629600 JavaThread "Cache worker for file hash cache (C:\Users\Ahmad Dzulfikar\IdeaProjects\authentication\.gradle\8.13\fileHashes)" [_thread_blocked, id=31520, stack(0x000000698c800000,0x000000698c900000)]
  0x000002617d62bb30 JavaThread "Cache worker for Build Output Cleanup Cache (C:\Users\Ahmad Dzulfikar\IdeaProjects\authentication\.gradle\buildOutputCleanup)" [_thread_blocked, id=32196, stack(0x000000698c900000,0x000000698ca00000)]
  0x000002617d62c080 JavaThread "File watcher server" daemon [_thread_in_native, id=27408, stack(0x000000698ca00000,0x000000698cb00000)]
  0x000002617d62a0a0 JavaThread "File watcher consumer" daemon [_thread_blocked, id=17428, stack(0x000000698cb00000,0x000000698cc00000)]
  0x000002617d630590 JavaThread "jar transforms" [_thread_blocked, id=33468, stack(0x000000698cc00000,0x000000698cd00000)]
  0x000002617d62c5d0 JavaThread "jar transforms Thread 2" [_thread_blocked, id=33956, stack(0x000000698cf00000,0x000000698d000000)]
  0x000002617d62f050 JavaThread "Cache worker for checksums cache (C:\Users\Ahmad Dzulfikar\IdeaProjects\authentication\.gradle\8.13\checksums)" [_thread_blocked, id=34496, stack(0x0000006989d00000,0x0000006989e00000)]
  0x000002617d62e060 JavaThread "Cache worker for file content cache (C:\Users\Ahmad Dzulfikar\.gradle\caches\8.13\fileContent)" [_thread_blocked, id=34516, stack(0x0000006989e00000,0x0000006989f00000)]
  0x000002617d62b5e0 JavaThread "jar transforms Thread 3" [_thread_blocked, id=34768, stack(0x0000006989f00000,0x000000698a000000)]

Other Threads:
  0x000002617915efa0 VMThread "VM Thread" [stack: 0x000000698a600000,0x000000698a700000] [id=32516]
  0x000002616d80a8f0 WatcherThread "VM Periodic Task Thread" [stack: 0x000000698b100000,0x000000698b200000] [id=31900]
  0x000002616d83c8d0 WorkerThread "GC Thread#0" [stack: 0x000000698a100000,0x000000698a200000] [id=27004]
  0x000002617d8af190 WorkerThread "GC Thread#1" [stack: 0x000000698b300000,0x000000698b400000] [id=25556]
  0x000002617d7cb4c0 WorkerThread "GC Thread#2" [stack: 0x000000698b400000,0x000000698b500000] [id=31488]
  0x000002617d7cb790 WorkerThread "GC Thread#3" [stack: 0x000000698b500000,0x000000698b600000] [id=30424]
  0x000002617d757c10 WorkerThread "GC Thread#4" [stack: 0x000000698b600000,0x000000698b700000] [id=18860]
  0x000002617d758750 WorkerThread "GC Thread#5" [stack: 0x000000698b700000,0x000000698b800000] [id=31288]
  0x000002617d89e5c0 WorkerThread "GC Thread#6" [stack: 0x000000698b200000,0x000000698b300000] [id=25344]
  0x000002617d89d7b0 WorkerThread "GC Thread#7" [stack: 0x000000698b800000,0x000000698b900000] [id=31328]
  0x000002616b66e8c0 ConcurrentGCThread "G1 Main Marker" [stack: 0x000000698a200000,0x000000698a300000] [id=21584]
  0x000002616d83e2d0 WorkerThread "G1 Conc#0" [stack: 0x000000698a300000,0x000000698a400000] [id=33060]
  0x000002617d89ff10 WorkerThread "G1 Conc#1" [stack: 0x000000698c700000,0x000000698c800000] [id=29168]
  0x000002616d8bebe0 ConcurrentGCThread "G1 Refine#0" [stack: 0x000000698a400000,0x000000698a500000] [id=1008]
  0x00000261790208a0 ConcurrentGCThread "G1 Service" [stack: 0x000000698a500000,0x000000698a600000] [id=24160]

Threads with active compile tasks:
C2 CompilerThread0    66331 4468       4       java.util.Collection::stream (11 bytes)

VM state: not at safepoint (normal execution)

VM Mutex/Monitor currently owned by a thread: None

Heap address: 0x00000000e0000000, size: 512 MB, Compressed Oops mode: 32-bit

CDS archive(s) mapped at: [0x000002610f000000-0x000002610fc60000-0x000002610fc60000), size 12976128, SharedBaseAddress: 0x000002610f000000, ArchiveRelocationMode: 1.
Compressed class space mapped at: 0x0000026110000000-0x0000026123400000, reserved size: 322961408
Narrow klass base: 0x000002610f000000, Narrow klass shift: 0, Narrow klass range: 0x100000000

GC Precious Log:
 CardTable entry size: 512
 Card Set container configuration: InlinePtr #cards 5 size 8 Array Of Cards #cards 12 size 40 Howl #buckets 4 coarsen threshold 1843 Howl Bitmap #cards 512 size 80 coarsen threshold 460 Card regions per heap region 1 cards per card region 2048
 CPUs: 8 total, 8 available
 Memory: 16179M
 Large Page Support: Disabled
 NUMA Support: Disabled
 Compressed Oops: Enabled (32-bit)
 Heap Region Size: 1M
 Heap Min Capacity: 256M
 Heap Initial Capacity: 256M
 Heap Max Capacity: 512M
 Pre-touch: Disabled
 Parallel Workers: 8
 Concurrent Workers: 2
 Concurrent Refinement Workers: 8
 Periodic GC: Disabled

Heap:
 garbage-first heap   total 262144K, used 135755K [0x00000000e0000000, 0x0000000100000000)
  region size 1024K, 118 young (120832K), 12 survivors (12288K)
 Metaspace       used 34793K, committed 35840K, reserved 380928K
  class space    used 4783K, committed 5312K, reserved 315392K

Heap Regions: E=young(eden), S=young(survivor), O=old, HS=humongous(starts), HC=humongous(continues), CS=collection set, F=free, OA=open archive, CA=closed archive, TAMS=top-at-mark-start, PB=parsable bottom
|   0|0x00000000e0000000, 0x00000000e0100000, 0x00000000e0100000|100%|HS|  |TAMS 0x00000000e0000000| PB 0x00000000e0000000| Complete 
|   1|0x00000000e0100000, 0x00000000e0200000, 0x00000000e0200000|100%|HC|  |TAMS 0x00000000e0100000| PB 0x00000000e0100000| Complete 
|   2|0x00000000e0200000, 0x00000000e0300000, 0x00000000e0300000|100%|HC|  |TAMS 0x00000000e0200000| PB 0x00000000e0200000| Complete 
|   3|0x00000000e0300000, 0x00000000e0400000, 0x00000000e0400000|100%| O|  |TAMS 0x00000000e0300000| PB 0x00000000e0300000| Untracked 
|   4|0x00000000e0400000, 0x00000000e0500000, 0x00000000e0500000|100%| O|  |TAMS 0x00000000e0400000| PB 0x00000000e0400000| Untracked 
|   5|0x00000000e0500000, 0x00000000e0600000, 0x00000000e0600000|100%| O|  |TAMS 0x00000000e0500000| PB 0x00000000e0500000| Untracked 
|   6|0x00000000e0600000, 0x00000000e0700000, 0x00000000e0700000|100%|HS|  |TAMS 0x00000000e0600000| PB 0x00000000e0600000| Complete 
|   7|0x00000000e0700000, 0x00000000e0800000, 0x00000000e0800000|100%|HS|  |TAMS 0x00000000e0700000| PB 0x00000000e0700000| Complete 
|   8|0x00000000e0800000, 0x00000000e0900000, 0x00000000e0900000|100%| O|  |TAMS 0x00000000e0800000| PB 0x00000000e0800000| Untracked 
|   9|0x00000000e0900000, 0x00000000e0a00000, 0x00000000e0a00000|100%| O|  |TAMS 0x00000000e0900000| PB 0x00000000e0900000| Complete 
|  10|0x00000000e0a00000, 0x00000000e0b00000, 0x00000000e0b00000|100%| O|  |TAMS 0x00000000e0a00000| PB 0x00000000e0a00000| Untracked 
|  11|0x00000000e0b00000, 0x00000000e0c00000, 0x00000000e0c00000|100%| O|  |TAMS 0x00000000e0b00000| PB 0x00000000e0b00000| Untracked 
|  12|0x00000000e0c00000, 0x00000000e0ce3e00, 0x00000000e0d00000| 89%| O|  |TAMS 0x00000000e0c00000| PB 0x00000000e0c00000| Untracked 
|  13|0x00000000e0d00000, 0x00000000e0e00000, 0x00000000e0e00000|100%|HS|  |TAMS 0x00000000e0d00000| PB 0x00000000e0d00000| Complete 
|  14|0x00000000e0e00000, 0x00000000e0f00000, 0x00000000e0f00000|100%|HC|  |TAMS 0x00000000e0e00000| PB 0x00000000e0e00000| Complete 
|  15|0x00000000e0f00000, 0x00000000e1000000, 0x00000000e1000000|100%|HS|  |TAMS 0x00000000e0f00000| PB 0x00000000e0f00000| Complete 
|  16|0x00000000e1000000, 0x00000000e1100000, 0x00000000e1100000|100%|HC|  |TAMS 0x00000000e1000000| PB 0x00000000e1000000| Complete 
|  17|0x00000000e1100000, 0x00000000e1100000, 0x00000000e1200000|  0%| F|  |TAMS 0x00000000e1100000| PB 0x00000000e1100000| Untracked 
|  18|0x00000000e1200000, 0x00000000e1200000, 0x00000000e1300000|  0%| F|  |TAMS 0x00000000e1200000| PB 0x00000000e1200000| Untracked 
|  19|0x00000000e1300000, 0x00000000e1300000, 0x00000000e1400000|  0%| F|  |TAMS 0x00000000e1300000| PB 0x00000000e1300000| Untracked 
|  20|0x00000000e1400000, 0x00000000e1400000, 0x00000000e1500000|  0%| F|  |TAMS 0x00000000e1400000| PB 0x00000000e1400000| Untracked 
|  21|0x00000000e1500000, 0x00000000e1500000, 0x00000000e1600000|  0%| F|  |TAMS 0x00000000e1500000| PB 0x00000000e1500000| Untracked 
|  22|0x00000000e1600000, 0x00000000e1600000, 0x00000000e1700000|  0%| F|  |TAMS 0x00000000e1600000| PB 0x00000000e1600000| Untracked 
|  23|0x00000000e1700000, 0x00000000e1700000, 0x00000000e1800000|  0%| F|  |TAMS 0x00000000e1700000| PB 0x00000000e1700000| Untracked 
|  24|0x00000000e1800000, 0x00000000e1800000, 0x00000000e1900000|  0%| F|  |TAMS 0x00000000e1800000| PB 0x00000000e1800000| Untracked 
|  25|0x00000000e1900000, 0x00000000e1900000, 0x00000000e1a00000|  0%| F|  |TAMS 0x00000000e1900000| PB 0x00000000e1900000| Untracked 
|  26|0x00000000e1a00000, 0x00000000e1a00000, 0x00000000e1b00000|  0%| F|  |TAMS 0x00000000e1a00000| PB 0x00000000e1a00000| Untracked 
|  27|0x00000000e1b00000, 0x00000000e1b00000, 0x00000000e1c00000|  0%| F|  |TAMS 0x00000000e1b00000| PB 0x00000000e1b00000| Untracked 
|  28|0x00000000e1c00000, 0x00000000e1c00000, 0x00000000e1d00000|  0%| F|  |TAMS 0x00000000e1c00000| PB 0x00000000e1c00000| Untracked 
|  29|0x00000000e1d00000, 0x00000000e1d00000, 0x00000000e1e00000|  0%| F|  |TAMS 0x00000000e1d00000| PB 0x00000000e1d00000| Untracked 
|  30|0x00000000e1e00000, 0x00000000e1e00000, 0x00000000e1f00000|  0%| F|  |TAMS 0x00000000e1e00000| PB 0x00000000e1e00000| Untracked 
|  31|0x00000000e1f00000, 0x00000000e1f00000, 0x00000000e2000000|  0%| F|  |TAMS 0x00000000e1f00000| PB 0x00000000e1f00000| Untracked 
|  32|0x00000000e2000000, 0x00000000e2000000, 0x00000000e2100000|  0%| F|  |TAMS 0x00000000e2000000| PB 0x00000000e2000000| Untracked 
|  33|0x00000000e2100000, 0x00000000e2100000, 0x00000000e2200000|  0%| F|  |TAMS 0x00000000e2100000| PB 0x00000000e2100000| Untracked 
|  34|0x00000000e2200000, 0x00000000e2200000, 0x00000000e2300000|  0%| F|  |TAMS 0x00000000e2200000| PB 0x00000000e2200000| Untracked 
|  35|0x00000000e2300000, 0x00000000e2300000, 0x00000000e2400000|  0%| F|  |TAMS 0x00000000e2300000| PB 0x00000000e2300000| Untracked 
|  36|0x00000000e2400000, 0x00000000e2400000, 0x00000000e2500000|  0%| F|  |TAMS 0x00000000e2400000| PB 0x00000000e2400000| Untracked 
|  37|0x00000000e2500000, 0x00000000e2500000, 0x00000000e2600000|  0%| F|  |TAMS 0x00000000e2500000| PB 0x00000000e2500000| Untracked 
|  38|0x00000000e2600000, 0x00000000e2600000, 0x00000000e2700000|  0%| F|  |TAMS 0x00000000e2600000| PB 0x00000000e2600000| Untracked 
|  39|0x00000000e2700000, 0x00000000e2700000, 0x00000000e2800000|  0%| F|  |TAMS 0x00000000e2700000| PB 0x00000000e2700000| Untracked 
|  40|0x00000000e2800000, 0x00000000e2800000, 0x00000000e2900000|  0%| F|  |TAMS 0x00000000e2800000| PB 0x00000000e2800000| Untracked 
|  41|0x00000000e2900000, 0x00000000e2900000, 0x00000000e2a00000|  0%| F|  |TAMS 0x00000000e2900000| PB 0x00000000e2900000| Untracked 
|  42|0x00000000e2a00000, 0x00000000e2a00000, 0x00000000e2b00000|  0%| F|  |TAMS 0x00000000e2a00000| PB 0x00000000e2a00000| Untracked 
|  43|0x00000000e2b00000, 0x00000000e2b00000, 0x00000000e2c00000|  0%| F|  |TAMS 0x00000000e2b00000| PB 0x00000000e2b00000| Untracked 
|  44|0x00000000e2c00000, 0x00000000e2c00000, 0x00000000e2d00000|  0%| F|  |TAMS 0x00000000e2c00000| PB 0x00000000e2c00000| Untracked 
|  45|0x00000000e2d00000, 0x00000000e2d00000, 0x00000000e2e00000|  0%| F|  |TAMS 0x00000000e2d00000| PB 0x00000000e2d00000| Untracked 
|  46|0x00000000e2e00000, 0x00000000e2e00000, 0x00000000e2f00000|  0%| F|  |TAMS 0x00000000e2e00000| PB 0x00000000e2e00000| Untracked 
|  47|0x00000000e2f00000, 0x00000000e2f00000, 0x00000000e3000000|  0%| F|  |TAMS 0x00000000e2f00000| PB 0x00000000e2f00000| Untracked 
|  48|0x00000000e3000000, 0x00000000e3000000, 0x00000000e3100000|  0%| F|  |TAMS 0x00000000e3000000| PB 0x00000000e3000000| Untracked 
|  49|0x00000000e3100000, 0x00000000e3100000, 0x00000000e3200000|  0%| F|  |TAMS 0x00000000e3100000| PB 0x00000000e3100000| Untracked 
|  50|0x00000000e3200000, 0x00000000e3200000, 0x00000000e3300000|  0%| F|  |TAMS 0x00000000e3200000| PB 0x00000000e3200000| Untracked 
|  51|0x00000000e3300000, 0x00000000e3300000, 0x00000000e3400000|  0%| F|  |TAMS 0x00000000e3300000| PB 0x00000000e3300000| Untracked 
|  52|0x00000000e3400000, 0x00000000e3400000, 0x00000000e3500000|  0%| F|  |TAMS 0x00000000e3400000| PB 0x00000000e3400000| Untracked 
|  53|0x00000000e3500000, 0x00000000e3500000, 0x00000000e3600000|  0%| F|  |TAMS 0x00000000e3500000| PB 0x00000000e3500000| Untracked 
|  54|0x00000000e3600000, 0x00000000e3600000, 0x00000000e3700000|  0%| F|  |TAMS 0x00000000e3600000| PB 0x00000000e3600000| Untracked 
|  55|0x00000000e3700000, 0x00000000e3700000, 0x00000000e3800000|  0%| F|  |TAMS 0x00000000e3700000| PB 0x00000000e3700000| Untracked 
|  56|0x00000000e3800000, 0x00000000e3800000, 0x00000000e3900000|  0%| F|  |TAMS 0x00000000e3800000| PB 0x00000000e3800000| Untracked 
|  57|0x00000000e3900000, 0x00000000e3900000, 0x00000000e3a00000|  0%| F|  |TAMS 0x00000000e3900000| PB 0x00000000e3900000| Untracked 
|  58|0x00000000e3a00000, 0x00000000e3a00000, 0x00000000e3b00000|  0%| F|  |TAMS 0x00000000e3a00000| PB 0x00000000e3a00000| Untracked 
|  59|0x00000000e3b00000, 0x00000000e3b00000, 0x00000000e3c00000|  0%| F|  |TAMS 0x00000000e3b00000| PB 0x00000000e3b00000| Untracked 
|  60|0x00000000e3c00000, 0x00000000e3c00000, 0x00000000e3d00000|  0%| F|  |TAMS 0x00000000e3c00000| PB 0x00000000e3c00000| Untracked 
|  61|0x00000000e3d00000, 0x00000000e3d00000, 0x00000000e3e00000|  0%| F|  |TAMS 0x00000000e3d00000| PB 0x00000000e3d00000| Untracked 
|  62|0x00000000e3e00000, 0x00000000e3e00000, 0x00000000e3f00000|  0%| F|  |TAMS 0x00000000e3e00000| PB 0x00000000e3e00000| Untracked 
|  63|0x00000000e3f00000, 0x00000000e3f00000, 0x00000000e4000000|  0%| F|  |TAMS 0x00000000e3f00000| PB 0x00000000e3f00000| Untracked 
|  64|0x00000000e4000000, 0x00000000e4000000, 0x00000000e4100000|  0%| F|  |TAMS 0x00000000e4000000| PB 0x00000000e4000000| Untracked 
|  65|0x00000000e4100000, 0x00000000e4100000, 0x00000000e4200000|  0%| F|  |TAMS 0x00000000e4100000| PB 0x00000000e4100000| Untracked 
|  66|0x00000000e4200000, 0x00000000e4200000, 0x00000000e4300000|  0%| F|  |TAMS 0x00000000e4200000| PB 0x00000000e4200000| Untracked 
|  67|0x00000000e4300000, 0x00000000e4300000, 0x00000000e4400000|  0%| F|  |TAMS 0x00000000e4300000| PB 0x00000000e4300000| Untracked 
|  68|0x00000000e4400000, 0x00000000e4400000, 0x00000000e4500000|  0%| F|  |TAMS 0x00000000e4400000| PB 0x00000000e4400000| Untracked 
|  69|0x00000000e4500000, 0x00000000e4500000, 0x00000000e4600000|  0%| F|  |TAMS 0x00000000e4500000| PB 0x00000000e4500000| Untracked 
|  70|0x00000000e4600000, 0x00000000e4600000, 0x00000000e4700000|  0%| F|  |TAMS 0x00000000e4600000| PB 0x00000000e4600000| Untracked 
|  71|0x00000000e4700000, 0x00000000e4700000, 0x00000000e4800000|  0%| F|  |TAMS 0x00000000e4700000| PB 0x00000000e4700000| Untracked 
|  72|0x00000000e4800000, 0x00000000e4800000, 0x00000000e4900000|  0%| F|  |TAMS 0x00000000e4800000| PB 0x00000000e4800000| Untracked 
|  73|0x00000000e4900000, 0x00000000e4900000, 0x00000000e4a00000|  0%| F|  |TAMS 0x00000000e4900000| PB 0x00000000e4900000| Untracked 
|  74|0x00000000e4a00000, 0x00000000e4a00000, 0x00000000e4b00000|  0%| F|  |TAMS 0x00000000e4a00000| PB 0x00000000e4a00000| Untracked 
|  75|0x00000000e4b00000, 0x00000000e4b00000, 0x00000000e4c00000|  0%| F|  |TAMS 0x00000000e4b00000| PB 0x00000000e4b00000| Untracked 
|  76|0x00000000e4c00000, 0x00000000e4c00000, 0x00000000e4d00000|  0%| F|  |TAMS 0x00000000e4c00000| PB 0x00000000e4c00000| Untracked 
|  77|0x00000000e4d00000, 0x00000000e4d00000, 0x00000000e4e00000|  0%| F|  |TAMS 0x00000000e4d00000| PB 0x00000000e4d00000| Untracked 
|  78|0x00000000e4e00000, 0x00000000e4e00000, 0x00000000e4f00000|  0%| F|  |TAMS 0x00000000e4e00000| PB 0x00000000e4e00000| Untracked 
|  79|0x00000000e4f00000, 0x00000000e4f00000, 0x00000000e5000000|  0%| F|  |TAMS 0x00000000e4f00000| PB 0x00000000e4f00000| Untracked 
|  80|0x00000000e5000000, 0x00000000e5000000, 0x00000000e5100000|  0%| F|  |TAMS 0x00000000e5000000| PB 0x00000000e5000000| Untracked 
|  81|0x00000000e5100000, 0x00000000e5100000, 0x00000000e5200000|  0%| F|  |TAMS 0x00000000e5100000| PB 0x00000000e5100000| Untracked 
|  82|0x00000000e5200000, 0x00000000e5200000, 0x00000000e5300000|  0%| F|  |TAMS 0x00000000e5200000| PB 0x00000000e5200000| Untracked 
|  83|0x00000000e5300000, 0x00000000e5300000, 0x00000000e5400000|  0%| F|  |TAMS 0x00000000e5300000| PB 0x00000000e5300000| Untracked 
|  84|0x00000000e5400000, 0x00000000e5400000, 0x00000000e5500000|  0%| F|  |TAMS 0x00000000e5400000| PB 0x00000000e5400000| Untracked 
|  85|0x00000000e5500000, 0x00000000e5500000, 0x00000000e5600000|  0%| F|  |TAMS 0x00000000e5500000| PB 0x00000000e5500000| Untracked 
|  86|0x00000000e5600000, 0x00000000e5600000, 0x00000000e5700000|  0%| F|  |TAMS 0x00000000e5600000| PB 0x00000000e5600000| Untracked 
|  87|0x00000000e5700000, 0x00000000e5700000, 0x00000000e5800000|  0%| F|  |TAMS 0x00000000e5700000| PB 0x00000000e5700000| Untracked 
|  88|0x00000000e5800000, 0x00000000e5800000, 0x00000000e5900000|  0%| F|  |TAMS 0x00000000e5800000| PB 0x00000000e5800000| Untracked 
|  89|0x00000000e5900000, 0x00000000e5900000, 0x00000000e5a00000|  0%| F|  |TAMS 0x00000000e5900000| PB 0x00000000e5900000| Untracked 
|  90|0x00000000e5a00000, 0x00000000e5a00000, 0x00000000e5b00000|  0%| F|  |TAMS 0x00000000e5a00000| PB 0x00000000e5a00000| Untracked 
|  91|0x00000000e5b00000, 0x00000000e5b00000, 0x00000000e5c00000|  0%| F|  |TAMS 0x00000000e5b00000| PB 0x00000000e5b00000| Untracked 
|  92|0x00000000e5c00000, 0x00000000e5c00000, 0x00000000e5d00000|  0%| F|  |TAMS 0x00000000e5c00000| PB 0x00000000e5c00000| Untracked 
|  93|0x00000000e5d00000, 0x00000000e5d00000, 0x00000000e5e00000|  0%| F|  |TAMS 0x00000000e5d00000| PB 0x00000000e5d00000| Untracked 
|  94|0x00000000e5e00000, 0x00000000e5e00000, 0x00000000e5f00000|  0%| F|  |TAMS 0x00000000e5e00000| PB 0x00000000e5e00000| Untracked 
|  95|0x00000000e5f00000, 0x00000000e5f00000, 0x00000000e6000000|  0%| F|  |TAMS 0x00000000e5f00000| PB 0x00000000e5f00000| Untracked 
|  96|0x00000000e6000000, 0x00000000e6000000, 0x00000000e6100000|  0%| F|  |TAMS 0x00000000e6000000| PB 0x00000000e6000000| Untracked 
|  97|0x00000000e6100000, 0x00000000e6100000, 0x00000000e6200000|  0%| F|  |TAMS 0x00000000e6100000| PB 0x00000000e6100000| Untracked 
|  98|0x00000000e6200000, 0x00000000e6200000, 0x00000000e6300000|  0%| F|  |TAMS 0x00000000e6200000| PB 0x00000000e6200000| Untracked 
|  99|0x00000000e6300000, 0x00000000e6300000, 0x00000000e6400000|  0%| F|  |TAMS 0x00000000e6300000| PB 0x00000000e6300000| Untracked 
| 100|0x00000000e6400000, 0x00000000e6400000, 0x00000000e6500000|  0%| F|  |TAMS 0x00000000e6400000| PB 0x00000000e6400000| Untracked 
| 101|0x00000000e6500000, 0x00000000e6500000, 0x00000000e6600000|  0%| F|  |TAMS 0x00000000e6500000| PB 0x00000000e6500000| Untracked 
| 102|0x00000000e6600000, 0x00000000e6600000, 0x00000000e6700000|  0%| F|  |TAMS 0x00000000e6600000| PB 0x00000000e6600000| Untracked 
| 103|0x00000000e6700000, 0x00000000e6700000, 0x00000000e6800000|  0%| F|  |TAMS 0x00000000e6700000| PB 0x00000000e6700000| Untracked 
| 104|0x00000000e6800000, 0x00000000e6800000, 0x00000000e6900000|  0%| F|  |TAMS 0x00000000e6800000| PB 0x00000000e6800000| Untracked 
| 105|0x00000000e6900000, 0x00000000e6900000, 0x00000000e6a00000|  0%| F|  |TAMS 0x00000000e6900000| PB 0x00000000e6900000| Untracked 
| 106|0x00000000e6a00000, 0x00000000e6a00000, 0x00000000e6b00000|  0%| F|  |TAMS 0x00000000e6a00000| PB 0x00000000e6a00000| Untracked 
| 107|0x00000000e6b00000, 0x00000000e6b00000, 0x00000000e6c00000|  0%| F|  |TAMS 0x00000000e6b00000| PB 0x00000000e6b00000| Untracked 
| 108|0x00000000e6c00000, 0x00000000e6c00000, 0x00000000e6d00000|  0%| F|  |TAMS 0x00000000e6c00000| PB 0x00000000e6c00000| Untracked 
| 109|0x00000000e6d00000, 0x00000000e6d00000, 0x00000000e6e00000|  0%| F|  |TAMS 0x00000000e6d00000| PB 0x00000000e6d00000| Untracked 
| 110|0x00000000e6e00000, 0x00000000e6e00000, 0x00000000e6f00000|  0%| F|  |TAMS 0x00000000e6e00000| PB 0x00000000e6e00000| Untracked 
| 111|0x00000000e6f00000, 0x00000000e6f00000, 0x00000000e7000000|  0%| F|  |TAMS 0x00000000e6f00000| PB 0x00000000e6f00000| Untracked 
| 112|0x00000000e7000000, 0x00000000e7000000, 0x00000000e7100000|  0%| F|  |TAMS 0x00000000e7000000| PB 0x00000000e7000000| Untracked 
| 113|0x00000000e7100000, 0x00000000e7100000, 0x00000000e7200000|  0%| F|  |TAMS 0x00000000e7100000| PB 0x00000000e7100000| Untracked 
| 114|0x00000000e7200000, 0x00000000e7200000, 0x00000000e7300000|  0%| F|  |TAMS 0x00000000e7200000| PB 0x00000000e7200000| Untracked 
| 115|0x00000000e7300000, 0x00000000e7300000, 0x00000000e7400000|  0%| F|  |TAMS 0x00000000e7300000| PB 0x00000000e7300000| Untracked 
| 116|0x00000000e7400000, 0x00000000e7400000, 0x00000000e7500000|  0%| F|  |TAMS 0x00000000e7400000| PB 0x00000000e7400000| Untracked 
| 117|0x00000000e7500000, 0x00000000e7500000, 0x00000000e7600000|  0%| F|  |TAMS 0x00000000e7500000| PB 0x00000000e7500000| Untracked 
| 118|0x00000000e7600000, 0x00000000e7600000, 0x00000000e7700000|  0%| F|  |TAMS 0x00000000e7600000| PB 0x00000000e7600000| Untracked 
| 119|0x00000000e7700000, 0x00000000e7700000, 0x00000000e7800000|  0%| F|  |TAMS 0x00000000e7700000| PB 0x00000000e7700000| Untracked 
| 120|0x00000000e7800000, 0x00000000e7800000, 0x00000000e7900000|  0%| F|  |TAMS 0x00000000e7800000| PB 0x00000000e7800000| Untracked 
| 121|0x00000000e7900000, 0x00000000e7900000, 0x00000000e7a00000|  0%| F|  |TAMS 0x00000000e7900000| PB 0x00000000e7900000| Untracked 
| 122|0x00000000e7a00000, 0x00000000e7a00000, 0x00000000e7b00000|  0%| F|  |TAMS 0x00000000e7a00000| PB 0x00000000e7a00000| Untracked 
| 123|0x00000000e7b00000, 0x00000000e7b00000, 0x00000000e7c00000|  0%| F|  |TAMS 0x00000000e7b00000| PB 0x00000000e7b00000| Untracked 
| 124|0x00000000e7c00000, 0x00000000e7c00000, 0x00000000e7d00000|  0%| F|  |TAMS 0x00000000e7c00000| PB 0x00000000e7c00000| Untracked 
| 125|0x00000000e7d00000, 0x00000000e7d00000, 0x00000000e7e00000|  0%| F|  |TAMS 0x00000000e7d00000| PB 0x00000000e7d00000| Untracked 
| 126|0x00000000e7e00000, 0x00000000e7e00000, 0x00000000e7f00000|  0%| F|  |TAMS 0x00000000e7e00000| PB 0x00000000e7e00000| Untracked 
| 127|0x00000000e7f00000, 0x00000000e7f00000, 0x00000000e8000000|  0%| F|  |TAMS 0x00000000e7f00000| PB 0x00000000e7f00000| Untracked 
| 128|0x00000000e8000000, 0x00000000e8000000, 0x00000000e8100000|  0%| F|  |TAMS 0x00000000e8000000| PB 0x00000000e8000000| Untracked 
| 129|0x00000000e8100000, 0x00000000e8100000, 0x00000000e8200000|  0%| F|  |TAMS 0x00000000e8100000| PB 0x00000000e8100000| Untracked 
| 130|0x00000000e8200000, 0x00000000e8200000, 0x00000000e8300000|  0%| F|  |TAMS 0x00000000e8200000| PB 0x00000000e8200000| Untracked 
| 131|0x00000000e8300000, 0x00000000e8300000, 0x00000000e8400000|  0%| F|  |TAMS 0x00000000e8300000| PB 0x00000000e8300000| Untracked 
| 132|0x00000000e8400000, 0x00000000e8400000, 0x00000000e8500000|  0%| F|  |TAMS 0x00000000e8400000| PB 0x00000000e8400000| Untracked 
| 133|0x00000000e8500000, 0x00000000e8500000, 0x00000000e8600000|  0%| F|  |TAMS 0x00000000e8500000| PB 0x00000000e8500000| Untracked 
| 134|0x00000000e8600000, 0x00000000e8600000, 0x00000000e8700000|  0%| F|  |TAMS 0x00000000e8600000| PB 0x00000000e8600000| Untracked 
| 135|0x00000000e8700000, 0x00000000e8700000, 0x00000000e8800000|  0%| F|  |TAMS 0x00000000e8700000| PB 0x00000000e8700000| Untracked 
| 136|0x00000000e8800000, 0x00000000e8800000, 0x00000000e8900000|  0%| F|  |TAMS 0x00000000e8800000| PB 0x00000000e8800000| Untracked 
| 137|0x00000000e8900000, 0x00000000e8900000, 0x00000000e8a00000|  0%| F|  |TAMS 0x00000000e8900000| PB 0x00000000e8900000| Untracked 
| 138|0x00000000e8a00000, 0x00000000e8a5abe8, 0x00000000e8b00000| 35%| E|  |TAMS 0x00000000e8a00000| PB 0x00000000e8a00000| Complete 
| 139|0x00000000e8b00000, 0x00000000e8c00000, 0x00000000e8c00000|100%| E|CS|TAMS 0x00000000e8b00000| PB 0x00000000e8b00000| Complete 
| 140|0x00000000e8c00000, 0x00000000e8d00000, 0x00000000e8d00000|100%| E|CS|TAMS 0x00000000e8c00000| PB 0x00000000e8c00000| Complete 
| 141|0x00000000e8d00000, 0x00000000e8e00000, 0x00000000e8e00000|100%| E|CS|TAMS 0x00000000e8d00000| PB 0x00000000e8d00000| Complete 
| 142|0x00000000e8e00000, 0x00000000e8f00000, 0x00000000e8f00000|100%| E|CS|TAMS 0x00000000e8e00000| PB 0x00000000e8e00000| Complete 
| 143|0x00000000e8f00000, 0x00000000e9000000, 0x00000000e9000000|100%| E|  |TAMS 0x00000000e8f00000| PB 0x00000000e8f00000| Complete 
| 144|0x00000000e9000000, 0x00000000e9100000, 0x00000000e9100000|100%| E|CS|TAMS 0x00000000e9000000| PB 0x00000000e9000000| Complete 
| 145|0x00000000e9100000, 0x00000000e9200000, 0x00000000e9200000|100%| E|CS|TAMS 0x00000000e9100000| PB 0x00000000e9100000| Complete 
| 146|0x00000000e9200000, 0x00000000e9300000, 0x00000000e9300000|100%| E|CS|TAMS 0x00000000e9200000| PB 0x00000000e9200000| Complete 
| 147|0x00000000e9300000, 0x00000000e9400000, 0x00000000e9400000|100%| E|CS|TAMS 0x00000000e9300000| PB 0x00000000e9300000| Complete 
| 148|0x00000000e9400000, 0x00000000e9500000, 0x00000000e9500000|100%| E|CS|TAMS 0x00000000e9400000| PB 0x00000000e9400000| Complete 
| 149|0x00000000e9500000, 0x00000000e9600000, 0x00000000e9600000|100%| E|CS|TAMS 0x00000000e9500000| PB 0x00000000e9500000| Complete 
| 150|0x00000000e9600000, 0x00000000e9700000, 0x00000000e9700000|100%| E|CS|TAMS 0x00000000e9600000| PB 0x00000000e9600000| Complete 
| 151|0x00000000e9700000, 0x00000000e97aef00, 0x00000000e9800000| 68%| S|CS|TAMS 0x00000000e9700000| PB 0x00000000e9700000| Complete 
| 152|0x00000000e9800000, 0x00000000e9900000, 0x00000000e9900000|100%| S|CS|TAMS 0x00000000e9800000| PB 0x00000000e9800000| Complete 
| 153|0x00000000e9900000, 0x00000000e9a00000, 0x00000000e9a00000|100%| S|CS|TAMS 0x00000000e9900000| PB 0x00000000e9900000| Complete 
| 154|0x00000000e9a00000, 0x00000000e9b00000, 0x00000000e9b00000|100%| S|CS|TAMS 0x00000000e9a00000| PB 0x00000000e9a00000| Complete 
| 155|0x00000000e9b00000, 0x00000000e9c00000, 0x00000000e9c00000|100%| S|CS|TAMS 0x00000000e9b00000| PB 0x00000000e9b00000| Complete 
| 156|0x00000000e9c00000, 0x00000000e9d00000, 0x00000000e9d00000|100%| S|CS|TAMS 0x00000000e9c00000| PB 0x00000000e9c00000| Complete 
| 157|0x00000000e9d00000, 0x00000000e9e00000, 0x00000000e9e00000|100%| S|CS|TAMS 0x00000000e9d00000| PB 0x00000000e9d00000| Complete 
| 158|0x00000000e9e00000, 0x00000000e9f00000, 0x00000000e9f00000|100%| S|CS|TAMS 0x00000000e9e00000| PB 0x00000000e9e00000| Complete 
| 159|0x00000000e9f00000, 0x00000000ea000000, 0x00000000ea000000|100%| S|CS|TAMS 0x00000000e9f00000| PB 0x00000000e9f00000| Complete 
| 160|0x00000000ea000000, 0x00000000ea100000, 0x00000000ea100000|100%| S|CS|TAMS 0x00000000ea000000| PB 0x00000000ea000000| Complete 
| 161|0x00000000ea100000, 0x00000000ea200000, 0x00000000ea200000|100%| S|CS|TAMS 0x00000000ea100000| PB 0x00000000ea100000| Complete 
| 162|0x00000000ea200000, 0x00000000ea300000, 0x00000000ea300000|100%| S|CS|TAMS 0x00000000ea200000| PB 0x00000000ea200000| Complete 
| 163|0x00000000ea300000, 0x00000000ea400000, 0x00000000ea400000|100%| E|CS|TAMS 0x00000000ea300000| PB 0x00000000ea300000| Complete 
| 164|0x00000000ea400000, 0x00000000ea500000, 0x00000000ea500000|100%| E|CS|TAMS 0x00000000ea400000| PB 0x00000000ea400000| Complete 
| 165|0x00000000ea500000, 0x00000000ea600000, 0x00000000ea600000|100%| E|CS|TAMS 0x00000000ea500000| PB 0x00000000ea500000| Complete 
| 166|0x00000000ea600000, 0x00000000ea700000, 0x00000000ea700000|100%| E|CS|TAMS 0x00000000ea600000| PB 0x00000000ea600000| Complete 
| 167|0x00000000ea700000, 0x00000000ea800000, 0x00000000ea800000|100%| E|CS|TAMS 0x00000000ea700000| PB 0x00000000ea700000| Complete 
| 168|0x00000000ea800000, 0x00000000ea900000, 0x00000000ea900000|100%| E|CS|TAMS 0x00000000ea800000| PB 0x00000000ea800000| Complete 
| 169|0x00000000ea900000, 0x00000000eaa00000, 0x00000000eaa00000|100%| E|CS|TAMS 0x00000000ea900000| PB 0x00000000ea900000| Complete 
| 170|0x00000000eaa00000, 0x00000000eab00000, 0x00000000eab00000|100%| E|CS|TAMS 0x00000000eaa00000| PB 0x00000000eaa00000| Complete 
| 171|0x00000000eab00000, 0x00000000eac00000, 0x00000000eac00000|100%| E|CS|TAMS 0x00000000eab00000| PB 0x00000000eab00000| Complete 
| 172|0x00000000eac00000, 0x00000000ead00000, 0x00000000ead00000|100%| E|CS|TAMS 0x00000000eac00000| PB 0x00000000eac00000| Complete 
| 173|0x00000000ead00000, 0x00000000eae00000, 0x00000000eae00000|100%| E|CS|TAMS 0x00000000ead00000| PB 0x00000000ead00000| Complete 
| 174|0x00000000eae00000, 0x00000000eaf00000, 0x00000000eaf00000|100%| E|CS|TAMS 0x00000000eae00000| PB 0x00000000eae00000| Complete 
| 175|0x00000000eaf00000, 0x00000000eb000000, 0x00000000eb000000|100%| E|CS|TAMS 0x00000000eaf00000| PB 0x00000000eaf00000| Complete 
| 176|0x00000000eb000000, 0x00000000eb100000, 0x00000000eb100000|100%| E|CS|TAMS 0x00000000eb000000| PB 0x00000000eb000000| Complete 
| 177|0x00000000eb100000, 0x00000000eb200000, 0x00000000eb200000|100%| E|CS|TAMS 0x00000000eb100000| PB 0x00000000eb100000| Complete 
| 178|0x00000000eb200000, 0x00000000eb300000, 0x00000000eb300000|100%| E|CS|TAMS 0x00000000eb200000| PB 0x00000000eb200000| Complete 
| 179|0x00000000eb300000, 0x00000000eb400000, 0x00000000eb400000|100%| E|CS|TAMS 0x00000000eb300000| PB 0x00000000eb300000| Complete 
| 180|0x00000000eb400000, 0x00000000eb500000, 0x00000000eb500000|100%| E|CS|TAMS 0x00000000eb400000| PB 0x00000000eb400000| Complete 
| 181|0x00000000eb500000, 0x00000000eb600000, 0x00000000eb600000|100%| E|CS|TAMS 0x00000000eb500000| PB 0x00000000eb500000| Complete 
| 182|0x00000000eb600000, 0x00000000eb700000, 0x00000000eb700000|100%| E|CS|TAMS 0x00000000eb600000| PB 0x00000000eb600000| Complete 
| 183|0x00000000eb700000, 0x00000000eb800000, 0x00000000eb800000|100%| E|CS|TAMS 0x00000000eb700000| PB 0x00000000eb700000| Complete 
| 184|0x00000000eb800000, 0x00000000eb900000, 0x00000000eb900000|100%| E|CS|TAMS 0x00000000eb800000| PB 0x00000000eb800000| Complete 
| 185|0x00000000eb900000, 0x00000000eba00000, 0x00000000eba00000|100%| E|CS|TAMS 0x00000000eb900000| PB 0x00000000eb900000| Complete 
| 186|0x00000000eba00000, 0x00000000ebb00000, 0x00000000ebb00000|100%| E|CS|TAMS 0x00000000eba00000| PB 0x00000000eba00000| Complete 
| 187|0x00000000ebb00000, 0x00000000ebc00000, 0x00000000ebc00000|100%| E|CS|TAMS 0x00000000ebb00000| PB 0x00000000ebb00000| Complete 
| 188|0x00000000ebc00000, 0x00000000ebd00000, 0x00000000ebd00000|100%| E|CS|TAMS 0x00000000ebc00000| PB 0x00000000ebc00000| Complete 
| 189|0x00000000ebd00000, 0x00000000ebe00000, 0x00000000ebe00000|100%| E|CS|TAMS 0x00000000ebd00000| PB 0x00000000ebd00000| Complete 
| 190|0x00000000ebe00000, 0x00000000ebf00000, 0x00000000ebf00000|100%| E|CS|TAMS 0x00000000ebe00000| PB 0x00000000ebe00000| Complete 
| 191|0x00000000ebf00000, 0x00000000ec000000, 0x00000000ec000000|100%| E|CS|TAMS 0x00000000ebf00000| PB 0x00000000ebf00000| Complete 
| 192|0x00000000ec000000, 0x00000000ec100000, 0x00000000ec100000|100%| E|CS|TAMS 0x00000000ec000000| PB 0x00000000ec000000| Complete 
| 193|0x00000000ec100000, 0x00000000ec200000, 0x00000000ec200000|100%| E|CS|TAMS 0x00000000ec100000| PB 0x00000000ec100000| Complete 
| 194|0x00000000ec200000, 0x00000000ec300000, 0x00000000ec300000|100%| E|CS|TAMS 0x00000000ec200000| PB 0x00000000ec200000| Complete 
| 195|0x00000000ec300000, 0x00000000ec400000, 0x00000000ec400000|100%| E|CS|TAMS 0x00000000ec300000| PB 0x00000000ec300000| Complete 
| 196|0x00000000ec400000, 0x00000000ec500000, 0x00000000ec500000|100%| E|CS|TAMS 0x00000000ec400000| PB 0x00000000ec400000| Complete 
| 197|0x00000000ec500000, 0x00000000ec600000, 0x00000000ec600000|100%| E|CS|TAMS 0x00000000ec500000| PB 0x00000000ec500000| Complete 
| 198|0x00000000ec600000, 0x00000000ec700000, 0x00000000ec700000|100%| E|CS|TAMS 0x00000000ec600000| PB 0x00000000ec600000| Complete 
| 199|0x00000000ec700000, 0x00000000ec800000, 0x00000000ec800000|100%| E|CS|TAMS 0x00000000ec700000| PB 0x00000000ec700000| Complete 
| 200|0x00000000ec800000, 0x00000000ec900000, 0x00000000ec900000|100%| E|CS|TAMS 0x00000000ec800000| PB 0x00000000ec800000| Complete 
| 201|0x00000000ec900000, 0x00000000eca00000, 0x00000000eca00000|100%| E|CS|TAMS 0x00000000ec900000| PB 0x00000000ec900000| Complete 
| 202|0x00000000eca00000, 0x00000000ecb00000, 0x00000000ecb00000|100%| E|CS|TAMS 0x00000000eca00000| PB 0x00000000eca00000| Complete 
| 203|0x00000000ecb00000, 0x00000000ecc00000, 0x00000000ecc00000|100%| E|CS|TAMS 0x00000000ecb00000| PB 0x00000000ecb00000| Complete 
| 204|0x00000000ecc00000, 0x00000000ecd00000, 0x00000000ecd00000|100%| E|CS|TAMS 0x00000000ecc00000| PB 0x00000000ecc00000| Complete 
| 205|0x00000000ecd00000, 0x00000000ece00000, 0x00000000ece00000|100%| E|CS|TAMS 0x00000000ecd00000| PB 0x00000000ecd00000| Complete 
| 206|0x00000000ece00000, 0x00000000ecf00000, 0x00000000ecf00000|100%| E|CS|TAMS 0x00000000ece00000| PB 0x00000000ece00000| Complete 
| 207|0x00000000ecf00000, 0x00000000ed000000, 0x00000000ed000000|100%| E|CS|TAMS 0x00000000ecf00000| PB 0x00000000ecf00000| Complete 
| 208|0x00000000ed000000, 0x00000000ed100000, 0x00000000ed100000|100%| E|CS|TAMS 0x00000000ed000000| PB 0x00000000ed000000| Complete 
| 209|0x00000000ed100000, 0x00000000ed200000, 0x00000000ed200000|100%| E|CS|TAMS 0x00000000ed100000| PB 0x00000000ed100000| Complete 
| 210|0x00000000ed200000, 0x00000000ed300000, 0x00000000ed300000|100%| E|CS|TAMS 0x00000000ed200000| PB 0x00000000ed200000| Complete 
| 211|0x00000000ed300000, 0x00000000ed400000, 0x00000000ed400000|100%| E|CS|TAMS 0x00000000ed300000| PB 0x00000000ed300000| Complete 
| 212|0x00000000ed400000, 0x00000000ed500000, 0x00000000ed500000|100%| E|CS|TAMS 0x00000000ed400000| PB 0x00000000ed400000| Complete 
| 213|0x00000000ed500000, 0x00000000ed600000, 0x00000000ed600000|100%| E|CS|TAMS 0x00000000ed500000| PB 0x00000000ed500000| Complete 
| 214|0x00000000ed600000, 0x00000000ed700000, 0x00000000ed700000|100%| E|CS|TAMS 0x00000000ed600000| PB 0x00000000ed600000| Complete 
| 215|0x00000000ed700000, 0x00000000ed800000, 0x00000000ed800000|100%| E|CS|TAMS 0x00000000ed700000| PB 0x00000000ed700000| Complete 
| 216|0x00000000ed800000, 0x00000000ed900000, 0x00000000ed900000|100%| E|CS|TAMS 0x00000000ed800000| PB 0x00000000ed800000| Complete 
| 217|0x00000000ed900000, 0x00000000eda00000, 0x00000000eda00000|100%| E|CS|TAMS 0x00000000ed900000| PB 0x00000000ed900000| Complete 
| 218|0x00000000eda00000, 0x00000000edb00000, 0x00000000edb00000|100%| E|CS|TAMS 0x00000000eda00000| PB 0x00000000eda00000| Complete 
| 219|0x00000000edb00000, 0x00000000edc00000, 0x00000000edc00000|100%| E|CS|TAMS 0x00000000edb00000| PB 0x00000000edb00000| Complete 
| 220|0x00000000edc00000, 0x00000000edd00000, 0x00000000edd00000|100%| E|CS|TAMS 0x00000000edc00000| PB 0x00000000edc00000| Complete 
| 221|0x00000000edd00000, 0x00000000ede00000, 0x00000000ede00000|100%| E|CS|TAMS 0x00000000edd00000| PB 0x00000000edd00000| Complete 
| 222|0x00000000ede00000, 0x00000000edf00000, 0x00000000edf00000|100%| E|CS|TAMS 0x00000000ede00000| PB 0x00000000ede00000| Complete 
| 223|0x00000000edf00000, 0x00000000ee000000, 0x00000000ee000000|100%| E|CS|TAMS 0x00000000edf00000| PB 0x00000000edf00000| Complete 
| 224|0x00000000ee000000, 0x00000000ee100000, 0x00000000ee100000|100%| E|CS|TAMS 0x00000000ee000000| PB 0x00000000ee000000| Complete 
| 225|0x00000000ee100000, 0x00000000ee200000, 0x00000000ee200000|100%| E|CS|TAMS 0x00000000ee100000| PB 0x00000000ee100000| Complete 
| 226|0x00000000ee200000, 0x00000000ee300000, 0x00000000ee300000|100%| E|CS|TAMS 0x00000000ee200000| PB 0x00000000ee200000| Complete 
| 227|0x00000000ee300000, 0x00000000ee400000, 0x00000000ee400000|100%| E|CS|TAMS 0x00000000ee300000| PB 0x00000000ee300000| Complete 
| 228|0x00000000ee400000, 0x00000000ee500000, 0x00000000ee500000|100%| E|CS|TAMS 0x00000000ee400000| PB 0x00000000ee400000| Complete 
| 229|0x00000000ee500000, 0x00000000ee600000, 0x00000000ee600000|100%| E|CS|TAMS 0x00000000ee500000| PB 0x00000000ee500000| Complete 
| 230|0x00000000ee600000, 0x00000000ee700000, 0x00000000ee700000|100%| E|CS|TAMS 0x00000000ee600000| PB 0x00000000ee600000| Complete 
| 231|0x00000000ee700000, 0x00000000ee800000, 0x00000000ee800000|100%| E|CS|TAMS 0x00000000ee700000| PB 0x00000000ee700000| Complete 
| 232|0x00000000ee800000, 0x00000000ee900000, 0x00000000ee900000|100%| E|CS|TAMS 0x00000000ee800000| PB 0x00000000ee800000| Complete 
| 233|0x00000000ee900000, 0x00000000eea00000, 0x00000000eea00000|100%| E|CS|TAMS 0x00000000ee900000| PB 0x00000000ee900000| Complete 
| 234|0x00000000eea00000, 0x00000000eeb00000, 0x00000000eeb00000|100%| E|CS|TAMS 0x00000000eea00000| PB 0x00000000eea00000| Complete 
| 235|0x00000000eeb00000, 0x00000000eec00000, 0x00000000eec00000|100%| E|CS|TAMS 0x00000000eeb00000| PB 0x00000000eeb00000| Complete 
| 236|0x00000000eec00000, 0x00000000eed00000, 0x00000000eed00000|100%| E|CS|TAMS 0x00000000eec00000| PB 0x00000000eec00000| Complete 
| 237|0x00000000eed00000, 0x00000000eee00000, 0x00000000eee00000|100%| E|CS|TAMS 0x00000000eed00000| PB 0x00000000eed00000| Complete 
| 238|0x00000000eee00000, 0x00000000eef00000, 0x00000000eef00000|100%| E|CS|TAMS 0x00000000eee00000| PB 0x00000000eee00000| Complete 
| 239|0x00000000eef00000, 0x00000000ef000000, 0x00000000ef000000|100%| E|CS|TAMS 0x00000000eef00000| PB 0x00000000eef00000| Complete 
| 240|0x00000000ef000000, 0x00000000ef100000, 0x00000000ef100000|100%| E|CS|TAMS 0x00000000ef000000| PB 0x00000000ef000000| Complete 
| 241|0x00000000ef100000, 0x00000000ef200000, 0x00000000ef200000|100%| E|CS|TAMS 0x00000000ef100000| PB 0x00000000ef100000| Complete 
| 242|0x00000000ef200000, 0x00000000ef300000, 0x00000000ef300000|100%| E|CS|TAMS 0x00000000ef200000| PB 0x00000000ef200000| Complete 
| 243|0x00000000ef300000, 0x00000000ef400000, 0x00000000ef400000|100%| E|CS|TAMS 0x00000000ef300000| PB 0x00000000ef300000| Complete 
| 244|0x00000000ef400000, 0x00000000ef500000, 0x00000000ef500000|100%| E|CS|TAMS 0x00000000ef400000| PB 0x00000000ef400000| Complete 
| 245|0x00000000ef500000, 0x00000000ef600000, 0x00000000ef600000|100%| E|CS|TAMS 0x00000000ef500000| PB 0x00000000ef500000| Complete 
| 246|0x00000000ef600000, 0x00000000ef700000, 0x00000000ef700000|100%| E|CS|TAMS 0x00000000ef600000| PB 0x00000000ef600000| Complete 
| 247|0x00000000ef700000, 0x00000000ef800000, 0x00000000ef800000|100%| E|CS|TAMS 0x00000000ef700000| PB 0x00000000ef700000| Complete 
| 248|0x00000000ef800000, 0x00000000ef900000, 0x00000000ef900000|100%| E|CS|TAMS 0x00000000ef800000| PB 0x00000000ef800000| Complete 
| 249|0x00000000ef900000, 0x00000000efa00000, 0x00000000efa00000|100%| E|CS|TAMS 0x00000000ef900000| PB 0x00000000ef900000| Complete 
| 250|0x00000000efa00000, 0x00000000efb00000, 0x00000000efb00000|100%| E|CS|TAMS 0x00000000efa00000| PB 0x00000000efa00000| Complete 
| 251|0x00000000efb00000, 0x00000000efc00000, 0x00000000efc00000|100%| E|CS|TAMS 0x00000000efb00000| PB 0x00000000efb00000| Complete 
| 252|0x00000000efc00000, 0x00000000efd00000, 0x00000000efd00000|100%| E|CS|TAMS 0x00000000efc00000| PB 0x00000000efc00000| Complete 
| 253|0x00000000efd00000, 0x00000000efe00000, 0x00000000efe00000|100%| E|CS|TAMS 0x00000000efd00000| PB 0x00000000efd00000| Complete 
| 254|0x00000000efe00000, 0x00000000eff00000, 0x00000000eff00000|100%| E|CS|TAMS 0x00000000efe00000| PB 0x00000000efe00000| Complete 
| 255|0x00000000eff00000, 0x00000000f0000000, 0x00000000f0000000|100%| E|CS|TAMS 0x00000000eff00000| PB 0x00000000eff00000| Complete 

Card table byte_map: [0x0000026175d00000,0x0000026175e00000] _byte_map_base: 0x0000026175600000

Marking Bits: (CMBitMap*) 0x000002616b66aff0
 Bits: [0x0000026175f00000, 0x0000026176700000)

Polling page: 0x000002616b7d0000

Metaspace:

Usage:
  Non-class:     29.31 MB used.
      Class:      4.67 MB used.
       Both:     33.98 MB used.

Virtual space:
  Non-class space:       64.00 MB reserved,      29.81 MB ( 47%) committed,  1 nodes.
      Class space:      308.00 MB reserved,       5.19 MB (  2%) committed,  1 nodes.
             Both:      372.00 MB reserved,      35.00 MB (  9%) committed. 

Chunk freelists:
   Non-Class:  1.83 MB
       Class:  2.83 MB
        Both:  4.66 MB

MaxMetaspaceSize: 384.00 MB
CompressedClassSpaceSize: 308.00 MB
Initial GC threshold: 21.00 MB
Current GC threshold: 35.25 MB
CDS: on
MetaspaceReclaimPolicy: balanced
 - commit_granule_bytes: 65536.
 - commit_granule_words: 8192.
 - virtual_space_node_default_size: 8388608.
 - enlarge_chunks_in_place: 1.
 - new_chunks_are_fully_committed: 0.
 - uncommit_free_chunks: 1.
 - use_allocation_guard: 0.


Internal statistics:

num_allocs_failed_limit: 3.
num_arena_births: 1692.
num_arena_deaths: 0.
num_vsnodes_births: 2.
num_vsnodes_deaths: 0.
num_space_committed: 560.
num_space_uncommitted: 0.
num_chunks_returned_to_freelist: 3.
num_chunks_taken_from_freelist: 3062.
num_chunk_merges: 3.
num_chunk_splits: 2009.
num_chunks_enlarged: 1335.
num_inconsistent_stats: 0.

CodeHeap 'non-profiled nmethods': size=120000Kb used=2624Kb max_used=2624Kb free=117375Kb
 bounds [0x0000026107ad0000, 0x0000026107d70000, 0x000002610f000000]
CodeHeap 'profiled nmethods': size=120000Kb used=8931Kb max_used=8931Kb free=111068Kb
 bounds [0x0000026100000000, 0x00000261008c0000, 0x0000026107530000]
CodeHeap 'non-nmethods': size=5760Kb used=2920Kb max_used=2937Kb free=2839Kb
 bounds [0x0000026107530000, 0x0000026107820000, 0x0000026107ad0000]
 total_blobs=5281 nmethods=4468 adapters=723
 compilation: enabled
              stopped_count=0, restarted_count=0
 full_count=0

Compilation events (20 events):
Event: 65.744 Thread 0x000002617d410060 nmethod 4458 0x0000026107d5f210 code [0x0000026107d5f380, 0x0000026107d5f450]
Event: 65.745 Thread 0x00000261791880d0 4459       4       com.google.common.base.Preconditions::checkNotNull (14 bytes)
Event: 65.745 Thread 0x00000261791880d0 nmethod 4459 0x0000026107d5f510 code [0x0000026107d5f680, 0x0000026107d5f700]
Event: 65.746 Thread 0x000002617d410060 4460       3       com.google.common.cache.LocalCache::usesKeyReferences (16 bytes)
Event: 65.746 Thread 0x000002617d410060 nmethod 4460 0x00000261008b5f10 code [0x00000261008b60a0, 0x00000261008b6218]
Event: 65.746 Thread 0x000002617d410060 4461       3       com.google.common.cache.LocalCache::usesValueReferences (16 bytes)
Event: 65.746 Thread 0x000002617d410060 nmethod 4461 0x00000261008b6290 code [0x00000261008b6420, 0x00000261008b6598]
Event: 65.749 Thread 0x000002617d410060 4462       3       org.gradle.cache.internal.btree.BTreePersistentIndexedCache$IndexEntry::compareTo (9 bytes)
Event: 65.749 Thread 0x000002617d410060 nmethod 4462 0x00000261008b6610 code [0x00000261008b67c0, 0x00000261008b6b28]
Event: 65.753 Thread 0x00000261791880d0 4463       4       java.lang.invoke.DirectMethodHandle$Holder::newInvokeSpecial (24 bytes)
Event: 65.755 Thread 0x00000261791880d0 nmethod 4463 0x0000026107d5f810 code [0x0000026107d5f9a0, 0x0000026107d5fbc0]
Event: 65.757 Thread 0x000002617d410060 4464       1       org.gradle.cache.internal.btree.FileBackedBlockStore::access$300 (5 bytes)
Event: 65.757 Thread 0x000002617d410060 nmethod 4464 0x0000026107d5fd90 code [0x0000026107d5ff00, 0x0000026107d5ffb0]
Event: 65.757 Thread 0x000002617d410060 4465       1       com.google.common.cache.LocalCache$StrongEntry::getHash (5 bytes)
Event: 65.758 Thread 0x000002617d410060 nmethod 4465 0x0000026107d60090 code [0x0000026107d60200, 0x0000026107d602c8]
Event: 65.842 Thread 0x000002617d410060 4466  s    3       java.io.DataOutputStream::write (16 bytes)
Event: 65.842 Thread 0x000002617d410060 nmethod 4466 0x00000261008b6c10 code [0x00000261008b6dc0, 0x00000261008b7108]
Event: 65.889 Thread 0x000002617d410060 4467       3       java.util.ArrayList::<init> (65 bytes)
Event: 65.890 Thread 0x000002617d410060 nmethod 4467 0x00000261008b7210 code [0x00000261008b7400, 0x00000261008b7a38]
Event: 66.061 Thread 0x00000261791880d0 4468       4       java.util.Collection::stream (11 bytes)

GC Heap History (8 events):
Event: 7.923 GC heap before
{Heap before GC invocations=0 (full 0):
 garbage-first heap   total 262144K, used 23552K [0x00000000e0000000, 0x0000000100000000)
  region size 1024K, 23 young (23552K), 0 survivors (0K)
 Metaspace       used 1014K, committed 1152K, reserved 380928K
  class space    used 75K, committed 128K, reserved 315392K
}
Event: 8.126 GC heap after
{Heap after GC invocations=1 (full 0):
 garbage-first heap   total 262144K, used 2048K [0x00000000e0000000, 0x0000000100000000)
  region size 1024K, 2 young (2048K), 2 survivors (2048K)
 Metaspace       used 1014K, committed 1152K, reserved 380928K
  class space    used 75K, committed 128K, reserved 315392K
}
Event: 12.068 GC heap before
{Heap before GC invocations=1 (full 0):
 garbage-first heap   total 262144K, used 40960K [0x00000000e0000000, 0x0000000100000000)
  region size 1024K, 38 young (38912K), 2 survivors (2048K)
 Metaspace       used 4382K, committed 4544K, reserved 380928K
  class space    used 539K, committed 640K, reserved 315392K
}
Event: 12.085 GC heap after
{Heap after GC invocations=2 (full 0):
 garbage-first heap   total 262144K, used 11008K [0x00000000e0000000, 0x0000000100000000)
  region size 1024K, 5 young (5120K), 5 survivors (5120K)
 Metaspace       used 4382K, committed 4544K, reserved 380928K
  class space    used 539K, committed 640K, reserved 315392K
}
Event: 23.879 GC heap before
{Heap before GC invocations=2 (full 0):
 garbage-first heap   total 262144K, used 65280K [0x00000000e0000000, 0x0000000100000000)
  region size 1024K, 56 young (57344K), 5 survivors (5120K)
 Metaspace       used 5912K, committed 6144K, reserved 380928K
  class space    used 772K, committed 896K, reserved 315392K
}
Event: 23.886 GC heap after
{Heap after GC invocations=3 (full 0):
 garbage-first heap   total 262144K, used 17987K [0x00000000e0000000, 0x0000000100000000)
  region size 1024K, 6 young (6144K), 6 survivors (6144K)
 Metaspace       used 5912K, committed 6144K, reserved 380928K
  class space    used 772K, committed 896K, reserved 315392K
}
Event: 39.499 GC heap before
{Heap before GC invocations=3 (full 0):
 garbage-first heap   total 262144K, used 106051K [0x00000000e0000000, 0x0000000100000000)
  region size 1024K, 93 young (95232K), 6 survivors (6144K)
 Metaspace       used 20904K, committed 21504K, reserved 380928K
  class space    used 3004K, committed 3264K, reserved 315392K
}
Event: 39.512 GC heap after
{Heap after GC invocations=4 (full 0):
 garbage-first heap   total 262144K, used 24139K [0x00000000e0000000, 0x0000000100000000)
  region size 1024K, 12 young (12288K), 12 survivors (12288K)
 Metaspace       used 20904K, committed 21504K, reserved 380928K
  class space    used 3004K, committed 3264K, reserved 315392K
}

Dll operation events (15 events):
Event: 0.086 Loaded shared library C:\Program Files\Java\jdk-20\bin\java.dll
Event: 0.153 Loaded shared library C:\Program Files\Java\jdk-20\bin\jsvml.dll
Event: 0.391 Loaded shared library C:\Program Files\Java\jdk-20\bin\zip.dll
Event: 0.396 Loaded shared library C:\Program Files\Java\jdk-20\bin\instrument.dll
Event: 0.411 Loaded shared library C:\Program Files\Java\jdk-20\bin\net.dll
Event: 0.416 Loaded shared library C:\Program Files\Java\jdk-20\bin\nio.dll
Event: 0.443 Loaded shared library C:\Program Files\Java\jdk-20\bin\zip.dll
Event: 7.820 Loaded shared library C:\Program Files\Java\jdk-20\bin\jimage.dll
Event: 8.649 Loaded shared library C:\Program Files\Java\jdk-20\bin\verify.dll
Event: 8.899 Loaded shared library C:\Users\Ahmad Dzulfikar\.gradle\native\1def1411415f61bf3af743bc5b6707747c0891f09f0c88961ee8f79bc544acac\windows-amd64\native-platform.dll
Event: 8.923 Loaded shared library C:\Users\Ahmad Dzulfikar\.gradle\native\0.2.7\x86_64-windows-gnu\gradle-fileevents.dll
Event: 23.942 Loaded shared library C:\Program Files\Java\jdk-20\bin\management.dll
Event: 23.974 Loaded shared library C:\Program Files\Java\jdk-20\bin\management_ext.dll
Event: 25.028 Loaded shared library C:\Program Files\Java\jdk-20\bin\extnet.dll
Event: 25.791 Loaded shared library C:\Program Files\Java\jdk-20\bin\sunmscapi.dll

Deoptimization events (20 events):
Event: 64.683 Thread 0x000002617d68e450 Uncommon trap: trap_request=0xffffffc6 fr.pc=0x0000026107cdf354 relative=0x00000000000079f4
Event: 64.683 Thread 0x000002617d68e450 Uncommon trap: reason=bimorphic_or_optimized_type_check action=maybe_recompile pc=0x0000026107cdf354 method=java.lang.ClassLoader.loadClass(Ljava/lang/String;Z)Ljava/lang/Class; @ 69 c2
Event: 64.683 Thread 0x000002617d68e450 DEOPT PACKING pc=0x0000026107cdf354 sp=0x000000698bff8960
Event: 64.683 Thread 0x000002617d68e450 DEOPT UNPACKING pc=0x000002610754d2a2 sp=0x000000698bff89d0 mode 2
Event: 64.963 Thread 0x000002617d68e450 Uncommon trap: trap_request=0xffffffc6 fr.pc=0x0000026107d31ad4 relative=0x00000000000005f4
Event: 64.963 Thread 0x000002617d68e450 Uncommon trap: reason=bimorphic_or_optimized_type_check action=maybe_recompile pc=0x0000026107d31ad4 method=java.util.regex.Pattern$Start.match(Ljava/util/regex/Matcher;ILjava/lang/CharSequence;)Z @ 44 c2
Event: 64.963 Thread 0x000002617d68e450 DEOPT PACKING pc=0x0000026107d31ad4 sp=0x000000698bff8db0
Event: 64.964 Thread 0x000002617d68e450 DEOPT UNPACKING pc=0x000002610754d2a2 sp=0x000000698bff8cb8 mode 2
Event: 64.964 Thread 0x000002617d68e450 Uncommon trap: trap_request=0xffffffc6 fr.pc=0x0000026107d31ad4 relative=0x00000000000005f4
Event: 64.964 Thread 0x000002617d68e450 Uncommon trap: reason=bimorphic_or_optimized_type_check action=maybe_recompile pc=0x0000026107d31ad4 method=java.util.regex.Pattern$Start.match(Ljava/util/regex/Matcher;ILjava/lang/CharSequence;)Z @ 44 c2
Event: 64.964 Thread 0x000002617d68e450 DEOPT PACKING pc=0x0000026107d31ad4 sp=0x000000698bff8db0
Event: 64.964 Thread 0x000002617d68e450 DEOPT UNPACKING pc=0x000002610754d2a2 sp=0x000000698bff8cb8 mode 2
Event: 64.965 Thread 0x000002617d68e450 Uncommon trap: trap_request=0xffffffc6 fr.pc=0x0000026107d249c4 relative=0x00000000000006e4
Event: 64.965 Thread 0x000002617d68e450 Uncommon trap: reason=bimorphic_or_optimized_type_check action=maybe_recompile pc=0x0000026107d249c4 method=java.util.regex.Pattern$Start.match(Ljava/util/regex/Matcher;ILjava/lang/CharSequence;)Z @ 44 c2
Event: 64.965 Thread 0x000002617d68e450 DEOPT PACKING pc=0x0000026107d249c4 sp=0x000000698bff8d50
Event: 64.965 Thread 0x000002617d68e450 DEOPT UNPACKING pc=0x000002610754d2a2 sp=0x000000698bff8cc0 mode 2
Event: 65.876 Thread 0x000002617d62b5e0 Uncommon trap: trap_request=0xffffffcc fr.pc=0x0000026107d4d438 relative=0x0000000000000298
Event: 65.876 Thread 0x000002617d62b5e0 Uncommon trap: reason=intrinsic_or_type_checked_inlining action=make_not_entrant pc=0x0000026107d4d438 method=java.util.Arrays.copyOfRange([Ljava/lang/Object;IILjava/lang/Class;)[Ljava/lang/Object; @ 84 c2
Event: 65.876 Thread 0x000002617d62b5e0 DEOPT PACKING pc=0x0000026107d4d438 sp=0x0000006989ffde70
Event: 65.876 Thread 0x000002617d62b5e0 DEOPT UNPACKING pc=0x000002610754d2a2 sp=0x0000006989ffde10 mode 2

Classes loaded (20 events):
Event: 63.699 Loading class java/util/WeakHashMap$HashIterator done
Event: 63.699 Loading class java/util/WeakHashMap$KeyIterator done
Event: 64.646 Loading class sun/invoke/util/ValueConversions$1
Event: 64.646 Loading class sun/invoke/util/ValueConversions$1 done
Event: 64.647 Loading class java/lang/invoke/BoundMethodHandle$Species_LI
Event: 64.647 Loading class java/lang/invoke/BoundMethodHandle$Species_LI done
Event: 64.778 Loading class sun/reflect/MagicAccessorImpl
Event: 64.778 Loading class sun/reflect/MagicAccessorImpl done
Event: 64.963 Loading class sun/reflect/generics/tree/IntSignature
Event: 64.963 Loading class sun/reflect/generics/tree/IntSignature done
Event: 64.963 Loading class sun/reflect/generics/tree/ArrayTypeSignature
Event: 64.963 Loading class sun/reflect/generics/tree/ArrayTypeSignature done
Event: 64.996 Loading class com/sun/beans/finder/MethodFinder
Event: 64.996 Loading class com/sun/beans/finder/AbstractFinder
Event: 64.996 Loading class com/sun/beans/finder/AbstractFinder done
Event: 64.996 Loading class com/sun/beans/finder/MethodFinder done
Event: 64.996 Loading class com/sun/beans/finder/MethodFinder$1
Event: 64.996 Loading class com/sun/beans/finder/MethodFinder$1 done
Event: 64.996 Loading class com/sun/beans/finder/FinderUtils
Event: 64.996 Loading class com/sun/beans/finder/FinderUtils done

Classes unloaded (0 events):
No events

Classes redefined (0 events):
No events

Internal exceptions (20 events):
Event: 63.776 Thread 0x000002617d68e450 Exception <a 'java/lang/ClassNotFoundException'{0x00000000ea4d8620}: org/gradle/initialization/InitScriptCustomizer> (0x00000000ea4d8620) 
thrown [s\open\src\hotspot\share\classfile\systemDictionary.cpp, line 305]
Event: 63.779 Thread 0x000002617d68e450 Exception <a 'java/lang/ClassNotFoundException'{0x00000000ea4e69e0}: ijMapper1_84a93dczehdxcpfxpedaawjvjCustomizer> (0x00000000ea4e69e0) 
thrown [s\open\src\hotspot\share\classfile\systemDictionary.cpp, line 305]
Event: 63.884 Thread 0x000002617d68e450 Exception <a 'java/lang/ClassNotFoundException'{0x00000000ea3adcd0}: org/gradle/internal/extensibility/DefaultExtraPropertiesExtensionBeanInfo> (0x00000000ea3adcd0) 
thrown [s\open\src\hotspot\share\classfile\systemDictionary.cpp, line 305]
Event: 63.889 Thread 0x000002617d68e450 Exception <a 'java/lang/ClassNotFoundException'{0x00000000ea3b6998}: org/gradle/internal/extensibility/DefaultExtraPropertiesExtensionCustomizer> (0x00000000ea3b6998) 
thrown [s\open\src\hotspot\share\classfile\systemDictionary.cpp, line 305]
Event: 64.063 Thread 0x000002617d68e450 Exception <a 'java/lang/NoSuchMethodError'{0x00000000e9525910}: 'java.lang.Object java.lang.invoke.DirectMethodHandle$Holder.invokeSpecialIFC(java.lang.Object, java.lang.Object, java.lang.Object, java.lang.Object)'> (0x00000000e9525910) 
thrown [s\open\src\hotspot\share\interpreter\linkResolver.cpp, line 773]
Event: 64.643 Thread 0x000002617d68e450 Exception <a 'java/lang/NoSuchMethodError'{0x00000000e926e998}: 'void java.lang.invoke.Invokers$Holder.invoke_MT(java.lang.Object, java.lang.Object, java.lang.Object, java.lang.Object)'> (0x00000000e926e998) 
thrown [s\open\src\hotspot\share\interpreter\linkResolver.cpp, line 773]
Event: 64.645 Thread 0x000002617d68e450 Implicit null exception at 0x0000026107c437b2 to 0x0000026107c43994
Event: 64.646 Thread 0x000002617d68e450 Exception <a 'java/lang/NoSuchMethodError'{0x00000000e928d200}: 'int java.lang.invoke.DirectMethodHandle$Holder.invokeSpecial(java.lang.Object, java.lang.Object, java.lang.Object, int)'> (0x00000000e928d200) 
thrown [s\open\src\hotspot\share\interpreter\linkResolver.cpp, line 773]
Event: 64.648 Thread 0x000002617d68e450 Exception <a 'java/lang/NoSuchMethodError'{0x00000000e929e3f0}: 'java.lang.Object java.lang.invoke.DirectMethodHandle$Holder.invokeStatic(java.lang.Object, java.lang.Object, java.lang.Object, java.lang.Object, int)'> (0x00000000e929e3f0) 
thrown [s\open\src\hotspot\share\interpreter\linkResolver.cpp, line 773]
Event: 64.648 Thread 0x000002617d68e450 Exception <a 'java/lang/NoSuchMethodError'{0x00000000e92a6ab8}: 'java.lang.Object java.lang.invoke.DirectMethodHandle$Holder.invokeSpecial(java.lang.Object, java.lang.Object, java.lang.Object, java.lang.Object, int)'> (0x00000000e92a6ab8) 
thrown [s\open\src\hotspot\share\interpreter\linkResolver.cpp, line 773]
Event: 64.682 Thread 0x000002617d68e450 Exception <a 'java/lang/ClassNotFoundException'{0x00000000e9007f60}: org/gradle/invocation/DefaultGradle_DecoratedBeanInfo> (0x00000000e9007f60) 
thrown [s\open\src\hotspot\share\classfile\systemDictionary.cpp, line 305]
Event: 64.683 Thread 0x000002617d68e450 Exception <a 'java/lang/ClassNotFoundException'{0x00000000e90151b8}: org/gradle/invocation/DefaultGradleBeanInfo> (0x00000000e90151b8) 
thrown [s\open\src\hotspot\share\classfile\systemDictionary.cpp, line 305]
Event: 64.684 Thread 0x000002617d68e450 Exception <a 'java/lang/ClassNotFoundException'{0x00000000e90228c0}: org/gradle/api/internal/project/AbstractPluginAwareBeanInfo> (0x00000000e90228c0) 
thrown [s\open\src\hotspot\share\classfile\systemDictionary.cpp, line 305]
Event: 64.690 Thread 0x000002617d68e450 Exception <a 'java/lang/ClassNotFoundException'{0x00000000e9030018}: org/gradle/api/internal/project/AbstractPluginAwareCustomizer> (0x00000000e9030018) 
thrown [s\open\src\hotspot\share\classfile\systemDictionary.cpp, line 305]
Event: 64.692 Thread 0x000002617d68e450 Exception <a 'java/lang/ClassNotFoundException'{0x00000000e9042ea8}: org/gradle/invocation/DefaultGradleCustomizer> (0x00000000e9042ea8) 
thrown [s\open\src\hotspot\share\classfile\systemDictionary.cpp, line 305]
Event: 64.696 Thread 0x000002617d68e450 Exception <a 'java/lang/ClassNotFoundException'{0x00000000e90824b8}: org/gradle/invocation/DefaultGradle_DecoratedCustomizer> (0x00000000e90824b8) 
thrown [s\open\src\hotspot\share\classfile\systemDictionary.cpp, line 305]
Event: 64.960 Thread 0x000002617d68e450 Exception <a 'java/lang/ClassNotFoundException'{0x00000000e8c352e0}: groovy/lang/Closure$1BeanInfo> (0x00000000e8c352e0) 
thrown [s\open\src\hotspot\share\classfile\systemDictionary.cpp, line 305]
Event: 64.961 Thread 0x000002617d68e450 Exception <a 'java/lang/ClassNotFoundException'{0x00000000e8c42270}: groovy/lang/ClosureBeanInfo> (0x00000000e8c42270) 
thrown [s\open\src\hotspot\share\classfile\systemDictionary.cpp, line 305]
Event: 64.961 Thread 0x000002617d68e450 Exception <a 'java/lang/ClassNotFoundException'{0x00000000e8c4f108}: groovy/lang/ClosureCustomizer> (0x00000000e8c4f108) 
thrown [s\open\src\hotspot\share\classfile\systemDictionary.cpp, line 305]
Event: 64.995 Thread 0x000002617d68e450 Exception <a 'java/lang/ClassNotFoundException'{0x00000000e8c7f8d8}: groovy/lang/Closure$1Customizer> (0x00000000e8c7f8d8) 
thrown [s\open\src\hotspot\share\classfile\systemDictionary.cpp, line 305]

VM Operations (20 events):
Event: 61.407 Executing VM operation: HandshakeAllThreads
Event: 61.407 Executing VM operation: HandshakeAllThreads done
Event: 62.085 Executing VM operation: HandshakeAllThreads
Event: 62.085 Executing VM operation: HandshakeAllThreads done
Event: 62.464 Executing VM operation: HandshakeAllThreads
Event: 62.464 Executing VM operation: HandshakeAllThreads done
Event: 62.464 Executing VM operation: Cleanup
Event: 62.464 Executing VM operation: Cleanup done
Event: 62.625 Executing VM operation: HandshakeAllThreads
Event: 62.625 Executing VM operation: HandshakeAllThreads done
Event: 63.094 Executing VM operation: HandshakeAllThreads
Event: 63.094 Executing VM operation: HandshakeAllThreads done
Event: 63.519 Executing VM operation: HandshakeAllThreads
Event: 63.519 Executing VM operation: HandshakeAllThreads done
Event: 63.519 Executing VM operation: Cleanup
Event: 63.519 Executing VM operation: Cleanup done
Event: 64.524 Executing VM operation: Cleanup
Event: 64.524 Executing VM operation: Cleanup done
Event: 65.532 Executing VM operation: Cleanup
Event: 65.533 Executing VM operation: Cleanup done

Events (20 events):
Event: 26.982 Thread 0x000002617d68cf10 Thread added: 0x000002617d68cf10
Event: 27.274 Thread 0x0000026123b74480 Thread added: 0x0000026123b74480
Event: 28.050 Thread 0x0000026123b74480 Thread exited: 0x0000026123b74480
Event: 31.958 Thread 0x000002617d68d460 Thread added: 0x000002617d68d460
Event: 32.055 Thread 0x000002617d6290b0 Thread added: 0x000002617d6290b0
Event: 40.045 Thread 0x000002617d629600 Thread added: 0x000002617d629600
Event: 40.139 Thread 0x000002617d62bb30 Thread added: 0x000002617d62bb30
Event: 41.493 Thread 0x000002617d62c080 Thread added: 0x000002617d62c080
Event: 41.508 Thread 0x000002617d62a0a0 Thread added: 0x000002617d62a0a0
Event: 44.574 Thread 0x000002617d630590 Thread added: 0x000002617d630590
Event: 59.306 Thread 0x000002617d62c5d0 Thread added: 0x000002617d62c5d0
Event: 60.402 Thread 0x0000026124651060 Thread added: 0x0000026124651060
Event: 61.630 Thread 0x0000026124651060 Thread exited: 0x0000026124651060
Event: 61.709 Thread 0x0000026124651060 Thread added: 0x0000026124651060
Event: 61.888 Thread 0x0000026124651060 Thread exited: 0x0000026124651060
Event: 63.349 Thread 0x000002612472c380 Thread added: 0x000002612472c380
Event: 63.950 Thread 0x000002612472c380 Thread exited: 0x000002612472c380
Event: 63.992 Thread 0x000002617d62f050 Thread added: 0x000002617d62f050
Event: 64.118 Thread 0x000002617d62e060 Thread added: 0x000002617d62e060
Event: 65.843 Thread 0x000002617d62b5e0 Thread added: 0x000002617d62b5e0


Dynamic libraries:
0x00007ff685020000 - 0x00007ff685030000 	C:\Program Files\Java\jdk-20\bin\java.exe
0x00007fff9b330000 - 0x00007fff9b547000 	C:\WINDOWS\SYSTEM32\ntdll.dll
0x00007fff99af0000 - 0x00007fff99bb4000 	C:\WINDOWS\System32\KERNEL32.DLL
0x00007fff98420000 - 0x00007fff987f3000 	C:\WINDOWS\System32\KERNELBASE.dll
0x00007fff98ea0000 - 0x00007fff98fb1000 	C:\WINDOWS\System32\ucrtbase.dll
0x00007fff8dbf0000 - 0x00007fff8dc09000 	C:\Program Files\Java\jdk-20\bin\jli.dll
0x00007fff9a1b0000 - 0x00007fff9a261000 	C:\WINDOWS\System32\ADVAPI32.dll
0x00007fff8db90000 - 0x00007fff8dbab000 	C:\Program Files\Java\jdk-20\bin\VCRUNTIME140.dll
0x00007fff9a640000 - 0x00007fff9a6e7000 	C:\WINDOWS\System32\msvcrt.dll
0x00007fff9a490000 - 0x00007fff9a537000 	C:\WINDOWS\System32\sechost.dll
0x00007fff989f0000 - 0x00007fff98a18000 	C:\WINDOWS\System32\bcrypt.dll
0x00007fff9b120000 - 0x00007fff9b234000 	C:\WINDOWS\System32\RPCRT4.dll
0x00007fff99040000 - 0x00007fff991f1000 	C:\WINDOWS\System32\USER32.dll
0x00007fff98940000 - 0x00007fff98966000 	C:\WINDOWS\System32\win32u.dll
0x00007fff98fc0000 - 0x00007fff98fe9000 	C:\WINDOWS\System32\GDI32.dll
0x00007fff98a20000 - 0x00007fff98b42000 	C:\WINDOWS\System32\gdi32full.dll
0x00007fff98e00000 - 0x00007fff98e9a000 	C:\WINDOWS\System32\msvcp_win.dll
0x00007fff82c70000 - 0x00007fff82f0b000 	C:\WINDOWS\WinSxS\amd64_microsoft.windows.common-controls_6595b64144ccf1df_6.0.22621.5262_none_2712bde373830908\COMCTL32.dll
0x00007fff8cee0000 - 0x00007fff8ceea000 	C:\WINDOWS\SYSTEM32\VERSION.dll
0x00007fff99840000 - 0x00007fff99871000 	C:\WINDOWS\System32\IMM32.DLL
0x00007fff8dbe0000 - 0x00007fff8dbec000 	C:\Program Files\Java\jdk-20\bin\vcruntime140_1.dll
0x00007fff49be0000 - 0x00007fff49c6e000 	C:\Program Files\Java\jdk-20\bin\msvcp140.dll
0x00007ffeb6200000 - 0x00007ffeb6e98000 	C:\Program Files\Java\jdk-20\bin\server\jvm.dll
0x00007fff79640000 - 0x00007fff79649000 	C:\WINDOWS\SYSTEM32\WSOCK32.dll
0x00007fff99750000 - 0x00007fff997c1000 	C:\WINDOWS\System32\WS2_32.dll
0x00007fff93920000 - 0x00007fff93954000 	C:\WINDOWS\SYSTEM32\WINMM.dll
0x00007fff97520000 - 0x00007fff97538000 	C:\WINDOWS\SYSTEM32\kernel.appcore.dll
0x00007fff8db80000 - 0x00007fff8db8a000 	C:\Program Files\Java\jdk-20\bin\jimage.dll
0x00007fff95b00000 - 0x00007fff95d32000 	C:\WINDOWS\SYSTEM32\DBGHELP.DLL
0x00007fff99da0000 - 0x00007fff9a133000 	C:\WINDOWS\System32\combase.dll
0x00007fff9a560000 - 0x00007fff9a637000 	C:\WINDOWS\System32\OLEAUT32.dll
0x00007fff68540000 - 0x00007fff68572000 	C:\WINDOWS\SYSTEM32\dbgcore.DLL
0x00007fff98970000 - 0x00007fff989eb000 	C:\WINDOWS\System32\bcryptPrimitives.dll
0x00007fff8cf10000 - 0x00007fff8cf1e000 	C:\Program Files\Java\jdk-20\bin\instrument.dll
0x00007fff81590000 - 0x00007fff815b6000 	C:\Program Files\Java\jdk-20\bin\java.dll
0x00007ffeee800000 - 0x00007ffeee8d7000 	C:\Program Files\Java\jdk-20\bin\jsvml.dll
0x00007fff9a800000 - 0x00007fff9b09d000 	C:\WINDOWS\System32\SHELL32.dll
0x00007fff98800000 - 0x00007fff9893f000 	C:\WINDOWS\System32\wintypes.dll
0x00007fff96310000 - 0x00007fff96c2d000 	C:\WINDOWS\SYSTEM32\windows.storage.dll
0x00007fff9a6f0000 - 0x00007fff9a7fb000 	C:\WINDOWS\System32\SHCORE.dll
0x00007fff9a270000 - 0x00007fff9a2d6000 	C:\WINDOWS\System32\shlwapi.dll
0x00007fff98350000 - 0x00007fff9837b000 	C:\WINDOWS\SYSTEM32\profapi.dll
0x00007fff8cef0000 - 0x00007fff8cf08000 	C:\Program Files\Java\jdk-20\bin\zip.dll
0x00007fff82150000 - 0x00007fff82163000 	C:\Program Files\Java\jdk-20\bin\net.dll
0x00007fff94e00000 - 0x00007fff94f2c000 	C:\WINDOWS\SYSTEM32\WINHTTP.dll
0x00007fff979b0000 - 0x00007fff97a1a000 	C:\WINDOWS\system32\mswsock.dll
0x00007fff77d60000 - 0x00007fff77d76000 	C:\Program Files\Java\jdk-20\bin\nio.dll
0x00007fff81580000 - 0x00007fff81590000 	C:\Program Files\Java\jdk-20\bin\verify.dll
0x00007fff941f0000 - 0x00007fff94217000 	C:\Users\Ahmad Dzulfikar\.gradle\native\1def1411415f61bf3af743bc5b6707747c0891f09f0c88961ee8f79bc544acac\windows-amd64\native-platform.dll
0x00007fff00a30000 - 0x00007fff00aa8000 	C:\Users\Ahmad Dzulfikar\.gradle\native\0.2.7\x86_64-windows-gnu\gradle-fileevents.dll
0x00007fff80da0000 - 0x00007fff80daa000 	C:\Program Files\Java\jdk-20\bin\management.dll
0x00007fff776d0000 - 0x00007fff776db000 	C:\Program Files\Java\jdk-20\bin\management_ext.dll
0x00007fff99200000 - 0x00007fff99208000 	C:\WINDOWS\System32\PSAPI.DLL
0x00007fff96f50000 - 0x00007fff96f7d000 	C:\WINDOWS\SYSTEM32\IPHLPAPI.DLL
0x00007fff99720000 - 0x00007fff99729000 	C:\WINDOWS\System32\NSI.dll
0x00007fff93b70000 - 0x00007fff93b89000 	C:\WINDOWS\SYSTEM32\dhcpcsvc6.DLL
0x00007fff93b50000 - 0x00007fff93b6f000 	C:\WINDOWS\SYSTEM32\dhcpcsvc.DLL
0x00007fff96fd0000 - 0x00007fff970c8000 	C:\WINDOWS\SYSTEM32\DNSAPI.dll
0x00007fff683e0000 - 0x00007fff683e7000 	C:\Program Files\Java\jdk-20\bin\extnet.dll
0x00007fff97c20000 - 0x00007fff97c3b000 	C:\WINDOWS\SYSTEM32\CRYPTSP.dll
0x00007fff97480000 - 0x00007fff974b7000 	C:\WINDOWS\system32\rsaenh.dll
0x00007fff97ac0000 - 0x00007fff97ae8000 	C:\WINDOWS\SYSTEM32\USERENV.dll
0x00007fff97c40000 - 0x00007fff97c4c000 	C:\WINDOWS\SYSTEM32\CRYPTBASE.dll
0x00007fff59380000 - 0x00007fff5938e000 	C:\Program Files\Java\jdk-20\bin\sunmscapi.dll
0x00007fff98c10000 - 0x00007fff98d77000 	C:\WINDOWS\System32\CRYPT32.dll
0x00007fff97dc0000 - 0x00007fff97ded000 	C:\WINDOWS\SYSTEM32\ncrypt.dll
0x00007fff97d80000 - 0x00007fff97db7000 	C:\WINDOWS\SYSTEM32\NTASN1.dll
0x00007ffeff410000 - 0x00007ffeff418000 	C:\WINDOWS\system32\wshunix.dll

dbghelp: loaded successfully - version: 4.0.5 - missing functions: none
symbol engine: initialized successfully - sym options: 0x614 - pdb path: .;C:\Program Files\Java\jdk-20\bin;C:\WINDOWS\SYSTEM32;C:\WINDOWS\WinSxS\amd64_microsoft.windows.common-controls_6595b64144ccf1df_6.0.22621.5262_none_2712bde373830908;C:\Program Files\Java\jdk-20\bin\server;C:\Users\Ahmad Dzulfikar\.gradle\native\1def1411415f61bf3af743bc5b6707747c0891f09f0c88961ee8f79bc544acac\windows-amd64;C:\Users\Ahmad Dzulfikar\.gradle\native\0.2.7\x86_64-windows-gnu

VM Arguments:
jvm_args: --add-opens=java.base/java.lang=ALL-UNNAMED --add-opens=java.base/java.lang.invoke=ALL-UNNAMED --add-opens=java.base/java.util=ALL-UNNAMED --add-opens=java.prefs/java.util.prefs=ALL-UNNAMED --add-exports=jdk.compiler/com.sun.tools.javac.api=ALL-UNNAMED --add-exports=jdk.compiler/com.sun.tools.javac.util=ALL-UNNAMED --add-opens=java.base/java.util=ALL-UNNAMED --add-opens=java.prefs/java.util.prefs=ALL-UNNAMED --add-opens=java.base/java.nio.charset=ALL-UNNAMED --add-opens=java.base/java.net=ALL-UNNAMED --add-opens=java.base/java.util.concurrent.atomic=ALL-UNNAMED --add-opens=java.xml/javax.xml.namespace=ALL-UNNAMED -XX:MaxMetaspaceSize=384m -XX:+HeapDumpOnOutOfMemoryError -Xms256m -Xmx512m -Dfile.encoding=UTF-8 -Duser.country=ID -Duser.language=en -Duser.variant -javaagent:C:\Users\Ahmad Dzulfikar\.gradle\wrapper\dists\gradle-8.13-bin\5xuhj0ry160q40clulazy9h7d\gradle-8.13\lib\agents\gradle-instrumentation-agent-8.13.jar 
java_command: org.gradle.launcher.daemon.bootstrap.GradleDaemon 8.13
java_class_path (initial): C:\Users\Ahmad Dzulfikar\.gradle\wrapper\dists\gradle-8.13-bin\5xuhj0ry160q40clulazy9h7d\gradle-8.13\lib\gradle-daemon-main-8.13.jar
Launcher Type: SUN_STANDARD

[Global flags]
     intx CICompilerCount                          = 4                                         {product} {ergonomic}
   size_t CompressedClassSpaceSize                 = 322961408                                 {product} {ergonomic}
     uint ConcGCThreads                            = 2                                         {product} {ergonomic}
     uint G1ConcRefinementThreads                  = 8                                         {product} {ergonomic}
   size_t G1HeapRegionSize                         = 1048576                                   {product} {ergonomic}
    uintx GCDrainStackTargetSize                   = 64                                        {product} {ergonomic}
     bool HeapDumpOnOutOfMemoryError               = true                                   {manageable} {command line}
   size_t InitialHeapSize                          = 268435456                                 {product} {command line}
   size_t MarkStackSize                            = 4194304                                   {product} {ergonomic}
   size_t MaxHeapSize                              = 536870912                                 {product} {command line}
   size_t MaxMetaspaceSize                         = 402653184                                 {product} {command line}
   size_t MaxNewSize                               = 321912832                                 {product} {ergonomic}
   size_t MinHeapDeltaBytes                        = 1048576                                   {product} {ergonomic}
   size_t MinHeapSize                              = 268435456                                 {product} {command line}
    uintx NonNMethodCodeHeapSize                   = 5839372                                {pd product} {ergonomic}
    uintx NonProfiledCodeHeapSize                  = 122909434                              {pd product} {ergonomic}
    uintx ProfiledCodeHeapSize                     = 122909434                              {pd product} {ergonomic}
    uintx ReservedCodeCacheSize                    = 251658240                              {pd product} {ergonomic}
     bool SegmentedCodeCache                       = true                                      {product} {ergonomic}
   size_t SoftMaxHeapSize                          = 536870912                              {manageable} {ergonomic}
     bool UseCompressedClassPointers               = true                           {product lp64_product} {ergonomic}
     bool UseCompressedOops                        = true                           {product lp64_product} {ergonomic}
     bool UseG1GC                                  = true                                      {product} {ergonomic}
     bool UseLargePagesIndividualAllocation        = false                                  {pd product} {ergonomic}

Logging:
Log output configuration:
 #0: stdout all=warning uptime,level,tags foldmultilines=false
 #1: stderr all=off uptime,level,tags foldmultilines=false

Environment Variables:
JAVA_HOME=C:\Program Files\Java\jdk-20
PATH=C:\Program Files\Common Files\Oracle\Java\javapath;C:\Program Files (x86)\Common Files\Oracle\Java\javapath;C:\WINDOWS\system32;C:\WINDOWS;C:\WINDOWS\System32\Wbem;C:\WINDOWS\System32\WindowsPowerShell\v1.0\;C:\WINDOWS\System32\OpenSSH\;C:\Program Files\Git\cmd;C:\Program Files\Git\mingw64\bin;C:\Program Files\Git\usr\bin;C:\xampp\php;C:\ProgramData\ComposerSetup\bin;C:\Program Files\Microsoft SQL Server\150\Tools\Binn\;C:\Program Files\Microsoft SQL Server\Client SDK\ODBC\170\Tools\Binn\;C:\Program Files\dotnet\;C:\Program Files\Java\jdk-20\bin;C:\Program Files\PuTTY\;C:\Program Files\Docker\Docker\resources\bin;C:\Program Files\nodejs\;C:\Program Files\nodejs\node_modules\npm\bin;C:\Users\Ahmad Dzulfikar\.cargo\bin;C:\Users\Ahmad Dzulfikar\AppData\Local\Programs\Python\Python311\Scripts\;C:\Users\Ahmad Dzulfikar\AppData\Local\Programs\Python\Python311\;C:\Users\Ahmad Dzulfikar\AppData\Local\Microsoft\WindowsApps;C:\Users\Ahmad Dzulfikar\AppData\Local\Programs\Microsoft VS Code\bin;C:\Users\Ahmad Dzulfikar\AppData\Roaming\Composer\vendor\bin;C:\Users\Ahmad Dzulfikar\dev\flutter\bin;C:\Users\user\AppData\Local\Programs\Microsoft VS Code\bin;C:\Users\Ahmad Dzulfikar\.dotnet\tools;C:\Program Files\JetBrains\IntelliJ IDEA 2024.3.2.2\bin;;C:\Users\Ahmad Dzulfikar\Downloads\apache-maven-3.9.9-bin\apache-maven-3.9.9\bin;C:\Program Files\PostgreSQL\17\bin;C:\Users\Ahmad Dzulfikar\AppData\Roaming\npm
USERNAME=Ahmad Dzulfikar
OS=Windows_NT
PROCESSOR_IDENTIFIER=Intel64 Family 6 Model 140 Stepping 1, GenuineIntel
TMP=C:\Users\AHMADD~1\AppData\Local\Temp
TEMP=C:\Users\AHMADD~1\AppData\Local\Temp




---------------  S Y S T E M  ---------------

OS:
 Windows 11 , 64 bit Build 22621 (10.0.22621.5262)
OS uptime: 0 days 15:32 hours
Hyper-V role detected

CPU: total 8 (initial active 8) (4 cores per cpu, 2 threads per core) family 6 model 140 stepping 1 microcode 0x86, cx8, cmov, fxsr, ht, mmx, 3dnowpref, sse, sse2, sse3, ssse3, sse4.1, sse4.2, popcnt, lzcnt, tsc, tscinvbit, avx, avx2, aes, erms, clmul, bmi1, bmi2, adx, avx512f, avx512dq, avx512cd, avx512bw, avx512vl, sha, fma, vzeroupper, avx512_vpopcntdq, avx512_vpclmulqdq, avx512_vaes, avx512_vnni, clflush, clflushopt, clwb, avx512_vbmi2, avx512_vbmi, hv, rdtscp, rdpid, fsrm, gfni, avx512_bitalg, f16c, cet_ibt, cet_ss, avx512_ifma

Memory: 4k page, system-wide physical 16179M (1035M free)
TotalPageFile size 46222M (AvailPageFile size 1811M)
current process WorkingSet (physical memory assigned to process): 268M, peak: 271M
current process commit charge ("private bytes"): 435M, peak: 456M

vm_info: Java HotSpot(TM) 64-Bit Server VM (20.0.2+9-78) for windows-amd64 JRE (20.0.2+9-78), built on 2023-06-14T10:08:48Z by "mach5one" with MS VC++ 17.1 (VS2022)

END.
