#
# There is insufficient memory for the Java Runtime Environment to continue.
# Native memory allocation (malloc) failed to allocate 131088 bytes for Chunk::new
# Possible reasons:
#   The system is out of physical RAM or swap space
#   The process is running with CompressedOops enabled, and the Java Heap may be blocking the growth of the native heap
# Possible solutions:
#   Reduce memory load on the system
#   Increase physical memory or swap space
#   Check if swap backing store is full
#   Decrease Java heap size (-Xmx/-Xms)
#   Decrease number of Java threads
#   Decrease Java thread stack sizes (-Xss)
#   Set larger code cache with -XX:ReservedCodeCacheSize=
#   JVM is running with Unscaled Compressed Oops mode in which the Java heap is
#     placed in the first 4GB address space. The Java Heap base address is the
#     maximum limit for the native heap growth. Please use -XX:HeapBaseMinAddress
#     to set the Java Heap base and to place the Java Heap above 4GB virtual address.
# This output file may be truncated or incomplete.
#
#  Out of Memory Error (arena.cpp:184), pid=12144, tid=13988
#
# JRE version: Java(TM) SE Runtime Environment (20.0.2+9) (build 20.0.2+9-78)
# Java VM: Java HotSpot(TM) 64-Bit Server VM (20.0.2+9-78, mixed mode, sharing, tiered, compressed oops, compressed class ptrs, g1 gc, windows-amd64)
# No core dump will be written. Minidumps are not enabled by default on client versions of Windows
#

---------------  S U M M A R Y ------------

Command Line: --add-opens=java.base/java.lang=ALL-UNNAMED --add-opens=java.base/java.lang.invoke=ALL-UNNAMED --add-opens=java.base/java.util=ALL-UNNAMED --add-opens=java.prefs/java.util.prefs=ALL-UNNAMED --add-exports=jdk.compiler/com.sun.tools.javac.api=ALL-UNNAMED --add-exports=jdk.compiler/com.sun.tools.javac.util=ALL-UNNAMED --add-opens=java.base/java.util=ALL-UNNAMED --add-opens=java.prefs/java.util.prefs=ALL-UNNAMED --add-opens=java.base/java.nio.charset=ALL-UNNAMED --add-opens=java.base/java.net=ALL-UNNAMED --add-opens=java.base/java.util.concurrent.atomic=ALL-UNNAMED --add-opens=java.xml/javax.xml.namespace=ALL-UNNAMED -XX:MaxMetaspaceSize=384m -XX:+HeapDumpOnOutOfMemoryError -Xms256m -Xmx512m -Dfile.encoding=UTF-8 -Duser.country=ID -Duser.language=en -Duser.variant -javaagent:C:\Users\Ahmad Dzulfikar\.gradle\wrapper\dists\gradle-8.13-bin\5xuhj0ry160q40clulazy9h7d\gradle-8.13\lib\agents\gradle-instrumentation-agent-8.13.jar org.gradle.launcher.daemon.bootstrap.GradleDaemon 8.13

Host: 11th Gen Intel(R) Core(TM) i5-1135G7 @ 2.40GHz, 8 cores, 15G,  Windows 11 , 64 bit Build 22621 (10.0.22621.5262)
Time: Sun May 25 07:32:56 2025 SE Asia Standard Time elapsed time: 42.336922 seconds (0d 0h 0m 42s)

---------------  T H R E A D  ---------------

Current thread (0x000001e0c582b7d0):  JavaThread "C2 CompilerThread1" daemon [_thread_in_native, id=13988, stack(0x000000892ca00000,0x000000892cb00000)]


Current CompileTask:
C2:  42337 3604   !   4       java.lang.ClassLoader::loadClass (121 bytes)

Stack: [0x000000892ca00000,0x000000892cb00000]
Native frames: (J=compiled Java code, j=interpreted, Vv=VM code, C=native code)
V  [jvm.dll+0x6bc25a]
V  [jvm.dll+0x84971a]
V  [jvm.dll+0x84b315]
V  [jvm.dll+0x84ba13]
V  [jvm.dll+0x280e4f]
V  [jvm.dll+0xc2ab1]
V  [jvm.dll+0xc2dd5]
V  [jvm.dll+0xc2bd4]
V  [jvm.dll+0x69a16c]
V  [jvm.dll+0x255e61]
V  [jvm.dll+0x24c68a]
V  [jvm.dll+0x24a819]
V  [jvm.dll+0x1ce761]
V  [jvm.dll+0x25a0eb]
V  [jvm.dll+0x2587c0]
V  [jvm.dll+0x3f2dd5]
V  [jvm.dll+0x7f5c76]
V  [jvm.dll+0x6baecb]
C  [ucrtbase.dll+0x29333]
C  [KERNEL32.DLL+0x1259d]
C  [ntdll.dll+0x5af58]


---------------  P R O C E S S  ---------------

Threads class SMR info:
_java_thread_list=0x000001e0c2907d10, length=32, elements={
0x000001e08ebe5e90, 0x000001e0a954d750, 0x000001e0a954e7e0, 0x000001e0a9550270,
0x000001e0a9554b20, 0x000001e0a95577e0, 0x000001e0a9558210, 0x000001e0a9558f70,
0x000001e0a9559ec0, 0x000001e0c1d0ed00, 0x000001e0c1e9f8e0, 0x000001e0c2182790,
0x000001e0c1d00290, 0x000001e0c2f495e0, 0x000001e0c35a20b0, 0x000001e0c359fb80,
0x000001e0c35a10c0, 0x000001e0c35a1610, 0x000001e0c35a00d0, 0x000001e0c35a1b60,
0x000001e0c35a0620, 0x000001e0c359f0e0, 0x000001e0c359f630, 0x000001e0c35a0b70,
0x000001e0c3d44f00, 0x000001e0c3d459a0, 0x000001e0c3d48970, 0x000001e0c3d4a950,
0x000001e0c3d449b0, 0x000001e0c3d49410, 0x000001e0c3d48ec0, 0x000001e0c582b7d0
}

Java Threads: ( => current thread )
  0x000001e08ebe5e90 JavaThread "main" [_thread_blocked, id=26584, stack(0x0000008929c00000,0x0000008929d00000)]
  0x000001e0a954d750 JavaThread "Reference Handler" daemon [_thread_blocked, id=8552, stack(0x000000892a300000,0x000000892a400000)]
  0x000001e0a954e7e0 JavaThread "Finalizer" daemon [_thread_blocked, id=15340, stack(0x000000892a400000,0x000000892a500000)]
  0x000001e0a9550270 JavaThread "Signal Dispatcher" daemon [_thread_blocked, id=7412, stack(0x000000892a500000,0x000000892a600000)]
  0x000001e0a9554b20 JavaThread "Attach Listener" daemon [_thread_blocked, id=10072, stack(0x000000892a600000,0x000000892a700000)]
  0x000001e0a95577e0 JavaThread "Service Thread" daemon [_thread_blocked, id=26380, stack(0x000000892a700000,0x000000892a800000)]
  0x000001e0a9558210 JavaThread "Monitor Deflation Thread" daemon [_thread_blocked, id=21268, stack(0x000000892a800000,0x000000892a900000)]
  0x000001e0a9558f70 JavaThread "C2 CompilerThread0" daemon [_thread_in_native, id=5304, stack(0x000000892a900000,0x000000892aa00000)]
  0x000001e0a9559ec0 JavaThread "C1 CompilerThread0" daemon [_thread_blocked, id=2320, stack(0x000000892aa00000,0x000000892ab00000)]
  0x000001e0c1d0ed00 JavaThread "Common-Cleaner" daemon [_thread_blocked, id=26256, stack(0x000000892ab00000,0x000000892ac00000)]
  0x000001e0c1e9f8e0 JavaThread "Notification Thread" daemon [_thread_blocked, id=30068, stack(0x000000892ac00000,0x000000892ad00000)]
  0x000001e0c2182790 JavaThread "Daemon health stats" [_thread_blocked, id=29968, stack(0x000000892b400000,0x000000892b500000)]
  0x000001e0c1d00290 JavaThread "Incoming local TCP Connector on port 57378" [_thread_in_native, id=33308, stack(0x000000892b500000,0x000000892b600000)]
  0x000001e0c2f495e0 JavaThread "Daemon periodic checks" [_thread_blocked, id=33160, stack(0x000000892b700000,0x000000892b800000)]
  0x000001e0c35a20b0 JavaThread "Daemon" [_thread_blocked, id=32540, stack(0x000000892b800000,0x000000892b900000)]
  0x000001e0c359fb80 JavaThread "Handler for socket connection from /127.0.0.1:57378 to /127.0.0.1:57380" [_thread_in_native, id=2160, stack(0x000000892b900000,0x000000892ba00000)]
  0x000001e0c35a10c0 JavaThread "Cancel handler" [_thread_blocked, id=26952, stack(0x000000892ba00000,0x000000892bb00000)]
  0x000001e0c35a1610 JavaThread "Daemon worker" [_thread_in_native, id=31164, stack(0x000000892b600000,0x000000892b700000)]
  0x000001e0c35a00d0 JavaThread "Asynchronous log dispatcher for DefaultDaemonConnection: socket connection from /127.0.0.1:57378 to /127.0.0.1:57380" [_thread_blocked, id=3288, stack(0x000000892bb00000,0x000000892bc00000)]
  0x000001e0c35a1b60 JavaThread "Stdin handler" [_thread_blocked, id=32380, stack(0x000000892bc00000,0x000000892bd00000)]
  0x000001e0c35a0620 JavaThread "Daemon client event forwarder" [_thread_blocked, id=24552, stack(0x000000892bd00000,0x000000892be00000)]
  0x000001e0c359f0e0 JavaThread "Cache worker for journal cache (C:\Users\Ahmad Dzulfikar\.gradle\caches\journal-1)" [_thread_blocked, id=5584, stack(0x000000892bf00000,0x000000892c000000)]
  0x000001e0c359f630 JavaThread "File lock request listener" [_thread_in_native, id=16624, stack(0x000000892c000000,0x000000892c100000)]
  0x000001e0c35a0b70 JavaThread "File lock release action executor" [_thread_blocked, id=29364, stack(0x000000892be00000,0x000000892bf00000)]
  0x000001e0c3d44f00 JavaThread "Cache worker for file hash cache (C:\Users\Ahmad Dzulfikar\.gradle\caches\8.13\fileHashes)" [_thread_blocked, id=28176, stack(0x000000892c100000,0x000000892c200000)]
  0x000001e0c3d459a0 JavaThread "Cache worker for file hash cache (C:\Users\Ahmad Dzulfikar\IdeaProjects\pelanggan-service\.gradle\8.13\fileHashes)" [_thread_blocked, id=2948, stack(0x000000892c400000,0x000000892c500000)]
  0x000001e0c3d48970 JavaThread "Cache worker for Build Output Cleanup Cache (C:\Users\Ahmad Dzulfikar\IdeaProjects\pelanggan-service\.gradle\buildOutputCleanup)" [_thread_blocked, id=33004, stack(0x000000892c500000,0x000000892c600000)]
  0x000001e0c3d4a950 JavaThread "File watcher server" daemon [_thread_in_native, id=32356, stack(0x000000892c600000,0x000000892c700000)]
  0x000001e0c3d449b0 JavaThread "File watcher consumer" daemon [_thread_blocked, id=13688, stack(0x000000892c700000,0x000000892c800000)]
  0x000001e0c3d49410 JavaThread "jar transforms" [_thread_blocked, id=29320, stack(0x000000892c800000,0x000000892c900000)]
  0x000001e0c3d48ec0 JavaThread "jar transforms Thread 2" [_thread_blocked, id=5024, stack(0x000000892c900000,0x000000892ca00000)]
=>0x000001e0c582b7d0 JavaThread "C2 CompilerThread1" daemon [_thread_in_native, id=13988, stack(0x000000892ca00000,0x000000892cb00000)]

Other Threads:
  0x000001e0a952e3a0 VMThread "VM Thread" [stack: 0x000000892a200000,0x000000892a300000] [id=32648]
  0x000001e0c1e96bc0 WatcherThread "VM Periodic Task Thread" [stack: 0x000000892ad00000,0x000000892ae00000] [id=26052]
  0x000001e08ec17db0 WorkerThread "GC Thread#0" [stack: 0x0000008929d00000,0x0000008929e00000] [id=31200]
  0x000001e0c1c6e460 WorkerThread "GC Thread#1" [stack: 0x000000892af00000,0x000000892b000000] [id=30784]
  0x000001e0c1ff94a0 WorkerThread "GC Thread#2" [stack: 0x000000892b000000,0x000000892b100000] [id=9512]
  0x000001e0c1ff9770 WorkerThread "GC Thread#3" [stack: 0x000000892b100000,0x000000892b200000] [id=31568]
  0x000001e0c2074e40 WorkerThread "GC Thread#4" [stack: 0x000000892b200000,0x000000892b300000] [id=12124]
  0x000001e0c2075110 WorkerThread "GC Thread#5" [stack: 0x000000892b300000,0x000000892b400000] [id=29408]
  0x000001e0c2074300 WorkerThread "GC Thread#6" [stack: 0x000000892ae00000,0x000000892af00000] [id=26904]
  0x000001e0c3603580 WorkerThread "GC Thread#7" [stack: 0x000000892c200000,0x000000892c300000] [id=22432]
  0x000001e08ec1dcd0 ConcurrentGCThread "G1 Main Marker" [stack: 0x0000008929e00000,0x0000008929f00000] [id=29592]
  0x000001e08ec1e710 WorkerThread "G1 Conc#0" [stack: 0x0000008929f00000,0x000000892a000000] [id=13848]
  0x000001e0c3605a10 WorkerThread "G1 Conc#1" [stack: 0x000000892c300000,0x000000892c400000] [id=31560]
  0x000001e0a93f0160 ConcurrentGCThread "G1 Refine#0" [stack: 0x000000892a000000,0x000000892a100000] [id=31088]
  0x000001e0a93f0b10 ConcurrentGCThread "G1 Service" [stack: 0x000000892a100000,0x000000892a200000] [id=7148]

Threads with active compile tasks:
C2 CompilerThread0    42361 3603       4       jdk.internal.loader.URLClassPath::getResource (74 bytes)
C2 CompilerThread1    42361 3604   !   4       java.lang.ClassLoader::loadClass (121 bytes)

VM state: not at safepoint (normal execution)

VM Mutex/Monitor currently owned by a thread: None

Heap address: 0x00000000e0000000, size: 512 MB, Compressed Oops mode: 32-bit

CDS archive(s) mapped at: [0x000001e0a9800000-0x000001e0aa460000-0x000001e0aa460000), size 12976128, SharedBaseAddress: 0x000001e0a9800000, ArchiveRelocationMode: 1.
Compressed class space mapped at: 0x000001e0aa800000-0x000001e0bdc00000, reserved size: 322961408
Narrow klass base: 0x000001e0a9800000, Narrow klass shift: 0, Narrow klass range: 0x100000000

GC Precious Log:
 CardTable entry size: 512
 Card Set container configuration: InlinePtr #cards 5 size 8 Array Of Cards #cards 12 size 40 Howl #buckets 4 coarsen threshold 1843 Howl Bitmap #cards 512 size 80 coarsen threshold 460 Card regions per heap region 1 cards per card region 2048
 CPUs: 8 total, 8 available
 Memory: 16179M
 Large Page Support: Disabled
 NUMA Support: Disabled
 Compressed Oops: Enabled (32-bit)
 Heap Region Size: 1M
 Heap Min Capacity: 256M
 Heap Initial Capacity: 256M
 Heap Max Capacity: 512M
 Pre-touch: Disabled
 Parallel Workers: 8
 Concurrent Workers: 2
 Concurrent Refinement Workers: 8
 Periodic GC: Disabled

Heap:
 garbage-first heap   total 262144K, used 69209K [0x00000000e0000000, 0x0000000100000000)
  region size 1024K, 58 young (59392K), 12 survivors (12288K)
 Metaspace       used 26972K, committed 27904K, reserved 380928K
  class space    used 4010K, committed 4480K, reserved 315392K

Heap Regions: E=young(eden), S=young(survivor), O=old, HS=humongous(starts), HC=humongous(continues), CS=collection set, F=free, OA=open archive, CA=closed archive, TAMS=top-at-mark-start, PB=parsable bottom
|   0|0x00000000e0000000, 0x00000000e0100000, 0x00000000e0100000|100%|HS|  |TAMS 0x00000000e0000000| PB 0x00000000e0000000| Complete 
|   1|0x00000000e0100000, 0x00000000e0200000, 0x00000000e0200000|100%|HC|  |TAMS 0x00000000e0100000| PB 0x00000000e0100000| Complete 
|   2|0x00000000e0200000, 0x00000000e0300000, 0x00000000e0300000|100%|HC|  |TAMS 0x00000000e0200000| PB 0x00000000e0200000| Complete 
|   3|0x00000000e0300000, 0x00000000e0400000, 0x00000000e0400000|100%| O|  |TAMS 0x00000000e0300000| PB 0x00000000e0300000| Untracked 
|   4|0x00000000e0400000, 0x00000000e0500000, 0x00000000e0500000|100%| O|  |TAMS 0x00000000e0400000| PB 0x00000000e0400000| Untracked 
|   5|0x00000000e0500000, 0x00000000e0600000, 0x00000000e0600000|100%| O|  |TAMS 0x00000000e0500000| PB 0x00000000e0500000| Complete 
|   6|0x00000000e0600000, 0x00000000e0700000, 0x00000000e0700000|100%|HS|  |TAMS 0x00000000e0600000| PB 0x00000000e0600000| Complete 
|   7|0x00000000e0700000, 0x00000000e0700000, 0x00000000e0800000|  0%| F|  |TAMS 0x00000000e0700000| PB 0x00000000e0700000| Untracked 
|   8|0x00000000e0800000, 0x00000000e0900000, 0x00000000e0900000|100%| O|  |TAMS 0x00000000e0800000| PB 0x00000000e0800000| Untracked 
|   9|0x00000000e0900000, 0x00000000e0a00000, 0x00000000e0a00000|100%| O|  |TAMS 0x00000000e0900000| PB 0x00000000e0900000| Untracked 
|  10|0x00000000e0a00000, 0x00000000e0b00000, 0x00000000e0b00000|100%| O|  |TAMS 0x00000000e0a00000| PB 0x00000000e0a00000| Untracked 
|  11|0x00000000e0b00000, 0x00000000e0c00000, 0x00000000e0c00000|100%| O|  |TAMS 0x00000000e0b00000| PB 0x00000000e0b00000| Untracked 
|  12|0x00000000e0c00000, 0x00000000e0cca200, 0x00000000e0d00000| 78%| O|  |TAMS 0x00000000e0c00000| PB 0x00000000e0c00000| Untracked 
|  13|0x00000000e0d00000, 0x00000000e0d00000, 0x00000000e0e00000|  0%| F|  |TAMS 0x00000000e0d00000| PB 0x00000000e0d00000| Untracked 
|  14|0x00000000e0e00000, 0x00000000e0e00000, 0x00000000e0f00000|  0%| F|  |TAMS 0x00000000e0e00000| PB 0x00000000e0e00000| Untracked 
|  15|0x00000000e0f00000, 0x00000000e0f00000, 0x00000000e1000000|  0%| F|  |TAMS 0x00000000e0f00000| PB 0x00000000e0f00000| Untracked 
|  16|0x00000000e1000000, 0x00000000e1000000, 0x00000000e1100000|  0%| F|  |TAMS 0x00000000e1000000| PB 0x00000000e1000000| Untracked 
|  17|0x00000000e1100000, 0x00000000e1100000, 0x00000000e1200000|  0%| F|  |TAMS 0x00000000e1100000| PB 0x00000000e1100000| Untracked 
|  18|0x00000000e1200000, 0x00000000e1200000, 0x00000000e1300000|  0%| F|  |TAMS 0x00000000e1200000| PB 0x00000000e1200000| Untracked 
|  19|0x00000000e1300000, 0x00000000e1300000, 0x00000000e1400000|  0%| F|  |TAMS 0x00000000e1300000| PB 0x00000000e1300000| Untracked 
|  20|0x00000000e1400000, 0x00000000e1400000, 0x00000000e1500000|  0%| F|  |TAMS 0x00000000e1400000| PB 0x00000000e1400000| Untracked 
|  21|0x00000000e1500000, 0x00000000e1500000, 0x00000000e1600000|  0%| F|  |TAMS 0x00000000e1500000| PB 0x00000000e1500000| Untracked 
|  22|0x00000000e1600000, 0x00000000e1600000, 0x00000000e1700000|  0%| F|  |TAMS 0x00000000e1600000| PB 0x00000000e1600000| Untracked 
|  23|0x00000000e1700000, 0x00000000e1700000, 0x00000000e1800000|  0%| F|  |TAMS 0x00000000e1700000| PB 0x00000000e1700000| Untracked 
|  24|0x00000000e1800000, 0x00000000e1800000, 0x00000000e1900000|  0%| F|  |TAMS 0x00000000e1800000| PB 0x00000000e1800000| Untracked 
|  25|0x00000000e1900000, 0x00000000e1900000, 0x00000000e1a00000|  0%| F|  |TAMS 0x00000000e1900000| PB 0x00000000e1900000| Untracked 
|  26|0x00000000e1a00000, 0x00000000e1a00000, 0x00000000e1b00000|  0%| F|  |TAMS 0x00000000e1a00000| PB 0x00000000e1a00000| Untracked 
|  27|0x00000000e1b00000, 0x00000000e1b00000, 0x00000000e1c00000|  0%| F|  |TAMS 0x00000000e1b00000| PB 0x00000000e1b00000| Untracked 
|  28|0x00000000e1c00000, 0x00000000e1c00000, 0x00000000e1d00000|  0%| F|  |TAMS 0x00000000e1c00000| PB 0x00000000e1c00000| Untracked 
|  29|0x00000000e1d00000, 0x00000000e1d00000, 0x00000000e1e00000|  0%| F|  |TAMS 0x00000000e1d00000| PB 0x00000000e1d00000| Untracked 
|  30|0x00000000e1e00000, 0x00000000e1e00000, 0x00000000e1f00000|  0%| F|  |TAMS 0x00000000e1e00000| PB 0x00000000e1e00000| Untracked 
|  31|0x00000000e1f00000, 0x00000000e1f00000, 0x00000000e2000000|  0%| F|  |TAMS 0x00000000e1f00000| PB 0x00000000e1f00000| Untracked 
|  32|0x00000000e2000000, 0x00000000e2000000, 0x00000000e2100000|  0%| F|  |TAMS 0x00000000e2000000| PB 0x00000000e2000000| Untracked 
|  33|0x00000000e2100000, 0x00000000e2100000, 0x00000000e2200000|  0%| F|  |TAMS 0x00000000e2100000| PB 0x00000000e2100000| Untracked 
|  34|0x00000000e2200000, 0x00000000e2200000, 0x00000000e2300000|  0%| F|  |TAMS 0x00000000e2200000| PB 0x00000000e2200000| Untracked 
|  35|0x00000000e2300000, 0x00000000e2300000, 0x00000000e2400000|  0%| F|  |TAMS 0x00000000e2300000| PB 0x00000000e2300000| Untracked 
|  36|0x00000000e2400000, 0x00000000e2400000, 0x00000000e2500000|  0%| F|  |TAMS 0x00000000e2400000| PB 0x00000000e2400000| Untracked 
|  37|0x00000000e2500000, 0x00000000e2500000, 0x00000000e2600000|  0%| F|  |TAMS 0x00000000e2500000| PB 0x00000000e2500000| Untracked 
|  38|0x00000000e2600000, 0x00000000e2600000, 0x00000000e2700000|  0%| F|  |TAMS 0x00000000e2600000| PB 0x00000000e2600000| Untracked 
|  39|0x00000000e2700000, 0x00000000e2700000, 0x00000000e2800000|  0%| F|  |TAMS 0x00000000e2700000| PB 0x00000000e2700000| Untracked 
|  40|0x00000000e2800000, 0x00000000e2800000, 0x00000000e2900000|  0%| F|  |TAMS 0x00000000e2800000| PB 0x00000000e2800000| Untracked 
|  41|0x00000000e2900000, 0x00000000e2900000, 0x00000000e2a00000|  0%| F|  |TAMS 0x00000000e2900000| PB 0x00000000e2900000| Untracked 
|  42|0x00000000e2a00000, 0x00000000e2a00000, 0x00000000e2b00000|  0%| F|  |TAMS 0x00000000e2a00000| PB 0x00000000e2a00000| Untracked 
|  43|0x00000000e2b00000, 0x00000000e2b00000, 0x00000000e2c00000|  0%| F|  |TAMS 0x00000000e2b00000| PB 0x00000000e2b00000| Untracked 
|  44|0x00000000e2c00000, 0x00000000e2c00000, 0x00000000e2d00000|  0%| F|  |TAMS 0x00000000e2c00000| PB 0x00000000e2c00000| Untracked 
|  45|0x00000000e2d00000, 0x00000000e2d00000, 0x00000000e2e00000|  0%| F|  |TAMS 0x00000000e2d00000| PB 0x00000000e2d00000| Untracked 
|  46|0x00000000e2e00000, 0x00000000e2e00000, 0x00000000e2f00000|  0%| F|  |TAMS 0x00000000e2e00000| PB 0x00000000e2e00000| Untracked 
|  47|0x00000000e2f00000, 0x00000000e2f00000, 0x00000000e3000000|  0%| F|  |TAMS 0x00000000e2f00000| PB 0x00000000e2f00000| Untracked 
|  48|0x00000000e3000000, 0x00000000e3000000, 0x00000000e3100000|  0%| F|  |TAMS 0x00000000e3000000| PB 0x00000000e3000000| Untracked 
|  49|0x00000000e3100000, 0x00000000e3100000, 0x00000000e3200000|  0%| F|  |TAMS 0x00000000e3100000| PB 0x00000000e3100000| Untracked 
|  50|0x00000000e3200000, 0x00000000e3200000, 0x00000000e3300000|  0%| F|  |TAMS 0x00000000e3200000| PB 0x00000000e3200000| Untracked 
|  51|0x00000000e3300000, 0x00000000e3300000, 0x00000000e3400000|  0%| F|  |TAMS 0x00000000e3300000| PB 0x00000000e3300000| Untracked 
|  52|0x00000000e3400000, 0x00000000e3400000, 0x00000000e3500000|  0%| F|  |TAMS 0x00000000e3400000| PB 0x00000000e3400000| Untracked 
|  53|0x00000000e3500000, 0x00000000e3500000, 0x00000000e3600000|  0%| F|  |TAMS 0x00000000e3500000| PB 0x00000000e3500000| Untracked 
|  54|0x00000000e3600000, 0x00000000e3600000, 0x00000000e3700000|  0%| F|  |TAMS 0x00000000e3600000| PB 0x00000000e3600000| Untracked 
|  55|0x00000000e3700000, 0x00000000e3700000, 0x00000000e3800000|  0%| F|  |TAMS 0x00000000e3700000| PB 0x00000000e3700000| Untracked 
|  56|0x00000000e3800000, 0x00000000e3800000, 0x00000000e3900000|  0%| F|  |TAMS 0x00000000e3800000| PB 0x00000000e3800000| Untracked 
|  57|0x00000000e3900000, 0x00000000e3900000, 0x00000000e3a00000|  0%| F|  |TAMS 0x00000000e3900000| PB 0x00000000e3900000| Untracked 
|  58|0x00000000e3a00000, 0x00000000e3a00000, 0x00000000e3b00000|  0%| F|  |TAMS 0x00000000e3a00000| PB 0x00000000e3a00000| Untracked 
|  59|0x00000000e3b00000, 0x00000000e3b00000, 0x00000000e3c00000|  0%| F|  |TAMS 0x00000000e3b00000| PB 0x00000000e3b00000| Untracked 
|  60|0x00000000e3c00000, 0x00000000e3c00000, 0x00000000e3d00000|  0%| F|  |TAMS 0x00000000e3c00000| PB 0x00000000e3c00000| Untracked 
|  61|0x00000000e3d00000, 0x00000000e3d00000, 0x00000000e3e00000|  0%| F|  |TAMS 0x00000000e3d00000| PB 0x00000000e3d00000| Untracked 
|  62|0x00000000e3e00000, 0x00000000e3e00000, 0x00000000e3f00000|  0%| F|  |TAMS 0x00000000e3e00000| PB 0x00000000e3e00000| Untracked 
|  63|0x00000000e3f00000, 0x00000000e3f00000, 0x00000000e4000000|  0%| F|  |TAMS 0x00000000e3f00000| PB 0x00000000e3f00000| Untracked 
|  64|0x00000000e4000000, 0x00000000e4000000, 0x00000000e4100000|  0%| F|  |TAMS 0x00000000e4000000| PB 0x00000000e4000000| Untracked 
|  65|0x00000000e4100000, 0x00000000e4100000, 0x00000000e4200000|  0%| F|  |TAMS 0x00000000e4100000| PB 0x00000000e4100000| Untracked 
|  66|0x00000000e4200000, 0x00000000e4200000, 0x00000000e4300000|  0%| F|  |TAMS 0x00000000e4200000| PB 0x00000000e4200000| Untracked 
|  67|0x00000000e4300000, 0x00000000e4300000, 0x00000000e4400000|  0%| F|  |TAMS 0x00000000e4300000| PB 0x00000000e4300000| Untracked 
|  68|0x00000000e4400000, 0x00000000e4400000, 0x00000000e4500000|  0%| F|  |TAMS 0x00000000e4400000| PB 0x00000000e4400000| Untracked 
|  69|0x00000000e4500000, 0x00000000e4500000, 0x00000000e4600000|  0%| F|  |TAMS 0x00000000e4500000| PB 0x00000000e4500000| Untracked 
|  70|0x00000000e4600000, 0x00000000e4600000, 0x00000000e4700000|  0%| F|  |TAMS 0x00000000e4600000| PB 0x00000000e4600000| Untracked 
|  71|0x00000000e4700000, 0x00000000e4700000, 0x00000000e4800000|  0%| F|  |TAMS 0x00000000e4700000| PB 0x00000000e4700000| Untracked 
|  72|0x00000000e4800000, 0x00000000e4800000, 0x00000000e4900000|  0%| F|  |TAMS 0x00000000e4800000| PB 0x00000000e4800000| Untracked 
|  73|0x00000000e4900000, 0x00000000e4900000, 0x00000000e4a00000|  0%| F|  |TAMS 0x00000000e4900000| PB 0x00000000e4900000| Untracked 
|  74|0x00000000e4a00000, 0x00000000e4a00000, 0x00000000e4b00000|  0%| F|  |TAMS 0x00000000e4a00000| PB 0x00000000e4a00000| Untracked 
|  75|0x00000000e4b00000, 0x00000000e4b00000, 0x00000000e4c00000|  0%| F|  |TAMS 0x00000000e4b00000| PB 0x00000000e4b00000| Untracked 
|  76|0x00000000e4c00000, 0x00000000e4c00000, 0x00000000e4d00000|  0%| F|  |TAMS 0x00000000e4c00000| PB 0x00000000e4c00000| Untracked 
|  77|0x00000000e4d00000, 0x00000000e4d00000, 0x00000000e4e00000|  0%| F|  |TAMS 0x00000000e4d00000| PB 0x00000000e4d00000| Untracked 
|  78|0x00000000e4e00000, 0x00000000e4e00000, 0x00000000e4f00000|  0%| F|  |TAMS 0x00000000e4e00000| PB 0x00000000e4e00000| Untracked 
|  79|0x00000000e4f00000, 0x00000000e4f00000, 0x00000000e5000000|  0%| F|  |TAMS 0x00000000e4f00000| PB 0x00000000e4f00000| Untracked 
|  80|0x00000000e5000000, 0x00000000e5000000, 0x00000000e5100000|  0%| F|  |TAMS 0x00000000e5000000| PB 0x00000000e5000000| Untracked 
|  81|0x00000000e5100000, 0x00000000e5100000, 0x00000000e5200000|  0%| F|  |TAMS 0x00000000e5100000| PB 0x00000000e5100000| Untracked 
|  82|0x00000000e5200000, 0x00000000e5200000, 0x00000000e5300000|  0%| F|  |TAMS 0x00000000e5200000| PB 0x00000000e5200000| Untracked 
|  83|0x00000000e5300000, 0x00000000e5300000, 0x00000000e5400000|  0%| F|  |TAMS 0x00000000e5300000| PB 0x00000000e5300000| Untracked 
|  84|0x00000000e5400000, 0x00000000e5400000, 0x00000000e5500000|  0%| F|  |TAMS 0x00000000e5400000| PB 0x00000000e5400000| Untracked 
|  85|0x00000000e5500000, 0x00000000e5500000, 0x00000000e5600000|  0%| F|  |TAMS 0x00000000e5500000| PB 0x00000000e5500000| Untracked 
|  86|0x00000000e5600000, 0x00000000e5600000, 0x00000000e5700000|  0%| F|  |TAMS 0x00000000e5600000| PB 0x00000000e5600000| Untracked 
|  87|0x00000000e5700000, 0x00000000e5700000, 0x00000000e5800000|  0%| F|  |TAMS 0x00000000e5700000| PB 0x00000000e5700000| Untracked 
|  88|0x00000000e5800000, 0x00000000e5800000, 0x00000000e5900000|  0%| F|  |TAMS 0x00000000e5800000| PB 0x00000000e5800000| Untracked 
|  89|0x00000000e5900000, 0x00000000e5900000, 0x00000000e5a00000|  0%| F|  |TAMS 0x00000000e5900000| PB 0x00000000e5900000| Untracked 
|  90|0x00000000e5a00000, 0x00000000e5a00000, 0x00000000e5b00000|  0%| F|  |TAMS 0x00000000e5a00000| PB 0x00000000e5a00000| Untracked 
|  91|0x00000000e5b00000, 0x00000000e5b00000, 0x00000000e5c00000|  0%| F|  |TAMS 0x00000000e5b00000| PB 0x00000000e5b00000| Untracked 
|  92|0x00000000e5c00000, 0x00000000e5c00000, 0x00000000e5d00000|  0%| F|  |TAMS 0x00000000e5c00000| PB 0x00000000e5c00000| Untracked 
|  93|0x00000000e5d00000, 0x00000000e5d00000, 0x00000000e5e00000|  0%| F|  |TAMS 0x00000000e5d00000| PB 0x00000000e5d00000| Untracked 
|  94|0x00000000e5e00000, 0x00000000e5e00000, 0x00000000e5f00000|  0%| F|  |TAMS 0x00000000e5e00000| PB 0x00000000e5e00000| Untracked 
|  95|0x00000000e5f00000, 0x00000000e5f00000, 0x00000000e6000000|  0%| F|  |TAMS 0x00000000e5f00000| PB 0x00000000e5f00000| Untracked 
|  96|0x00000000e6000000, 0x00000000e6000000, 0x00000000e6100000|  0%| F|  |TAMS 0x00000000e6000000| PB 0x00000000e6000000| Untracked 
|  97|0x00000000e6100000, 0x00000000e6100000, 0x00000000e6200000|  0%| F|  |TAMS 0x00000000e6100000| PB 0x00000000e6100000| Untracked 
|  98|0x00000000e6200000, 0x00000000e6200000, 0x00000000e6300000|  0%| F|  |TAMS 0x00000000e6200000| PB 0x00000000e6200000| Untracked 
|  99|0x00000000e6300000, 0x00000000e6300000, 0x00000000e6400000|  0%| F|  |TAMS 0x00000000e6300000| PB 0x00000000e6300000| Untracked 
| 100|0x00000000e6400000, 0x00000000e6400000, 0x00000000e6500000|  0%| F|  |TAMS 0x00000000e6400000| PB 0x00000000e6400000| Untracked 
| 101|0x00000000e6500000, 0x00000000e6500000, 0x00000000e6600000|  0%| F|  |TAMS 0x00000000e6500000| PB 0x00000000e6500000| Untracked 
| 102|0x00000000e6600000, 0x00000000e6600000, 0x00000000e6700000|  0%| F|  |TAMS 0x00000000e6600000| PB 0x00000000e6600000| Untracked 
| 103|0x00000000e6700000, 0x00000000e6700000, 0x00000000e6800000|  0%| F|  |TAMS 0x00000000e6700000| PB 0x00000000e6700000| Untracked 
| 104|0x00000000e6800000, 0x00000000e6800000, 0x00000000e6900000|  0%| F|  |TAMS 0x00000000e6800000| PB 0x00000000e6800000| Untracked 
| 105|0x00000000e6900000, 0x00000000e6900000, 0x00000000e6a00000|  0%| F|  |TAMS 0x00000000e6900000| PB 0x00000000e6900000| Untracked 
| 106|0x00000000e6a00000, 0x00000000e6a00000, 0x00000000e6b00000|  0%| F|  |TAMS 0x00000000e6a00000| PB 0x00000000e6a00000| Untracked 
| 107|0x00000000e6b00000, 0x00000000e6b00000, 0x00000000e6c00000|  0%| F|  |TAMS 0x00000000e6b00000| PB 0x00000000e6b00000| Untracked 
| 108|0x00000000e6c00000, 0x00000000e6c00000, 0x00000000e6d00000|  0%| F|  |TAMS 0x00000000e6c00000| PB 0x00000000e6c00000| Untracked 
| 109|0x00000000e6d00000, 0x00000000e6d00000, 0x00000000e6e00000|  0%| F|  |TAMS 0x00000000e6d00000| PB 0x00000000e6d00000| Untracked 
| 110|0x00000000e6e00000, 0x00000000e6e00000, 0x00000000e6f00000|  0%| F|  |TAMS 0x00000000e6e00000| PB 0x00000000e6e00000| Untracked 
| 111|0x00000000e6f00000, 0x00000000e6f00000, 0x00000000e7000000|  0%| F|  |TAMS 0x00000000e6f00000| PB 0x00000000e6f00000| Untracked 
| 112|0x00000000e7000000, 0x00000000e7000000, 0x00000000e7100000|  0%| F|  |TAMS 0x00000000e7000000| PB 0x00000000e7000000| Untracked 
| 113|0x00000000e7100000, 0x00000000e7100000, 0x00000000e7200000|  0%| F|  |TAMS 0x00000000e7100000| PB 0x00000000e7100000| Untracked 
| 114|0x00000000e7200000, 0x00000000e7200000, 0x00000000e7300000|  0%| F|  |TAMS 0x00000000e7200000| PB 0x00000000e7200000| Untracked 
| 115|0x00000000e7300000, 0x00000000e7300000, 0x00000000e7400000|  0%| F|  |TAMS 0x00000000e7300000| PB 0x00000000e7300000| Untracked 
| 116|0x00000000e7400000, 0x00000000e7400000, 0x00000000e7500000|  0%| F|  |TAMS 0x00000000e7400000| PB 0x00000000e7400000| Untracked 
| 117|0x00000000e7500000, 0x00000000e7500000, 0x00000000e7600000|  0%| F|  |TAMS 0x00000000e7500000| PB 0x00000000e7500000| Untracked 
| 118|0x00000000e7600000, 0x00000000e7600000, 0x00000000e7700000|  0%| F|  |TAMS 0x00000000e7600000| PB 0x00000000e7600000| Untracked 
| 119|0x00000000e7700000, 0x00000000e7700000, 0x00000000e7800000|  0%| F|  |TAMS 0x00000000e7700000| PB 0x00000000e7700000| Untracked 
| 120|0x00000000e7800000, 0x00000000e7800000, 0x00000000e7900000|  0%| F|  |TAMS 0x00000000e7800000| PB 0x00000000e7800000| Untracked 
| 121|0x00000000e7900000, 0x00000000e7900000, 0x00000000e7a00000|  0%| F|  |TAMS 0x00000000e7900000| PB 0x00000000e7900000| Untracked 
| 122|0x00000000e7a00000, 0x00000000e7a00000, 0x00000000e7b00000|  0%| F|  |TAMS 0x00000000e7a00000| PB 0x00000000e7a00000| Untracked 
| 123|0x00000000e7b00000, 0x00000000e7b00000, 0x00000000e7c00000|  0%| F|  |TAMS 0x00000000e7b00000| PB 0x00000000e7b00000| Untracked 
| 124|0x00000000e7c00000, 0x00000000e7c00000, 0x00000000e7d00000|  0%| F|  |TAMS 0x00000000e7c00000| PB 0x00000000e7c00000| Untracked 
| 125|0x00000000e7d00000, 0x00000000e7d00000, 0x00000000e7e00000|  0%| F|  |TAMS 0x00000000e7d00000| PB 0x00000000e7d00000| Untracked 
| 126|0x00000000e7e00000, 0x00000000e7e00000, 0x00000000e7f00000|  0%| F|  |TAMS 0x00000000e7e00000| PB 0x00000000e7e00000| Untracked 
| 127|0x00000000e7f00000, 0x00000000e7f00000, 0x00000000e8000000|  0%| F|  |TAMS 0x00000000e7f00000| PB 0x00000000e7f00000| Untracked 
| 128|0x00000000e8000000, 0x00000000e8000000, 0x00000000e8100000|  0%| F|  |TAMS 0x00000000e8000000| PB 0x00000000e8000000| Untracked 
| 129|0x00000000e8100000, 0x00000000e8100000, 0x00000000e8200000|  0%| F|  |TAMS 0x00000000e8100000| PB 0x00000000e8100000| Untracked 
| 130|0x00000000e8200000, 0x00000000e8200000, 0x00000000e8300000|  0%| F|  |TAMS 0x00000000e8200000| PB 0x00000000e8200000| Untracked 
| 131|0x00000000e8300000, 0x00000000e8300000, 0x00000000e8400000|  0%| F|  |TAMS 0x00000000e8300000| PB 0x00000000e8300000| Untracked 
| 132|0x00000000e8400000, 0x00000000e8400000, 0x00000000e8500000|  0%| F|  |TAMS 0x00000000e8400000| PB 0x00000000e8400000| Untracked 
| 133|0x00000000e8500000, 0x00000000e8500000, 0x00000000e8600000|  0%| F|  |TAMS 0x00000000e8500000| PB 0x00000000e8500000| Untracked 
| 134|0x00000000e8600000, 0x00000000e8600000, 0x00000000e8700000|  0%| F|  |TAMS 0x00000000e8600000| PB 0x00000000e8600000| Untracked 
| 135|0x00000000e8700000, 0x00000000e8700000, 0x00000000e8800000|  0%| F|  |TAMS 0x00000000e8700000| PB 0x00000000e8700000| Untracked 
| 136|0x00000000e8800000, 0x00000000e8800000, 0x00000000e8900000|  0%| F|  |TAMS 0x00000000e8800000| PB 0x00000000e8800000| Untracked 
| 137|0x00000000e8900000, 0x00000000e8900000, 0x00000000e8a00000|  0%| F|  |TAMS 0x00000000e8900000| PB 0x00000000e8900000| Untracked 
| 138|0x00000000e8a00000, 0x00000000e8a00000, 0x00000000e8b00000|  0%| F|  |TAMS 0x00000000e8a00000| PB 0x00000000e8a00000| Untracked 
| 139|0x00000000e8b00000, 0x00000000e8b00000, 0x00000000e8c00000|  0%| F|  |TAMS 0x00000000e8b00000| PB 0x00000000e8b00000| Untracked 
| 140|0x00000000e8c00000, 0x00000000e8c00000, 0x00000000e8d00000|  0%| F|  |TAMS 0x00000000e8c00000| PB 0x00000000e8c00000| Untracked 
| 141|0x00000000e8d00000, 0x00000000e8d00000, 0x00000000e8e00000|  0%| F|  |TAMS 0x00000000e8d00000| PB 0x00000000e8d00000| Untracked 
| 142|0x00000000e8e00000, 0x00000000e8e00000, 0x00000000e8f00000|  0%| F|  |TAMS 0x00000000e8e00000| PB 0x00000000e8e00000| Untracked 
| 143|0x00000000e8f00000, 0x00000000e8f00000, 0x00000000e9000000|  0%| F|  |TAMS 0x00000000e8f00000| PB 0x00000000e8f00000| Untracked 
| 144|0x00000000e9000000, 0x00000000e9000000, 0x00000000e9100000|  0%| F|  |TAMS 0x00000000e9000000| PB 0x00000000e9000000| Untracked 
| 145|0x00000000e9100000, 0x00000000e9100000, 0x00000000e9200000|  0%| F|  |TAMS 0x00000000e9100000| PB 0x00000000e9100000| Untracked 
| 146|0x00000000e9200000, 0x00000000e9200000, 0x00000000e9300000|  0%| F|  |TAMS 0x00000000e9200000| PB 0x00000000e9200000| Untracked 
| 147|0x00000000e9300000, 0x00000000e9300000, 0x00000000e9400000|  0%| F|  |TAMS 0x00000000e9300000| PB 0x00000000e9300000| Untracked 
| 148|0x00000000e9400000, 0x00000000e94cc4d0, 0x00000000e9500000| 79%| S|CS|TAMS 0x00000000e9400000| PB 0x00000000e9400000| Complete 
| 149|0x00000000e9500000, 0x00000000e9600000, 0x00000000e9600000|100%| S|CS|TAMS 0x00000000e9500000| PB 0x00000000e9500000| Complete 
| 150|0x00000000e9600000, 0x00000000e9700000, 0x00000000e9700000|100%| S|CS|TAMS 0x00000000e9600000| PB 0x00000000e9600000| Complete 
| 151|0x00000000e9700000, 0x00000000e9800000, 0x00000000e9800000|100%| S|CS|TAMS 0x00000000e9700000| PB 0x00000000e9700000| Complete 
| 152|0x00000000e9800000, 0x00000000e9900000, 0x00000000e9900000|100%| S|CS|TAMS 0x00000000e9800000| PB 0x00000000e9800000| Complete 
| 153|0x00000000e9900000, 0x00000000e9a00000, 0x00000000e9a00000|100%| S|CS|TAMS 0x00000000e9900000| PB 0x00000000e9900000| Complete 
| 154|0x00000000e9a00000, 0x00000000e9b00000, 0x00000000e9b00000|100%| S|CS|TAMS 0x00000000e9a00000| PB 0x00000000e9a00000| Complete 
| 155|0x00000000e9b00000, 0x00000000e9c00000, 0x00000000e9c00000|100%| S|CS|TAMS 0x00000000e9b00000| PB 0x00000000e9b00000| Complete 
| 156|0x00000000e9c00000, 0x00000000e9d00000, 0x00000000e9d00000|100%| S|CS|TAMS 0x00000000e9c00000| PB 0x00000000e9c00000| Complete 
| 157|0x00000000e9d00000, 0x00000000e9e00000, 0x00000000e9e00000|100%| S|CS|TAMS 0x00000000e9d00000| PB 0x00000000e9d00000| Complete 
| 158|0x00000000e9e00000, 0x00000000e9f00000, 0x00000000e9f00000|100%| S|CS|TAMS 0x00000000e9e00000| PB 0x00000000e9e00000| Complete 
| 159|0x00000000e9f00000, 0x00000000ea000000, 0x00000000ea000000|100%| S|CS|TAMS 0x00000000e9f00000| PB 0x00000000e9f00000| Complete 
| 160|0x00000000ea000000, 0x00000000ea000000, 0x00000000ea100000|  0%| F|  |TAMS 0x00000000ea000000| PB 0x00000000ea000000| Untracked 
| 161|0x00000000ea100000, 0x00000000ea100000, 0x00000000ea200000|  0%| F|  |TAMS 0x00000000ea100000| PB 0x00000000ea100000| Untracked 
| 162|0x00000000ea200000, 0x00000000ea200000, 0x00000000ea300000|  0%| F|  |TAMS 0x00000000ea200000| PB 0x00000000ea200000| Untracked 
| 163|0x00000000ea300000, 0x00000000ea300000, 0x00000000ea400000|  0%| F|  |TAMS 0x00000000ea300000| PB 0x00000000ea300000| Untracked 
| 164|0x00000000ea400000, 0x00000000ea400000, 0x00000000ea500000|  0%| F|  |TAMS 0x00000000ea400000| PB 0x00000000ea400000| Untracked 
| 165|0x00000000ea500000, 0x00000000ea500000, 0x00000000ea600000|  0%| F|  |TAMS 0x00000000ea500000| PB 0x00000000ea500000| Untracked 
| 166|0x00000000ea600000, 0x00000000ea600000, 0x00000000ea700000|  0%| F|  |TAMS 0x00000000ea600000| PB 0x00000000ea600000| Untracked 
| 167|0x00000000ea700000, 0x00000000ea700000, 0x00000000ea800000|  0%| F|  |TAMS 0x00000000ea700000| PB 0x00000000ea700000| Untracked 
| 168|0x00000000ea800000, 0x00000000ea800000, 0x00000000ea900000|  0%| F|  |TAMS 0x00000000ea800000| PB 0x00000000ea800000| Untracked 
| 169|0x00000000ea900000, 0x00000000ea900000, 0x00000000eaa00000|  0%| F|  |TAMS 0x00000000ea900000| PB 0x00000000ea900000| Untracked 
| 170|0x00000000eaa00000, 0x00000000eaa00000, 0x00000000eab00000|  0%| F|  |TAMS 0x00000000eaa00000| PB 0x00000000eaa00000| Untracked 
| 171|0x00000000eab00000, 0x00000000eab00000, 0x00000000eac00000|  0%| F|  |TAMS 0x00000000eab00000| PB 0x00000000eab00000| Untracked 
| 172|0x00000000eac00000, 0x00000000eac00000, 0x00000000ead00000|  0%| F|  |TAMS 0x00000000eac00000| PB 0x00000000eac00000| Untracked 
| 173|0x00000000ead00000, 0x00000000ead00000, 0x00000000eae00000|  0%| F|  |TAMS 0x00000000ead00000| PB 0x00000000ead00000| Untracked 
| 174|0x00000000eae00000, 0x00000000eae00000, 0x00000000eaf00000|  0%| F|  |TAMS 0x00000000eae00000| PB 0x00000000eae00000| Untracked 
| 175|0x00000000eaf00000, 0x00000000eaf00000, 0x00000000eb000000|  0%| F|  |TAMS 0x00000000eaf00000| PB 0x00000000eaf00000| Untracked 
| 176|0x00000000eb000000, 0x00000000eb000000, 0x00000000eb100000|  0%| F|  |TAMS 0x00000000eb000000| PB 0x00000000eb000000| Untracked 
| 177|0x00000000eb100000, 0x00000000eb100000, 0x00000000eb200000|  0%| F|  |TAMS 0x00000000eb100000| PB 0x00000000eb100000| Untracked 
| 178|0x00000000eb200000, 0x00000000eb200000, 0x00000000eb300000|  0%| F|  |TAMS 0x00000000eb200000| PB 0x00000000eb200000| Untracked 
| 179|0x00000000eb300000, 0x00000000eb300000, 0x00000000eb400000|  0%| F|  |TAMS 0x00000000eb300000| PB 0x00000000eb300000| Untracked 
| 180|0x00000000eb400000, 0x00000000eb400000, 0x00000000eb500000|  0%| F|  |TAMS 0x00000000eb400000| PB 0x00000000eb400000| Untracked 
| 181|0x00000000eb500000, 0x00000000eb500000, 0x00000000eb600000|  0%| F|  |TAMS 0x00000000eb500000| PB 0x00000000eb500000| Untracked 
| 182|0x00000000eb600000, 0x00000000eb600000, 0x00000000eb700000|  0%| F|  |TAMS 0x00000000eb600000| PB 0x00000000eb600000| Untracked 
| 183|0x00000000eb700000, 0x00000000eb700000, 0x00000000eb800000|  0%| F|  |TAMS 0x00000000eb700000| PB 0x00000000eb700000| Untracked 
| 184|0x00000000eb800000, 0x00000000eb800000, 0x00000000eb900000|  0%| F|  |TAMS 0x00000000eb800000| PB 0x00000000eb800000| Untracked 
| 185|0x00000000eb900000, 0x00000000eb900000, 0x00000000eba00000|  0%| F|  |TAMS 0x00000000eb900000| PB 0x00000000eb900000| Untracked 
| 186|0x00000000eba00000, 0x00000000eba00000, 0x00000000ebb00000|  0%| F|  |TAMS 0x00000000eba00000| PB 0x00000000eba00000| Untracked 
| 187|0x00000000ebb00000, 0x00000000ebb00000, 0x00000000ebc00000|  0%| F|  |TAMS 0x00000000ebb00000| PB 0x00000000ebb00000| Untracked 
| 188|0x00000000ebc00000, 0x00000000ebc00000, 0x00000000ebd00000|  0%| F|  |TAMS 0x00000000ebc00000| PB 0x00000000ebc00000| Untracked 
| 189|0x00000000ebd00000, 0x00000000ebd00000, 0x00000000ebe00000|  0%| F|  |TAMS 0x00000000ebd00000| PB 0x00000000ebd00000| Untracked 
| 190|0x00000000ebe00000, 0x00000000ebe00000, 0x00000000ebf00000|  0%| F|  |TAMS 0x00000000ebe00000| PB 0x00000000ebe00000| Untracked 
| 191|0x00000000ebf00000, 0x00000000ebf00000, 0x00000000ec000000|  0%| F|  |TAMS 0x00000000ebf00000| PB 0x00000000ebf00000| Untracked 
| 192|0x00000000ec000000, 0x00000000ec000000, 0x00000000ec100000|  0%| F|  |TAMS 0x00000000ec000000| PB 0x00000000ec000000| Untracked 
| 193|0x00000000ec100000, 0x00000000ec100000, 0x00000000ec200000|  0%| F|  |TAMS 0x00000000ec100000| PB 0x00000000ec100000| Untracked 
| 194|0x00000000ec200000, 0x00000000ec200000, 0x00000000ec300000|  0%| F|  |TAMS 0x00000000ec200000| PB 0x00000000ec200000| Untracked 
| 195|0x00000000ec300000, 0x00000000ec300000, 0x00000000ec400000|  0%| F|  |TAMS 0x00000000ec300000| PB 0x00000000ec300000| Untracked 
| 196|0x00000000ec400000, 0x00000000ec400000, 0x00000000ec500000|  0%| F|  |TAMS 0x00000000ec400000| PB 0x00000000ec400000| Untracked 
| 197|0x00000000ec500000, 0x00000000ec500000, 0x00000000ec600000|  0%| F|  |TAMS 0x00000000ec500000| PB 0x00000000ec500000| Untracked 
| 198|0x00000000ec600000, 0x00000000ec600000, 0x00000000ec700000|  0%| F|  |TAMS 0x00000000ec600000| PB 0x00000000ec600000| Untracked 
| 199|0x00000000ec700000, 0x00000000ec700000, 0x00000000ec800000|  0%| F|  |TAMS 0x00000000ec700000| PB 0x00000000ec700000| Untracked 
| 200|0x00000000ec800000, 0x00000000ec800000, 0x00000000ec900000|  0%| F|  |TAMS 0x00000000ec800000| PB 0x00000000ec800000| Untracked 
| 201|0x00000000ec900000, 0x00000000ec900000, 0x00000000eca00000|  0%| F|  |TAMS 0x00000000ec900000| PB 0x00000000ec900000| Untracked 
| 202|0x00000000eca00000, 0x00000000eca00000, 0x00000000ecb00000|  0%| F|  |TAMS 0x00000000eca00000| PB 0x00000000eca00000| Untracked 
| 203|0x00000000ecb00000, 0x00000000ecb00000, 0x00000000ecc00000|  0%| F|  |TAMS 0x00000000ecb00000| PB 0x00000000ecb00000| Untracked 
| 204|0x00000000ecc00000, 0x00000000ecc00000, 0x00000000ecd00000|  0%| F|  |TAMS 0x00000000ecc00000| PB 0x00000000ecc00000| Untracked 
| 205|0x00000000ecd00000, 0x00000000ecd00000, 0x00000000ece00000|  0%| F|  |TAMS 0x00000000ecd00000| PB 0x00000000ecd00000| Untracked 
| 206|0x00000000ece00000, 0x00000000ece00000, 0x00000000ecf00000|  0%| F|  |TAMS 0x00000000ece00000| PB 0x00000000ece00000| Untracked 
| 207|0x00000000ecf00000, 0x00000000ecf00000, 0x00000000ed000000|  0%| F|  |TAMS 0x00000000ecf00000| PB 0x00000000ecf00000| Untracked 
| 208|0x00000000ed000000, 0x00000000ed000000, 0x00000000ed100000|  0%| F|  |TAMS 0x00000000ed000000| PB 0x00000000ed000000| Untracked 
| 209|0x00000000ed100000, 0x00000000ed100000, 0x00000000ed200000|  0%| F|  |TAMS 0x00000000ed100000| PB 0x00000000ed100000| Untracked 
| 210|0x00000000ed200000, 0x00000000ed280800, 0x00000000ed300000| 50%| E|  |TAMS 0x00000000ed200000| PB 0x00000000ed200000| Complete 
| 211|0x00000000ed300000, 0x00000000ed400000, 0x00000000ed400000|100%| E|CS|TAMS 0x00000000ed300000| PB 0x00000000ed300000| Complete 
| 212|0x00000000ed400000, 0x00000000ed500000, 0x00000000ed500000|100%| E|CS|TAMS 0x00000000ed400000| PB 0x00000000ed400000| Complete 
| 213|0x00000000ed500000, 0x00000000ed600000, 0x00000000ed600000|100%| E|CS|TAMS 0x00000000ed500000| PB 0x00000000ed500000| Complete 
| 214|0x00000000ed600000, 0x00000000ed700000, 0x00000000ed700000|100%| E|CS|TAMS 0x00000000ed600000| PB 0x00000000ed600000| Complete 
| 215|0x00000000ed700000, 0x00000000ed800000, 0x00000000ed800000|100%| E|CS|TAMS 0x00000000ed700000| PB 0x00000000ed700000| Complete 
| 216|0x00000000ed800000, 0x00000000ed900000, 0x00000000ed900000|100%| E|CS|TAMS 0x00000000ed800000| PB 0x00000000ed800000| Complete 
| 217|0x00000000ed900000, 0x00000000eda00000, 0x00000000eda00000|100%| E|CS|TAMS 0x00000000ed900000| PB 0x00000000ed900000| Complete 
| 218|0x00000000eda00000, 0x00000000edb00000, 0x00000000edb00000|100%| E|CS|TAMS 0x00000000eda00000| PB 0x00000000eda00000| Complete 
| 219|0x00000000edb00000, 0x00000000edc00000, 0x00000000edc00000|100%| E|CS|TAMS 0x00000000edb00000| PB 0x00000000edb00000| Complete 
| 220|0x00000000edc00000, 0x00000000edd00000, 0x00000000edd00000|100%| E|  |TAMS 0x00000000edc00000| PB 0x00000000edc00000| Complete 
| 221|0x00000000edd00000, 0x00000000ede00000, 0x00000000ede00000|100%| E|CS|TAMS 0x00000000edd00000| PB 0x00000000edd00000| Complete 
| 222|0x00000000ede00000, 0x00000000edf00000, 0x00000000edf00000|100%| E|CS|TAMS 0x00000000ede00000| PB 0x00000000ede00000| Complete 
| 223|0x00000000edf00000, 0x00000000ee000000, 0x00000000ee000000|100%| E|CS|TAMS 0x00000000edf00000| PB 0x00000000edf00000| Complete 
| 224|0x00000000ee000000, 0x00000000ee100000, 0x00000000ee100000|100%| E|CS|TAMS 0x00000000ee000000| PB 0x00000000ee000000| Complete 
| 225|0x00000000ee100000, 0x00000000ee200000, 0x00000000ee200000|100%| E|CS|TAMS 0x00000000ee100000| PB 0x00000000ee100000| Complete 
| 226|0x00000000ee200000, 0x00000000ee300000, 0x00000000ee300000|100%| E|CS|TAMS 0x00000000ee200000| PB 0x00000000ee200000| Complete 
| 227|0x00000000ee300000, 0x00000000ee400000, 0x00000000ee400000|100%| E|CS|TAMS 0x00000000ee300000| PB 0x00000000ee300000| Complete 
| 228|0x00000000ee400000, 0x00000000ee500000, 0x00000000ee500000|100%| E|CS|TAMS 0x00000000ee400000| PB 0x00000000ee400000| Complete 
| 229|0x00000000ee500000, 0x00000000ee600000, 0x00000000ee600000|100%| E|CS|TAMS 0x00000000ee500000| PB 0x00000000ee500000| Complete 
| 230|0x00000000ee600000, 0x00000000ee700000, 0x00000000ee700000|100%| E|CS|TAMS 0x00000000ee600000| PB 0x00000000ee600000| Complete 
| 231|0x00000000ee700000, 0x00000000ee800000, 0x00000000ee800000|100%| E|CS|TAMS 0x00000000ee700000| PB 0x00000000ee700000| Complete 
| 232|0x00000000ee800000, 0x00000000ee900000, 0x00000000ee900000|100%| E|CS|TAMS 0x00000000ee800000| PB 0x00000000ee800000| Complete 
| 233|0x00000000ee900000, 0x00000000eea00000, 0x00000000eea00000|100%| E|CS|TAMS 0x00000000ee900000| PB 0x00000000ee900000| Complete 
| 234|0x00000000eea00000, 0x00000000eeb00000, 0x00000000eeb00000|100%| E|CS|TAMS 0x00000000eea00000| PB 0x00000000eea00000| Complete 
| 235|0x00000000eeb00000, 0x00000000eec00000, 0x00000000eec00000|100%| E|CS|TAMS 0x00000000eeb00000| PB 0x00000000eeb00000| Complete 
| 236|0x00000000eec00000, 0x00000000eed00000, 0x00000000eed00000|100%| E|CS|TAMS 0x00000000eec00000| PB 0x00000000eec00000| Complete 
| 237|0x00000000eed00000, 0x00000000eee00000, 0x00000000eee00000|100%| E|CS|TAMS 0x00000000eed00000| PB 0x00000000eed00000| Complete 
| 238|0x00000000eee00000, 0x00000000eef00000, 0x00000000eef00000|100%| E|CS|TAMS 0x00000000eee00000| PB 0x00000000eee00000| Complete 
| 239|0x00000000eef00000, 0x00000000ef000000, 0x00000000ef000000|100%| E|CS|TAMS 0x00000000eef00000| PB 0x00000000eef00000| Complete 
| 240|0x00000000ef000000, 0x00000000ef100000, 0x00000000ef100000|100%| E|CS|TAMS 0x00000000ef000000| PB 0x00000000ef000000| Complete 
| 241|0x00000000ef100000, 0x00000000ef200000, 0x00000000ef200000|100%| E|CS|TAMS 0x00000000ef100000| PB 0x00000000ef100000| Complete 
| 242|0x00000000ef200000, 0x00000000ef300000, 0x00000000ef300000|100%| E|CS|TAMS 0x00000000ef200000| PB 0x00000000ef200000| Complete 
| 243|0x00000000ef300000, 0x00000000ef400000, 0x00000000ef400000|100%| E|CS|TAMS 0x00000000ef300000| PB 0x00000000ef300000| Complete 
| 244|0x00000000ef400000, 0x00000000ef500000, 0x00000000ef500000|100%| E|CS|TAMS 0x00000000ef400000| PB 0x00000000ef400000| Complete 
| 245|0x00000000ef500000, 0x00000000ef600000, 0x00000000ef600000|100%| E|CS|TAMS 0x00000000ef500000| PB 0x00000000ef500000| Complete 
| 246|0x00000000ef600000, 0x00000000ef700000, 0x00000000ef700000|100%| E|CS|TAMS 0x00000000ef600000| PB 0x00000000ef600000| Complete 
| 247|0x00000000ef700000, 0x00000000ef800000, 0x00000000ef800000|100%| E|CS|TAMS 0x00000000ef700000| PB 0x00000000ef700000| Complete 
| 248|0x00000000ef800000, 0x00000000ef900000, 0x00000000ef900000|100%| E|CS|TAMS 0x00000000ef800000| PB 0x00000000ef800000| Complete 
| 249|0x00000000ef900000, 0x00000000efa00000, 0x00000000efa00000|100%| E|CS|TAMS 0x00000000ef900000| PB 0x00000000ef900000| Complete 
| 250|0x00000000efa00000, 0x00000000efb00000, 0x00000000efb00000|100%| E|CS|TAMS 0x00000000efa00000| PB 0x00000000efa00000| Complete 
| 251|0x00000000efb00000, 0x00000000efc00000, 0x00000000efc00000|100%| E|CS|TAMS 0x00000000efb00000| PB 0x00000000efb00000| Complete 
| 252|0x00000000efc00000, 0x00000000efd00000, 0x00000000efd00000|100%| E|CS|TAMS 0x00000000efc00000| PB 0x00000000efc00000| Complete 
| 253|0x00000000efd00000, 0x00000000efe00000, 0x00000000efe00000|100%| E|CS|TAMS 0x00000000efd00000| PB 0x00000000efd00000| Complete 
| 254|0x00000000efe00000, 0x00000000eff00000, 0x00000000eff00000|100%| E|CS|TAMS 0x00000000efe00000| PB 0x00000000efe00000| Complete 
| 255|0x00000000eff00000, 0x00000000f0000000, 0x00000000f0000000|100%| E|CS|TAMS 0x00000000eff00000| PB 0x00000000eff00000| Complete 

Card table byte_map: [0x000001e0a60e0000,0x000001e0a61e0000] _byte_map_base: 0x000001e0a59e0000

Marking Bits: (CMBitMap*) 0x000001e08ec193f0
 Bits: [0x000001e0a62e0000, 0x000001e0a6ae0000)

Polling page: 0x000001e08e3a0000

Metaspace:

Usage:
  Non-class:     22.45 MB used.
      Class:      3.92 MB used.
       Both:     26.38 MB used.

Virtual space:
  Non-class space:       64.00 MB reserved,      22.94 MB ( 36%) committed,  1 nodes.
      Class space:      308.00 MB reserved,       4.38 MB (  1%) committed,  1 nodes.
             Both:      372.00 MB reserved,      27.31 MB (  7%) committed. 

Chunk freelists:
   Non-Class:  624.00 KB
       Class:  3.44 MB
        Both:  4.05 MB

MaxMetaspaceSize: 384.00 MB
CompressedClassSpaceSize: 308.00 MB
Initial GC threshold: 21.00 MB
Current GC threshold: 36.88 MB
CDS: on
MetaspaceReclaimPolicy: balanced
 - commit_granule_bytes: 65536.
 - commit_granule_words: 8192.
 - virtual_space_node_default_size: 8388608.
 - enlarge_chunks_in_place: 1.
 - new_chunks_are_fully_committed: 0.
 - uncommit_free_chunks: 1.
 - use_allocation_guard: 0.


Internal statistics:

num_allocs_failed_limit: 12.
num_arena_births: 1502.
num_arena_deaths: 0.
num_vsnodes_births: 2.
num_vsnodes_deaths: 0.
num_space_committed: 437.
num_space_uncommitted: 0.
num_chunks_returned_to_freelist: 12.
num_chunks_taken_from_freelist: 2637.
num_chunk_merges: 12.
num_chunk_splits: 1723.
num_chunks_enlarged: 1133.
num_inconsistent_stats: 0.

CodeHeap 'non-profiled nmethods': size=120000Kb used=1996Kb max_used=1996Kb free=118003Kb
 bounds [0x000001e09e780000, 0x000001e09e9f0000, 0x000001e0a5cb0000]
CodeHeap 'profiled nmethods': size=120000Kb used=7366Kb max_used=7366Kb free=112633Kb
 bounds [0x000001e096cb0000, 0x000001e0973f0000, 0x000001e09e1e0000]
CodeHeap 'non-nmethods': size=5760Kb used=1704Kb max_used=1726Kb free=4055Kb
 bounds [0x000001e09e1e0000, 0x000001e09e450000, 0x000001e09e780000]
 total_blobs=4207 nmethods=3628 adapters=489
 compilation: enabled
              stopped_count=0, restarted_count=0
 full_count=0

Compilation events (20 events):
Event: 42.282 Thread 0x000001e0a9559ec0 3618       3       java.lang.Class::getMethod (59 bytes)
Event: 42.282 Thread 0x000001e0a9559ec0 nmethod 3618 0x000001e0973d9410 code [0x000001e0973d96a0, 0x000001e0973da200]
Event: 42.282 Thread 0x000001e0a9559ec0 3621       3       org.gradle.internal.instantiation.generator.AbstractClassGenerator$PropertyMetadata::isWritable (18 bytes)
Event: 42.283 Thread 0x000001e0a9559ec0 nmethod 3621 0x000001e0973da710 code [0x000001e0973da8a0, 0x000001e0973daac8]
Event: 42.283 Thread 0x000001e0a9559ec0 3623       3       java.util.stream.Sink::end (1 bytes)
Event: 42.283 Thread 0x000001e0a9559ec0 nmethod 3623 0x000001e0973dab90 code [0x000001e0973dad20, 0x000001e0973dae30]
Event: 42.283 Thread 0x000001e0a9559ec0 3624       3       java.util.stream.AbstractPipeline::evaluate (94 bytes)
Event: 42.283 Thread 0x000001e0a9559ec0 nmethod 3624 0x000001e0973dae90 code [0x000001e0973db0a0, 0x000001e0973db738]
Event: 42.283 Thread 0x000001e0a9559ec0 3619       3       java.lang.Class::getMethod0 (31 bytes)
Event: 42.283 Thread 0x000001e0a9559ec0 nmethod 3619 0x000001e0973db990 code [0x000001e0973dbb40, 0x000001e0973dbd68]
Event: 42.283 Thread 0x000001e0a9559ec0 3626       3       java.util.stream.AbstractPipeline::copyIntoWithCancel (46 bytes)
Event: 42.284 Thread 0x000001e0a9559ec0 nmethod 3626 0x000001e0973dbe90 code [0x000001e0973dc060, 0x000001e0973dc548]
Event: 42.284 Thread 0x000001e0a9559ec0 3625       3       org.gradle.internal.instantiation.generator.AbstractClassGenerator$PropertyMetadata::hasAnnotation (14 bytes)
Event: 42.285 Thread 0x000001e0a9559ec0 nmethod 3625 0x000001e0973dc710 code [0x000001e0973dc9e0, 0x000001e0973ddc18]
Event: 42.285 Thread 0x000001e0a9559ec0 3627       3       com.google.common.collect.ImmutableList$Builder::<init> (18 bytes)
Event: 42.285 Thread 0x000001e0a9559ec0 nmethod 3627 0x000001e0973de190 code [0x000001e0973de320, 0x000001e0973de5f0]
Event: 42.289 Thread 0x000001e0a9559ec0 3628       3       java.lang.ClassLoader::getClassLoadingLock (35 bytes)
Event: 42.289 Thread 0x000001e0a9559ec0 nmethod 3628 0x000001e0973de710 code [0x000001e0973de8c0, 0x000001e0973debb0]
Event: 42.308 Thread 0x000001e0a9559ec0 3629       3       java.lang.Class::getPackageName (81 bytes)
Event: 42.309 Thread 0x000001e0a9559ec0 nmethod 3629 0x000001e0973ded10 code [0x000001e0973def80, 0x000001e0973df9f0]

GC Heap History (8 events):
Event: 8.502 GC heap before
{Heap before GC invocations=0 (full 0):
 garbage-first heap   total 262144K, used 23552K [0x00000000e0000000, 0x0000000100000000)
  region size 1024K, 23 young (23552K), 0 survivors (0K)
 Metaspace       used 1033K, committed 1152K, reserved 380928K
  class space    used 75K, committed 128K, reserved 315392K
}
Event: 8.639 GC heap after
{Heap after GC invocations=1 (full 0):
 garbage-first heap   total 262144K, used 1877K [0x00000000e0000000, 0x0000000100000000)
  region size 1024K, 2 young (2048K), 2 survivors (2048K)
 Metaspace       used 1033K, committed 1152K, reserved 380928K
  class space    used 75K, committed 128K, reserved 315392K
}
Event: 13.196 GC heap before
{Heap before GC invocations=1 (full 0):
 garbage-first heap   total 262144K, used 41813K [0x00000000e0000000, 0x0000000100000000)
  region size 1024K, 38 young (38912K), 2 survivors (2048K)
 Metaspace       used 4387K, committed 4544K, reserved 380928K
  class space    used 539K, committed 640K, reserved 315392K
}
Event: 13.201 GC heap after
{Heap after GC invocations=2 (full 0):
 garbage-first heap   total 262144K, used 10660K [0x00000000e0000000, 0x0000000100000000)
  region size 1024K, 5 young (5120K), 5 survivors (5120K)
 Metaspace       used 4387K, committed 4544K, reserved 380928K
  class space    used 539K, committed 640K, reserved 315392K
}
Event: 24.282 GC heap before
{Heap before GC invocations=2 (full 0):
 garbage-first heap   total 262144K, used 62884K [0x00000000e0000000, 0x0000000100000000)
  region size 1024K, 54 young (55296K), 5 survivors (5120K)
 Metaspace       used 5657K, committed 5888K, reserved 380928K
  class space    used 742K, committed 832K, reserved 315392K
}
Event: 24.291 GC heap after
{Heap after GC invocations=3 (full 0):
 garbage-first heap   total 262144K, used 17419K [0x00000000e0000000, 0x0000000100000000)
  region size 1024K, 6 young (6144K), 6 survivors (6144K)
 Metaspace       used 5657K, committed 5888K, reserved 380928K
  class space    used 742K, committed 832K, reserved 315392K
}
Event: 36.645 GC heap before
{Heap before GC invocations=3 (full 0):
 garbage-first heap   total 262144K, used 108555K [0x00000000e0000000, 0x0000000100000000)
  region size 1024K, 96 young (98304K), 6 survivors (6144K)
 Metaspace       used 20890K, committed 21504K, reserved 380928K
  class space    used 3011K, committed 3328K, reserved 315392K
}
Event: 37.869 GC heap after
{Heap after GC invocations=4 (full 0):
 garbage-first heap   total 262144K, used 24153K [0x00000000e0000000, 0x0000000100000000)
  region size 1024K, 12 young (12288K), 12 survivors (12288K)
 Metaspace       used 20890K, committed 21504K, reserved 380928K
  class space    used 3011K, committed 3328K, reserved 315392K
}

Dll operation events (15 events):
Event: 0.163 Loaded shared library C:\Program Files\Java\jdk-20\bin\java.dll
Event: 0.327 Loaded shared library C:\Program Files\Java\jdk-20\bin\jsvml.dll
Event: 0.483 Loaded shared library C:\Program Files\Java\jdk-20\bin\zip.dll
Event: 0.490 Loaded shared library C:\Program Files\Java\jdk-20\bin\instrument.dll
Event: 0.546 Loaded shared library C:\Program Files\Java\jdk-20\bin\net.dll
Event: 0.560 Loaded shared library C:\Program Files\Java\jdk-20\bin\nio.dll
Event: 0.566 Loaded shared library C:\Program Files\Java\jdk-20\bin\zip.dll
Event: 8.282 Loaded shared library C:\Program Files\Java\jdk-20\bin\jimage.dll
Event: 9.286 Loaded shared library C:\Program Files\Java\jdk-20\bin\verify.dll
Event: 9.641 Loaded shared library C:\Users\Ahmad Dzulfikar\.gradle\native\1def1411415f61bf3af743bc5b6707747c0891f09f0c88961ee8f79bc544acac\windows-amd64\native-platform.dll
Event: 9.683 Loaded shared library C:\Users\Ahmad Dzulfikar\.gradle\native\0.2.7\x86_64-windows-gnu\gradle-fileevents.dll
Event: 24.417 Loaded shared library C:\Program Files\Java\jdk-20\bin\management.dll
Event: 24.447 Loaded shared library C:\Program Files\Java\jdk-20\bin\management_ext.dll
Event: 25.612 Loaded shared library C:\Program Files\Java\jdk-20\bin\extnet.dll
Event: 26.253 Loaded shared library C:\Program Files\Java\jdk-20\bin\sunmscapi.dll

Deoptimization events (20 events):
Event: 42.232 Thread 0x000001e0c35a1610 Uncommon trap: trap_request=0xffffff45 fr.pc=0x000001e09e931f84 relative=0x0000000000002b44
Event: 42.232 Thread 0x000001e0c35a1610 Uncommon trap: reason=unstable_if action=reinterpret pc=0x000001e09e931f84 method=java.lang.String.regionMatches(ZILjava/lang/String;II)Z @ 36 c2
Event: 42.232 Thread 0x000001e0c35a1610 DEOPT PACKING pc=0x000001e09e931f84 sp=0x000000892b6f9f50
Event: 42.232 Thread 0x000001e0c35a1610 DEOPT UNPACKING pc=0x000001e09e1fd2a2 sp=0x000000892b6f9e50 mode 2
Event: 42.232 Thread 0x000001e0c35a1610 Uncommon trap: trap_request=0xffffffde fr.pc=0x000001e09e7dcc14 relative=0x0000000000001074
Event: 42.232 Thread 0x000001e0c35a1610 Uncommon trap: reason=class_check action=maybe_recompile pc=0x000001e09e7dcc14 method=jdk.internal.loader.URLClassPath.getLoader(I)Ljdk/internal/loader/URLClassPath$Loader; @ 88 c2
Event: 42.232 Thread 0x000001e0c35a1610 DEOPT PACKING pc=0x000001e09e7dcc14 sp=0x000000892b6fa220
Event: 42.233 Thread 0x000001e0c35a1610 DEOPT UNPACKING pc=0x000001e09e1fd2a2 sp=0x000000892b6fa200 mode 2
Event: 42.233 Thread 0x000001e0c35a1610 Uncommon trap: trap_request=0xffffffde fr.pc=0x000001e09e9013dc relative=0x00000000000041fc
Event: 42.233 Thread 0x000001e0c35a1610 Uncommon trap: reason=class_check action=maybe_recompile pc=0x000001e09e9013dc method=jdk.internal.loader.URLClassPath.getResource(Ljava/lang/String;Z)Ljdk/internal/loader/Resource; @ 53 c2
Event: 42.233 Thread 0x000001e0c35a1610 DEOPT PACKING pc=0x000001e09e9013dc sp=0x000000892b6fa2d0
Event: 42.233 Thread 0x000001e0c35a1610 DEOPT UNPACKING pc=0x000001e09e1fd2a2 sp=0x000000892b6fa100 mode 2
Event: 42.253 Thread 0x000001e0c35a1610 Uncommon trap: trap_request=0xffffff45 fr.pc=0x000001e09e895c88 relative=0x00000000000000e8
Event: 42.253 Thread 0x000001e0c35a1610 Uncommon trap: reason=unstable_if action=reinterpret pc=0x000001e09e895c88 method=java.lang.ClassLoader.getClassLoadingLock(Ljava/lang/String;)Ljava/lang/Object; @ 6 c2
Event: 42.253 Thread 0x000001e0c35a1610 DEOPT PACKING pc=0x000001e09e895c88 sp=0x000000892b6f8820
Event: 42.253 Thread 0x000001e0c35a1610 DEOPT UNPACKING pc=0x000001e09e1fd2a2 sp=0x000000892b6f87b0 mode 2
Event: 42.255 Thread 0x000001e0c35a1610 Uncommon trap: trap_request=0xffffff45 fr.pc=0x000001e09e941970 relative=0x0000000000000730
Event: 42.255 Thread 0x000001e0c35a1610 Uncommon trap: reason=unstable_if action=reinterpret pc=0x000001e09e941970 method=java.lang.Class.getPackageName()Ljava/lang/String; @ 55 c2
Event: 42.255 Thread 0x000001e0c35a1610 DEOPT PACKING pc=0x000001e09e941970 sp=0x000000892b6f9ec0
Event: 42.255 Thread 0x000001e0c35a1610 DEOPT UNPACKING pc=0x000001e09e1fd2a2 sp=0x000000892b6f9e80 mode 2

Classes loaded (20 events):
Event: 41.897 Loading class java/nio/file/Files$3
Event: 41.897 Loading class java/nio/file/Files$3 done
Event: 41.900 Loading class java/nio/file/FileVisitResult
Event: 41.900 Loading class java/nio/file/FileVisitResult done
Event: 41.920 Loading class java/nio/charset/CharacterCodingException
Event: 41.920 Loading class java/nio/charset/CharacterCodingException done
Event: 41.994 Loading class java/util/stream/Streams$RangeIntSpliterator
Event: 41.995 Loading class java/util/stream/Streams$RangeIntSpliterator done
Event: 42.230 Loading class jdk/internal/loader/URLClassPath$FileLoader
Event: 42.231 Loading class jdk/internal/loader/URLClassPath$FileLoader done
Event: 42.239 Loading class jdk/internal/loader/URLClassPath$FileLoader$1
Event: 42.239 Loading class jdk/internal/loader/URLClassPath$FileLoader$1 done
Event: 42.277 Loading class java/beans/Transient
Event: 42.277 Loading class java/beans/Transient done
Event: 42.286 Loading class java/util/stream/IntPipeline$1
Event: 42.287 Loading class java/util/stream/IntPipeline$1 done
Event: 42.287 Loading class java/util/stream/IntPipeline$1$1
Event: 42.287 Loading class java/util/stream/IntPipeline$1$1 done
Event: 42.299 Loading class java/lang/IllegalAccessError
Event: 42.299 Loading class java/lang/IllegalAccessError done

Classes unloaded (0 events):
No events

Classes redefined (0 events):
No events

Internal exceptions (20 events):
Event: 38.419 Thread 0x000001e0c35a1610 Exception <a 'java/lang/NoSuchMethodError'{0x00000000ef191d68}: 'java.lang.Object java.lang.invoke.DirectMethodHandle$Holder.invokeSpecial(java.lang.Object, java.lang.Object, java.lang.Object, java.lang.Object, java.lang.Object, java.lang.Object, java.lang.Object, java.lang.Object, java.lang.Object, java.lang.Object, java.lang.Object, java.lang.Object, java.lang.Object, java.lang.Object)'> (0x00000000ef191d68) 
thrown [s\open\src\hotspot\share\interpreter\linkResolver.cpp, line 773]
Event: 38.419 Thread 0x000001e0c35a1610 Exception <a 'java/lang/NoSuchMethodError'{0x00000000ef196aa8}: 'java.lang.Object java.lang.invoke.DelegatingMethodHandle$Holder.reinvoke_L(java.lang.Object, java.lang.Object, java.lang.Object, java.lang.Object, java.lang.Object, java.lang.Object, java.lang.Object, java.lang.Object, java.lang.Object, java.lang.Object, java.lang.Object, java.lang.Object, java.lang.Object)'> (0x00000000ef196aa8) 
thrown [s\open\src\hotspot\share\interpreter\linkResolver.cpp, line 773]
Event: 38.451 Thread 0x000001e0c35a1610 Exception <a 'java/lang/NoSuchMethodError'{0x00000000eef289e0}: 'void java.lang.invoke.DirectMethodHandle$Holder.invokeStaticInit(java.lang.Object, java.lang.Object)'> (0x00000000eef289e0) 
thrown [s\open\src\hotspot\share\interpreter\linkResolver.cpp, line 773]
Event: 38.566 Thread 0x000001e0c35a1610 Exception <a 'java/lang/NoSuchMethodError'{0x00000000eecd2340}: 'java.lang.Object java.lang.invoke.DirectMethodHandle$Holder.newInvokeSpecial(java.lang.Object, java.lang.Object, java.lang.Object, java.lang.Object, java.lang.Object, java.lang.Object, java.lang.Object, java.lang.Object, java.lang.Object)'> (0x00000000eecd2340) 
thrown [s\open\src\hotspot\share\interpreter\linkResolver.cpp, line 773]
Event: 39.028 Thread 0x000001e0c35a1610 Exception <a 'java/lang/NoSuchMethodError'{0x00000000ee846bc0}: 'int java.lang.invoke.DirectMethodHandle$Holder.invokeVirtual(java.lang.Object, java.lang.Object)'> (0x00000000ee846bc0) 
thrown [s\open\src\hotspot\share\interpreter\linkResolver.cpp, line 773]
Event: 39.283 Thread 0x000001e0c35a1610 Implicit null exception at 0x000001e09e835783 to 0x000001e09e83659c
Event: 39.287 Thread 0x000001e0c35a1610 Exception <a 'java/lang/NoSuchMethodError'{0x00000000ee513500}: 'void java.lang.invoke.DirectMethodHandle$Holder.invokeInterface(java.lang.Object, java.lang.Object, java.lang.Object, java.lang.Object, java.lang.Object)'> (0x00000000ee513500) 
thrown [s\open\src\hotspot\share\interpreter\linkResolver.cpp, line 773]
Event: 39.293 Thread 0x000001e0c35a1610 Exception <a 'java/lang/NoSuchMethodError'{0x00000000ee54ea98}: 'void java.lang.invoke.DirectMethodHandle$Holder.invokeStatic(java.lang.Object, java.lang.Object, java.lang.Object, java.lang.Object, java.lang.Object, java.lang.Object)'> (0x00000000ee54ea98) 
thrown [s\open\src\hotspot\share\interpreter\linkResolver.cpp, line 773]
Event: 39.613 Thread 0x000001e0c35a1610 Exception <a 'java/lang/IncompatibleClassChangeError'{0x00000000edd424a8}: Found class java.lang.Object, but interface was expected> (0x00000000edd424a8) 
thrown [s\open\src\hotspot\share\interpreter\linkResolver.cpp, line 840]
Event: 41.870 Thread 0x000001e0c35a1610 Exception <a 'java/lang/NoSuchMethodError'{0x00000000edc9dae8}: 'java.lang.Object java.lang.invoke.DirectMethodHandle$Holder.newInvokeSpecial(java.lang.Object, java.lang.Object, long)'> (0x00000000edc9dae8) 
thrown [s\open\src\hotspot\share\interpreter\linkResolver.cpp, line 773]
Event: 41.871 Thread 0x000001e0c35a1610 Exception <a 'java/lang/NoSuchMethodError'{0x00000000edca1ea0}: 'java.lang.Object java.lang.invoke.Invokers$Holder.linkToTargetMethod(java.lang.Object, long, java.lang.Object)'> (0x00000000edca1ea0) 
thrown [s\open\src\hotspot\share\interpreter\linkResolver.cpp, line 773]
Event: 41.900 Thread 0x000001e0c359f0e0 Implicit null exception at 0x000001e09e8bd8a3 to 0x000001e09e8bdcac
Event: 41.980 Thread 0x000001e0c35a1610 Exception <a 'java/lang/NoSuchMethodError'{0x00000000ed9400a8}: 'int java.lang.invoke.DirectMethodHandle$Holder.invokeInterface(java.lang.Object, java.lang.Object)'> (0x00000000ed9400a8) 
thrown [s\open\src\hotspot\share\interpreter\linkResolver.cpp, line 773]
Event: 41.992 Thread 0x000001e0c35a1610 Exception <a 'java/lang/NoSuchMethodError'{0x00000000ed9cb3b8}: 'java.lang.Object java.lang.invoke.DirectMethodHandle$Holder.invokeVirtual(java.lang.Object, java.lang.Object, int)'> (0x00000000ed9cb3b8) 
thrown [s\open\src\hotspot\share\interpreter\linkResolver.cpp, line 773]
Event: 42.038 Thread 0x000001e0c35a1610 Implicit null exception at 0x000001e09e7f4baa to 0x000001e09e7f4d68
Event: 42.039 Thread 0x000001e0c35a1610 Exception <a 'java/lang/NoSuchMethodError'{0x00000000ed88a000}: 'java.lang.Object java.lang.invoke.DirectMethodHandle$Holder.invokeStatic(java.lang.Object, java.lang.Object, int, java.lang.Object)'> (0x00000000ed88a000) 
thrown [s\open\src\hotspot\share\interpreter\linkResolver.cpp, line 773]
Event: 42.039 Thread 0x000001e0c35a1610 Exception <a 'java/lang/NoSuchMethodError'{0x00000000ed891ce0}: 'java.lang.Object java.lang.invoke.DirectMethodHandle$Holder.newInvokeSpecial(java.lang.Object, java.lang.Object, int, java.lang.Object)'> (0x00000000ed891ce0) 
thrown [s\open\src\hotspot\share\interpreter\linkResolver.cpp, line 773]
Event: 42.040 Thread 0x000001e0c35a1610 Exception <a 'java/lang/NoSuchMethodError'{0x00000000ed896458}: 'java.lang.Object java.lang.invoke.DirectMethodHandle$Holder.invokeSpecial(java.lang.Object, java.lang.Object, java.lang.Object, int, java.lang.Object)'> (0x00000000ed896458) 
thrown [s\open\src\hotspot\share\interpreter\linkResolver.cpp, line 773]
Event: 42.226 Thread 0x000001e0c35a1610 Exception <a 'java/lang/NoSuchMethodError'{0x00000000ed59c2d0}: 'void java.lang.invoke.DirectMethodHandle$Holder.invokeInterface(java.lang.Object, java.lang.Object, java.lang.Object, java.lang.Object, java.lang.Object, java.lang.Object, java.lang.Object)'> (0x00000000ed59c2d0) 
thrown [s\open\src\hotspot\share\interpreter\linkResolver.cpp, line 773]
Event: 42.226 Thread 0x000001e0c35a1610 Exception <a 'java/lang/NoSuchMethodError'{0x00000000ed5a0c28}: 'void java.lang.invoke.DelegatingMethodHandle$Holder.reinvoke_L(java.lang.Object, java.lang.Object, java.lang.Object, java.lang.Object, java.lang.Object, java.lang.Object, java.lang.Object)'> (0x00000000ed5a0c28) 
thrown [s\open\src\hotspot\share\interpreter\linkResolver.cpp, line 773]

VM Operations (20 events):
Event: 39.167 Executing VM operation: HandshakeAllThreads
Event: 39.167 Executing VM operation: HandshakeAllThreads done
Event: 39.610 Executing VM operation: HandshakeAllThreads
Event: 39.610 Executing VM operation: HandshakeAllThreads done
Event: 39.610 Executing VM operation: Cleanup
Event: 39.610 Executing VM operation: Cleanup done
Event: 39.618 Executing VM operation: HandshakeAllThreads
Event: 39.619 Executing VM operation: HandshakeAllThreads done
Event: 40.628 Executing VM operation: Cleanup
Event: 40.628 Executing VM operation: Cleanup done
Event: 41.644 Executing VM operation: Cleanup
Event: 41.644 Executing VM operation: Cleanup done
Event: 41.897 Executing VM operation: HandshakeAllThreads
Event: 41.897 Executing VM operation: HandshakeAllThreads done
Event: 41.899 Executing VM operation: HandshakeAllThreads
Event: 41.899 Executing VM operation: HandshakeAllThreads done
Event: 42.240 Executing VM operation: HandshakeAllThreads
Event: 42.240 Executing VM operation: HandshakeAllThreads done
Event: 42.241 Executing VM operation: HandshakeAllThreads
Event: 42.241 Executing VM operation: HandshakeAllThreads done

Events (20 events):
Event: 26.403 Thread 0x000001e0c359fb80 Thread added: 0x000001e0c359fb80
Event: 26.468 Thread 0x000001e0c35a10c0 Thread added: 0x000001e0c35a10c0
Event: 26.529 Thread 0x000001e0c201fa90 Thread exited: 0x000001e0c201fa90
Event: 26.533 Thread 0x000001e0c35a1610 Thread added: 0x000001e0c35a1610
Event: 26.544 Thread 0x000001e0c35a00d0 Thread added: 0x000001e0c35a00d0
Event: 26.550 Thread 0x000001e0c35a1b60 Thread added: 0x000001e0c35a1b60
Event: 26.556 Thread 0x000001e0c35a0620 Thread added: 0x000001e0c35a0620
Event: 27.646 Thread 0x000001e0c37ca970 Thread added: 0x000001e0c37ca970
Event: 27.668 Thread 0x000001e0c359f0e0 Thread added: 0x000001e0c359f0e0
Event: 27.681 Thread 0x000001e0c359f630 Thread added: 0x000001e0c359f630
Event: 28.518 Thread 0x000001e0c37ca970 Thread exited: 0x000001e0c37ca970
Event: 33.526 Thread 0x000001e0c35a0b70 Thread added: 0x000001e0c35a0b70
Event: 33.634 Thread 0x000001e0c3d44f00 Thread added: 0x000001e0c3d44f00
Event: 38.205 Thread 0x000001e0c3d459a0 Thread added: 0x000001e0c3d459a0
Event: 38.254 Thread 0x000001e0c3d48970 Thread added: 0x000001e0c3d48970
Event: 38.876 Thread 0x000001e0c3d4a950 Thread added: 0x000001e0c3d4a950
Event: 39.026 Thread 0x000001e0c3d449b0 Thread added: 0x000001e0c3d449b0
Event: 42.041 Thread 0x000001e0c3d49410 Thread added: 0x000001e0c3d49410
Event: 42.193 Thread 0x000001e0c3d48ec0 Thread added: 0x000001e0c3d48ec0
Event: 42.195 Thread 0x000001e0c582b7d0 Thread added: 0x000001e0c582b7d0


Dynamic libraries:
0x00007ff685020000 - 0x00007ff685030000 	C:\Program Files\Java\jdk-20\bin\java.exe
0x00007fff9b330000 - 0x00007fff9b547000 	C:\WINDOWS\SYSTEM32\ntdll.dll
0x00007fff99af0000 - 0x00007fff99bb4000 	C:\WINDOWS\System32\KERNEL32.DLL
0x00007fff98420000 - 0x00007fff987f3000 	C:\WINDOWS\System32\KERNELBASE.dll
0x00007fff98ea0000 - 0x00007fff98fb1000 	C:\WINDOWS\System32\ucrtbase.dll
0x00007fff8dbf0000 - 0x00007fff8dc09000 	C:\Program Files\Java\jdk-20\bin\jli.dll
0x00007fff9a1b0000 - 0x00007fff9a261000 	C:\WINDOWS\System32\ADVAPI32.dll
0x00007fff9a640000 - 0x00007fff9a6e7000 	C:\WINDOWS\System32\msvcrt.dll
0x00007fff9a490000 - 0x00007fff9a537000 	C:\WINDOWS\System32\sechost.dll
0x00007fff989f0000 - 0x00007fff98a18000 	C:\WINDOWS\System32\bcrypt.dll
0x00007fff9b120000 - 0x00007fff9b234000 	C:\WINDOWS\System32\RPCRT4.dll
0x00007fff99040000 - 0x00007fff991f1000 	C:\WINDOWS\System32\USER32.dll
0x00007fff98940000 - 0x00007fff98966000 	C:\WINDOWS\System32\win32u.dll
0x00007fff98fc0000 - 0x00007fff98fe9000 	C:\WINDOWS\System32\GDI32.dll
0x00007fff98a20000 - 0x00007fff98b42000 	C:\WINDOWS\System32\gdi32full.dll
0x00007fff98e00000 - 0x00007fff98e9a000 	C:\WINDOWS\System32\msvcp_win.dll
0x00007fff8db90000 - 0x00007fff8dbab000 	C:\Program Files\Java\jdk-20\bin\VCRUNTIME140.dll
0x00007fff82c70000 - 0x00007fff82f0b000 	C:\WINDOWS\WinSxS\amd64_microsoft.windows.common-controls_6595b64144ccf1df_6.0.22621.5262_none_2712bde373830908\COMCTL32.dll
0x00007fff8cee0000 - 0x00007fff8ceea000 	C:\WINDOWS\SYSTEM32\VERSION.dll
0x00007fff99840000 - 0x00007fff99871000 	C:\WINDOWS\System32\IMM32.DLL
0x00007fff8dbe0000 - 0x00007fff8dbec000 	C:\Program Files\Java\jdk-20\bin\vcruntime140_1.dll
0x00007fff49be0000 - 0x00007fff49c6e000 	C:\Program Files\Java\jdk-20\bin\msvcp140.dll
0x00007ffeb6200000 - 0x00007ffeb6e98000 	C:\Program Files\Java\jdk-20\bin\server\jvm.dll
0x00007fff79640000 - 0x00007fff79649000 	C:\WINDOWS\SYSTEM32\WSOCK32.dll
0x00007fff99750000 - 0x00007fff997c1000 	C:\WINDOWS\System32\WS2_32.dll
0x00007fff93920000 - 0x00007fff93954000 	C:\WINDOWS\SYSTEM32\WINMM.dll
0x00007fff97520000 - 0x00007fff97538000 	C:\WINDOWS\SYSTEM32\kernel.appcore.dll
0x00007fff8db80000 - 0x00007fff8db8a000 	C:\Program Files\Java\jdk-20\bin\jimage.dll
0x00007fff95b00000 - 0x00007fff95d32000 	C:\WINDOWS\SYSTEM32\DBGHELP.DLL
0x00007fff99da0000 - 0x00007fff9a133000 	C:\WINDOWS\System32\combase.dll
0x00007fff9a560000 - 0x00007fff9a637000 	C:\WINDOWS\System32\OLEAUT32.dll
0x00007fff68540000 - 0x00007fff68572000 	C:\WINDOWS\SYSTEM32\dbgcore.DLL
0x00007fff98970000 - 0x00007fff989eb000 	C:\WINDOWS\System32\bcryptPrimitives.dll
0x00007fff8cf10000 - 0x00007fff8cf1e000 	C:\Program Files\Java\jdk-20\bin\instrument.dll
0x00007fff81590000 - 0x00007fff815b6000 	C:\Program Files\Java\jdk-20\bin\java.dll
0x00007ffeee800000 - 0x00007ffeee8d7000 	C:\Program Files\Java\jdk-20\bin\jsvml.dll
0x00007fff9a800000 - 0x00007fff9b09d000 	C:\WINDOWS\System32\SHELL32.dll
0x00007fff98800000 - 0x00007fff9893f000 	C:\WINDOWS\System32\wintypes.dll
0x00007fff96310000 - 0x00007fff96c2d000 	C:\WINDOWS\SYSTEM32\windows.storage.dll
0x00007fff9a6f0000 - 0x00007fff9a7fb000 	C:\WINDOWS\System32\SHCORE.dll
0x00007fff9a270000 - 0x00007fff9a2d6000 	C:\WINDOWS\System32\shlwapi.dll
0x00007fff98350000 - 0x00007fff9837b000 	C:\WINDOWS\SYSTEM32\profapi.dll
0x00007fff8cef0000 - 0x00007fff8cf08000 	C:\Program Files\Java\jdk-20\bin\zip.dll
0x00007fff82150000 - 0x00007fff82163000 	C:\Program Files\Java\jdk-20\bin\net.dll
0x00007fff94e00000 - 0x00007fff94f2c000 	C:\WINDOWS\SYSTEM32\WINHTTP.dll
0x00007fff979b0000 - 0x00007fff97a1a000 	C:\WINDOWS\system32\mswsock.dll
0x00007fff77d60000 - 0x00007fff77d76000 	C:\Program Files\Java\jdk-20\bin\nio.dll
0x00007fff81580000 - 0x00007fff81590000 	C:\Program Files\Java\jdk-20\bin\verify.dll
0x00007fff941f0000 - 0x00007fff94217000 	C:\Users\Ahmad Dzulfikar\.gradle\native\1def1411415f61bf3af743bc5b6707747c0891f09f0c88961ee8f79bc544acac\windows-amd64\native-platform.dll
0x00007fff00a30000 - 0x00007fff00aa8000 	C:\Users\Ahmad Dzulfikar\.gradle\native\0.2.7\x86_64-windows-gnu\gradle-fileevents.dll
0x00007fff80da0000 - 0x00007fff80daa000 	C:\Program Files\Java\jdk-20\bin\management.dll
0x00007fff776d0000 - 0x00007fff776db000 	C:\Program Files\Java\jdk-20\bin\management_ext.dll
0x00007fff99200000 - 0x00007fff99208000 	C:\WINDOWS\System32\PSAPI.DLL
0x00007fff96f50000 - 0x00007fff96f7d000 	C:\WINDOWS\SYSTEM32\IPHLPAPI.DLL
0x00007fff99720000 - 0x00007fff99729000 	C:\WINDOWS\System32\NSI.dll
0x00007fff93b70000 - 0x00007fff93b89000 	C:\WINDOWS\SYSTEM32\dhcpcsvc6.DLL
0x00007fff93b50000 - 0x00007fff93b6f000 	C:\WINDOWS\SYSTEM32\dhcpcsvc.DLL
0x00007fff96fd0000 - 0x00007fff970c8000 	C:\WINDOWS\SYSTEM32\DNSAPI.dll
0x00007fff683e0000 - 0x00007fff683e7000 	C:\Program Files\Java\jdk-20\bin\extnet.dll
0x00007fff97c20000 - 0x00007fff97c3b000 	C:\WINDOWS\SYSTEM32\CRYPTSP.dll
0x00007fff97480000 - 0x00007fff974b7000 	C:\WINDOWS\system32\rsaenh.dll
0x00007fff97ac0000 - 0x00007fff97ae8000 	C:\WINDOWS\SYSTEM32\USERENV.dll
0x00007fff97c40000 - 0x00007fff97c4c000 	C:\WINDOWS\SYSTEM32\CRYPTBASE.dll
0x00007fff59380000 - 0x00007fff5938e000 	C:\Program Files\Java\jdk-20\bin\sunmscapi.dll
0x00007fff98c10000 - 0x00007fff98d77000 	C:\WINDOWS\System32\CRYPT32.dll
0x00007fff97dc0000 - 0x00007fff97ded000 	C:\WINDOWS\SYSTEM32\ncrypt.dll
0x00007fff97d80000 - 0x00007fff97db7000 	C:\WINDOWS\SYSTEM32\NTASN1.dll
0x00007ffeff410000 - 0x00007ffeff418000 	C:\WINDOWS\system32\wshunix.dll

dbghelp: loaded successfully - version: 4.0.5 - missing functions: none
symbol engine: initialized successfully - sym options: 0x614 - pdb path: .;C:\Program Files\Java\jdk-20\bin;C:\WINDOWS\SYSTEM32;C:\WINDOWS\WinSxS\amd64_microsoft.windows.common-controls_6595b64144ccf1df_6.0.22621.5262_none_2712bde373830908;C:\Program Files\Java\jdk-20\bin\server;C:\Users\Ahmad Dzulfikar\.gradle\native\1def1411415f61bf3af743bc5b6707747c0891f09f0c88961ee8f79bc544acac\windows-amd64;C:\Users\Ahmad Dzulfikar\.gradle\native\0.2.7\x86_64-windows-gnu

VM Arguments:
jvm_args: --add-opens=java.base/java.lang=ALL-UNNAMED --add-opens=java.base/java.lang.invoke=ALL-UNNAMED --add-opens=java.base/java.util=ALL-UNNAMED --add-opens=java.prefs/java.util.prefs=ALL-UNNAMED --add-exports=jdk.compiler/com.sun.tools.javac.api=ALL-UNNAMED --add-exports=jdk.compiler/com.sun.tools.javac.util=ALL-UNNAMED --add-opens=java.base/java.util=ALL-UNNAMED --add-opens=java.prefs/java.util.prefs=ALL-UNNAMED --add-opens=java.base/java.nio.charset=ALL-UNNAMED --add-opens=java.base/java.net=ALL-UNNAMED --add-opens=java.base/java.util.concurrent.atomic=ALL-UNNAMED --add-opens=java.xml/javax.xml.namespace=ALL-UNNAMED -XX:MaxMetaspaceSize=384m -XX:+HeapDumpOnOutOfMemoryError -Xms256m -Xmx512m -Dfile.encoding=UTF-8 -Duser.country=ID -Duser.language=en -Duser.variant -javaagent:C:\Users\Ahmad Dzulfikar\.gradle\wrapper\dists\gradle-8.13-bin\5xuhj0ry160q40clulazy9h7d\gradle-8.13\lib\agents\gradle-instrumentation-agent-8.13.jar 
java_command: org.gradle.launcher.daemon.bootstrap.GradleDaemon 8.13
java_class_path (initial): C:\Users\Ahmad Dzulfikar\.gradle\wrapper\dists\gradle-8.13-bin\5xuhj0ry160q40clulazy9h7d\gradle-8.13\lib\gradle-daemon-main-8.13.jar
Launcher Type: SUN_STANDARD

[Global flags]
     intx CICompilerCount                          = 4                                         {product} {ergonomic}
   size_t CompressedClassSpaceSize                 = 322961408                                 {product} {ergonomic}
     uint ConcGCThreads                            = 2                                         {product} {ergonomic}
     uint G1ConcRefinementThreads                  = 8                                         {product} {ergonomic}
   size_t G1HeapRegionSize                         = 1048576                                   {product} {ergonomic}
    uintx GCDrainStackTargetSize                   = 64                                        {product} {ergonomic}
     bool HeapDumpOnOutOfMemoryError               = true                                   {manageable} {command line}
   size_t InitialHeapSize                          = 268435456                                 {product} {command line}
   size_t MarkStackSize                            = 4194304                                   {product} {ergonomic}
   size_t MaxHeapSize                              = 536870912                                 {product} {command line}
   size_t MaxMetaspaceSize                         = 402653184                                 {product} {command line}
   size_t MaxNewSize                               = 321912832                                 {product} {ergonomic}
   size_t MinHeapDeltaBytes                        = 1048576                                   {product} {ergonomic}
   size_t MinHeapSize                              = 268435456                                 {product} {command line}
    uintx NonNMethodCodeHeapSize                   = 5839372                                {pd product} {ergonomic}
    uintx NonProfiledCodeHeapSize                  = 122909434                              {pd product} {ergonomic}
    uintx ProfiledCodeHeapSize                     = 122909434                              {pd product} {ergonomic}
    uintx ReservedCodeCacheSize                    = 251658240                              {pd product} {ergonomic}
     bool SegmentedCodeCache                       = true                                      {product} {ergonomic}
   size_t SoftMaxHeapSize                          = 536870912                              {manageable} {ergonomic}
     bool UseCompressedClassPointers               = true                           {product lp64_product} {ergonomic}
     bool UseCompressedOops                        = true                           {product lp64_product} {ergonomic}
     bool UseG1GC                                  = true                                      {product} {ergonomic}
     bool UseLargePagesIndividualAllocation        = false                                  {pd product} {ergonomic}

Logging:
Log output configuration:
 #0: stdout all=warning uptime,level,tags foldmultilines=false
 #1: stderr all=off uptime,level,tags foldmultilines=false

Environment Variables:
JAVA_HOME=C:\Program Files\Java\jdk-20
PATH=C:\Program Files\Common Files\Oracle\Java\javapath;C:\Program Files (x86)\Common Files\Oracle\Java\javapath;C:\WINDOWS\system32;C:\WINDOWS;C:\WINDOWS\System32\Wbem;C:\WINDOWS\System32\WindowsPowerShell\v1.0\;C:\WINDOWS\System32\OpenSSH\;C:\Program Files\Git\cmd;C:\Program Files\Git\mingw64\bin;C:\Program Files\Git\usr\bin;C:\xampp\php;C:\ProgramData\ComposerSetup\bin;C:\Program Files\Microsoft SQL Server\150\Tools\Binn\;C:\Program Files\Microsoft SQL Server\Client SDK\ODBC\170\Tools\Binn\;C:\Program Files\dotnet\;C:\Program Files\Java\jdk-20\bin;C:\Program Files\PuTTY\;C:\Program Files\Docker\Docker\resources\bin;C:\Program Files\nodejs\;C:\Program Files\nodejs\node_modules\npm\bin;C:\Users\Ahmad Dzulfikar\.cargo\bin;C:\Users\Ahmad Dzulfikar\AppData\Local\Programs\Python\Python311\Scripts\;C:\Users\Ahmad Dzulfikar\AppData\Local\Programs\Python\Python311\;C:\Users\Ahmad Dzulfikar\AppData\Local\Microsoft\WindowsApps;C:\Users\Ahmad Dzulfikar\AppData\Local\Programs\Microsoft VS Code\bin;C:\Users\Ahmad Dzulfikar\AppData\Roaming\Composer\vendor\bin;C:\Users\Ahmad Dzulfikar\dev\flutter\bin;C:\Users\user\AppData\Local\Programs\Microsoft VS Code\bin;C:\Users\Ahmad Dzulfikar\.dotnet\tools;C:\Program Files\JetBrains\IntelliJ IDEA 2024.3.2.2\bin;;C:\Users\Ahmad Dzulfikar\Downloads\apache-maven-3.9.9-bin\apache-maven-3.9.9\bin;C:\Program Files\PostgreSQL\17\bin;C:\Users\Ahmad Dzulfikar\AppData\Roaming\npm
USERNAME=Ahmad Dzulfikar
OS=Windows_NT
PROCESSOR_IDENTIFIER=Intel64 Family 6 Model 140 Stepping 1, GenuineIntel
TMP=C:\Users\AHMADD~1\AppData\Local\Temp
TEMP=C:\Users\AHMADD~1\AppData\Local\Temp




---------------  S Y S T E M  ---------------

OS:
 Windows 11 , 64 bit Build 22621 (10.0.22621.5262)
OS uptime: 0 days 15:32 hours
Hyper-V role detected

CPU: total 8 (initial active 8) (4 cores per cpu, 2 threads per core) family 6 model 140 stepping 1 microcode 0x86, cx8, cmov, fxsr, ht, mmx, 3dnowpref, sse, sse2, sse3, ssse3, sse4.1, sse4.2, popcnt, lzcnt, tsc, tscinvbit, avx, avx2, aes, erms, clmul, bmi1, bmi2, adx, avx512f, avx512dq, avx512cd, avx512bw, avx512vl, sha, fma, vzeroupper, avx512_vpopcntdq, avx512_vpclmulqdq, avx512_vaes, avx512_vnni, clflush, clflushopt, clwb, avx512_vbmi2, avx512_vbmi, hv, rdtscp, rdpid, fsrm, gfni, avx512_bitalg, f16c, cet_ibt, cet_ss, avx512_ifma

Memory: 4k page, system-wide physical 16179M (573M free)
TotalPageFile size 46222M (AvailPageFile size 2M)
current process WorkingSet (physical memory assigned to process): 242M, peak: 242M
current process commit charge ("private bytes"): 424M, peak: 424M

vm_info: Java HotSpot(TM) 64-Bit Server VM (20.0.2+9-78) for windows-amd64 JRE (20.0.2+9-78), built on 2023-06-14T10:08:48Z by "mach5one" with MS VC++ 17.1 (VS2022)

END.
